CRITICAL - 2022-10-26 01:42:55 --> You must set the database table to be used with your query.
in SYSTEMPATH\Database\BaseConnection.php on line 872.
 1 SYSTEMPATH\Model.php(586): CodeIgniter\Database\BaseConnection->table(null)
 2 SYSTEMPATH\Model.php(763): CodeIgniter\Model->builder()
 3 APPPATH\Controllers\CUtama.php(66): CodeIgniter\Model->__call('select_surat', [])
 4 SYSTEMPATH\CodeIgniter.php(904): App\Controllers\CUtama->link_kelola_data_persyaratan()
 5 SYSTEMPATH\CodeIgniter.php(457): CodeIgniter\CodeIgniter->runController(Object(App\Controllers\CUtama))
 6 SYSTEMPATH\CodeIgniter.php(340): CodeIgniter\CodeIgniter->handleRequest(null, Object(Config\Cache), false)
 7 FCPATH\index.php(67): CodeIgniter\CodeIgniter->run()
ERROR - 2022-10-26 04:59:19 --> mysqli_sql_exception: Cannot delete or update a parent row: a foreign key constraint fails (`db_sikades`.`syarat_surat`, CONSTRAINT `syarat_surat_ibfk_2` FOREIGN KEY (`id_surat`) REFERENCES `surat` (`id_surat`)) in C:\xampp\htdocs\SIKADES4\system\Database\MySQLi\Connection.php:292
Stack trace:
#0 C:\xampp\htdocs\SIKADES4\system\Database\MySQLi\Connection.php(292): mysqli->query('DELETE FROM `su...', 0)
#1 C:\xampp\htdocs\SIKADES4\system\Database\BaseConnection.php(693): CodeIgniter\Database\MySQLi\Connection->execute('DELETE FROM `su...')
#2 C:\xampp\htdocs\SIKADES4\system\Database\BaseConnection.php(620): CodeIgniter\Database\BaseConnection->simpleQuery('DELETE FROM `su...')
#3 C:\xampp\htdocs\SIKADES4\system\Database\BaseBuilder.php(2390): CodeIgniter\Database\BaseConnection->query('DELETE FROM `su...', Array, false)
#4 C:\xampp\htdocs\SIKADES4\app\Models\MSekertaris.php(52): CodeIgniter\Database\BaseBuilder->delete()
#5 C:\xampp\htdocs\SIKADES4\app\Controllers\CSekertaris.php(83): App\Models\MSekertaris->proses_hapus_data_surat('SR-202210211921...')
#6 C:\xampp\htdocs\SIKADES4\system\CodeIgniter.php(904): App\Controllers\CSekertaris->hapus_data_surat('SR-202210211921...')
#7 C:\xampp\htdocs\SIKADES4\system\CodeIgniter.php(457): CodeIgniter\CodeIgniter->runController(Object(App\Controllers\CSekertaris))
#8 C:\xampp\htdocs\SIKADES4\system\CodeIgniter.php(340): CodeIgniter\CodeIgniter->handleRequest(NULL, Object(Config\Cache), false)
#9 C:\xampp\htdocs\SIKADES4\index.php(67): CodeIgniter\CodeIgniter->run()
#10 {main}
CRITICAL - 2022-10-26 04:59:19 --> Cannot delete or update a parent row: a foreign key constraint fails (`db_sikades`.`syarat_surat`, CONSTRAINT `syarat_surat_ibfk_2` FOREIGN KEY (`id_surat`) REFERENCES `surat` (`id_surat`))
in SYSTEMPATH\Database\MySQLi\Connection.php on line 292.
 1 SYSTEMPATH\Database\MySQLi\Connection.php(292): mysqli->query('DELETE FROM `surat`
WHERE `id_surat` = \'SR-20221021192120\'', 0)
 2 SYSTEMPATH\Database\BaseConnection.php(693): CodeIgniter\Database\MySQLi\Connection->execute('DELETE FROM `surat`
WHERE `id_surat` = \'SR-20221021192120\'')
 3 SYSTEMPATH\Database\BaseConnection.php(620): CodeIgniter\Database\BaseConnection->simpleQuery('DELETE FROM `surat`
WHERE `id_surat` = \'SR-20221021192120\'')
 4 SYSTEMPATH\Database\BaseBuilder.php(2390): CodeIgniter\Database\BaseConnection->query('DELETE FROM `surat`
WHERE `id_surat` = :id_surat:', [...], false)
 5 APPPATH\Models\MSekertaris.php(52): CodeIgniter\Database\BaseBuilder->delete()
 6 APPPATH\Controllers\CSekertaris.php(83): App\Models\MSekertaris->proses_hapus_data_surat('SR-20221021192120')
 7 SYSTEMPATH\CodeIgniter.php(904): App\Controllers\CSekertaris->hapus_data_surat('SR-20221021192120')
 8 SYSTEMPATH\CodeIgniter.php(457): CodeIgniter\CodeIgniter->runController(Object(App\Controllers\CSekertaris))
 9 SYSTEMPATH\CodeIgniter.php(340): CodeIgniter\CodeIgniter->handleRequest(null, Object(Config\Cache), false)
10 FCPATH\index.php(67): CodeIgniter\CodeIgniter->run()
CRITICAL - 2022-10-26 05:02:35 --> Undefined variable: datasurat
in APPPATH\Views\dashboard\pages\admin\v_kelola_data_persyaratan.php on line 84.
 1 APPPATH\Views\dashboard\pages\admin\v_kelola_data_persyaratan.php(84): CodeIgniter\Debug\Exceptions->errorHandler(8, 'Undefined variable: datasurat', 'APPPATH\\Views\\dashboard\\pages\\admin\\v_kelola_data_persyaratan.php', 84, [...])
 2 SYSTEMPATH\View\View.php(213): include('APPPATH\\Views\\dashboard\\pages\\admin\\v_kelola_data_persyaratan.php')
 3 SYSTEMPATH\View\View.php(216): CodeIgniter\View\View->CodeIgniter\View\{closure}()
 4 SYSTEMPATH\Common.php(1137): CodeIgniter\View\View->render('dashboard/pages/admin/v_kelola_data_persyaratan', [], true)
 5 APPPATH\Controllers\CUtama.php(77): view('dashboard/pages/admin/v_kelola_data_persyaratan', [...])
 6 SYSTEMPATH\CodeIgniter.php(904): App\Controllers\CUtama->link_kelola_data_persyaratan()
 7 SYSTEMPATH\CodeIgniter.php(457): CodeIgniter\CodeIgniter->runController(Object(App\Controllers\CUtama))
 8 SYSTEMPATH\CodeIgniter.php(340): CodeIgniter\CodeIgniter->handleRequest(null, Object(Config\Cache), false)
 9 FCPATH\index.php(67): CodeIgniter\CodeIgniter->run()
CRITICAL - 2022-10-26 05:03:38 --> Illegal string offset 'id_surat'
in APPPATH\Views\dashboard\pages\admin\v_kelola_data_persyaratan.php on line 85.
 1 APPPATH\Views\dashboard\pages\admin\v_kelola_data_persyaratan.php(85): CodeIgniter\Debug\Exceptions->errorHandler(2, 'Illegal string offset \'id_surat\'', 'APPPATH\\Views\\dashboard\\pages\\admin\\v_kelola_data_persyaratan.php', 85, [...])
 2 SYSTEMPATH\View\View.php(213): include('APPPATH\\Views\\dashboard\\pages\\admin\\v_kelola_data_persyaratan.php')
 3 SYSTEMPATH\View\View.php(216): CodeIgniter\View\View->CodeIgniter\View\{closure}()
 4 SYSTEMPATH\Common.php(1137): CodeIgniter\View\View->render('dashboard/pages/admin/v_kelola_data_persyaratan', [], true)
 5 APPPATH\Controllers\CUtama.php(77): view('dashboard/pages/admin/v_kelola_data_persyaratan', [...])
 6 SYSTEMPATH\CodeIgniter.php(904): App\Controllers\CUtama->link_kelola_data_persyaratan()
 7 SYSTEMPATH\CodeIgniter.php(457): CodeIgniter\CodeIgniter->runController(Object(App\Controllers\CUtama))
 8 SYSTEMPATH\CodeIgniter.php(340): CodeIgniter\CodeIgniter->handleRequest(null, Object(Config\Cache), false)
 9 FCPATH\index.php(67): CodeIgniter\CodeIgniter->run()
CRITICAL - 2022-10-26 05:04:07 --> Illegal string offset 'id_surat'
in APPPATH\Views\dashboard\pages\admin\v_kelola_data_persyaratan.php on line 85.
 1 APPPATH\Views\dashboard\pages\admin\v_kelola_data_persyaratan.php(85): CodeIgniter\Debug\Exceptions->errorHandler(2, 'Illegal string offset \'id_surat\'', 'APPPATH\\Views\\dashboard\\pages\\admin\\v_kelola_data_persyaratan.php', 85, [...])
 2 SYSTEMPATH\View\View.php(213): include('APPPATH\\Views\\dashboard\\pages\\admin\\v_kelola_data_persyaratan.php')
 3 SYSTEMPATH\View\View.php(216): CodeIgniter\View\View->CodeIgniter\View\{closure}()
 4 SYSTEMPATH\Common.php(1137): CodeIgniter\View\View->render('dashboard/pages/admin/v_kelola_data_persyaratan', [], true)
 5 APPPATH\Controllers\CUtama.php(77): view('dashboard/pages/admin/v_kelola_data_persyaratan', [...])
 6 SYSTEMPATH\CodeIgniter.php(904): App\Controllers\CUtama->link_kelola_data_persyaratan()
 7 SYSTEMPATH\CodeIgniter.php(457): CodeIgniter\CodeIgniter->runController(Object(App\Controllers\CUtama))
 8 SYSTEMPATH\CodeIgniter.php(340): CodeIgniter\CodeIgniter->handleRequest(null, Object(Config\Cache), false)
 9 FCPATH\index.php(67): CodeIgniter\CodeIgniter->run()
CRITICAL - 2022-10-26 05:07:20 --> Undefined index: id_surat
in APPPATH\Views\dashboard\pages\admin\v_kelola_data_persyaratan.php on line 85.
 1 APPPATH\Views\dashboard\pages\admin\v_kelola_data_persyaratan.php(85): CodeIgniter\Debug\Exceptions->errorHandler(8, 'Undefined index: id_surat', 'APPPATH\\Views\\dashboard\\pages\\admin\\v_kelola_data_persyaratan.php', 85, [...])
 2 SYSTEMPATH\View\View.php(213): include('APPPATH\\Views\\dashboard\\pages\\admin\\v_kelola_data_persyaratan.php')
 3 SYSTEMPATH\View\View.php(216): CodeIgniter\View\View->CodeIgniter\View\{closure}()
 4 SYSTEMPATH\Common.php(1137): CodeIgniter\View\View->render('dashboard/pages/admin/v_kelola_data_persyaratan', [], true)
 5 APPPATH\Controllers\CUtama.php(77): view('dashboard/pages/admin/v_kelola_data_persyaratan', [...])
 6 SYSTEMPATH\CodeIgniter.php(904): App\Controllers\CUtama->link_kelola_data_persyaratan()
 7 SYSTEMPATH\CodeIgniter.php(457): CodeIgniter\CodeIgniter->runController(Object(App\Controllers\CUtama))
 8 SYSTEMPATH\CodeIgniter.php(340): CodeIgniter\CodeIgniter->handleRequest(null, Object(Config\Cache), false)
 9 FCPATH\index.php(67): CodeIgniter\CodeIgniter->run()
ERROR - 2022-10-26 05:08:32 --> mysqli_sql_exception: The used SELECT statements have a different number of columns in C:\xampp\htdocs\SIKADES4\system\Database\MySQLi\Connection.php:292
Stack trace:
#0 C:\xampp\htdocs\SIKADES4\system\Database\MySQLi\Connection.php(292): mysqli->query('SELECT id_surat...', 0)
#1 C:\xampp\htdocs\SIKADES4\system\Database\BaseConnection.php(693): CodeIgniter\Database\MySQLi\Connection->execute('SELECT id_surat...')
#2 C:\xampp\htdocs\SIKADES4\system\Database\BaseConnection.php(620): CodeIgniter\Database\BaseConnection->simpleQuery('SELECT id_surat...')
#3 C:\xampp\htdocs\SIKADES4\app\Models\MSekertaris.php(78): CodeIgniter\Database\BaseConnection->query('SELECT id_surat...')
#4 C:\xampp\htdocs\SIKADES4\app\Controllers\CUtama.php(65): App\Models\MSekertaris->select_surat()
#5 C:\xampp\htdocs\SIKADES4\system\CodeIgniter.php(904): App\Controllers\CUtama->link_kelola_data_persyaratan()
#6 C:\xampp\htdocs\SIKADES4\system\CodeIgniter.php(457): CodeIgniter\CodeIgniter->runController(Object(App\Controllers\CUtama))
#7 C:\xampp\htdocs\SIKADES4\system\CodeIgniter.php(340): CodeIgniter\CodeIgniter->handleRequest(NULL, Object(Config\Cache), false)
#8 C:\xampp\htdocs\SIKADES4\index.php(67): CodeIgniter\CodeIgniter->run()
#9 {main}
CRITICAL - 2022-10-26 05:08:32 --> The used SELECT statements have a different number of columns
in SYSTEMPATH\Database\MySQLi\Connection.php on line 292.
 1 SYSTEMPATH\Database\MySQLi\Connection.php(292): mysqli->query('SELECT id_surat, nama_surat FROM surat EXCEPT SELECT surat.nama_surat FROM syarat_surat INNER JOIN surat ON surat.id_surat=syarat_surat.id_surat', 0)
 2 SYSTEMPATH\Database\BaseConnection.php(693): CodeIgniter\Database\MySQLi\Connection->execute('SELECT id_surat, nama_surat FROM surat EXCEPT SELECT surat.nama_surat FROM syarat_surat INNER JOIN surat ON surat.id_surat=syarat_surat.id_surat')
 3 SYSTEMPATH\Database\BaseConnection.php(620): CodeIgniter\Database\BaseConnection->simpleQuery('SELECT id_surat, nama_surat FROM surat EXCEPT SELECT surat.nama_surat FROM syarat_surat INNER JOIN surat ON surat.id_surat=syarat_surat.id_surat')
 4 APPPATH\Models\MSekertaris.php(78): CodeIgniter\Database\BaseConnection->query('SELECT id_surat, nama_surat FROM surat EXCEPT SELECT surat.nama_surat FROM syarat_surat INNER JOIN surat ON surat.id_surat=syarat_surat.id_surat')
 5 APPPATH\Controllers\CUtama.php(65): App\Models\MSekertaris->select_surat()
 6 SYSTEMPATH\CodeIgniter.php(904): App\Controllers\CUtama->link_kelola_data_persyaratan()
 7 SYSTEMPATH\CodeIgniter.php(457): CodeIgniter\CodeIgniter->runController(Object(App\Controllers\CUtama))
 8 SYSTEMPATH\CodeIgniter.php(340): CodeIgniter\CodeIgniter->handleRequest(null, Object(Config\Cache), false)
 9 FCPATH\index.php(67): CodeIgniter\CodeIgniter->run()
ERROR - 2022-10-26 05:09:18 --> mysqli_sql_exception: The used SELECT statements have a different number of columns in C:\xampp\htdocs\SIKADES4\system\Database\MySQLi\Connection.php:292
Stack trace:
#0 C:\xampp\htdocs\SIKADES4\system\Database\MySQLi\Connection.php(292): mysqli->query('SELECT nama_sur...', 0)
#1 C:\xampp\htdocs\SIKADES4\system\Database\BaseConnection.php(693): CodeIgniter\Database\MySQLi\Connection->execute('SELECT nama_sur...')
#2 C:\xampp\htdocs\SIKADES4\system\Database\BaseConnection.php(620): CodeIgniter\Database\BaseConnection->simpleQuery('SELECT nama_sur...')
#3 C:\xampp\htdocs\SIKADES4\app\Models\MSekertaris.php(78): CodeIgniter\Database\BaseConnection->query('SELECT nama_sur...')
#4 C:\xampp\htdocs\SIKADES4\app\Controllers\CUtama.php(65): App\Models\MSekertaris->select_surat()
#5 C:\xampp\htdocs\SIKADES4\system\CodeIgniter.php(904): App\Controllers\CUtama->link_kelola_data_persyaratan()
#6 C:\xampp\htdocs\SIKADES4\system\CodeIgniter.php(457): CodeIgniter\CodeIgniter->runController(Object(App\Controllers\CUtama))
#7 C:\xampp\htdocs\SIKADES4\system\CodeIgniter.php(340): CodeIgniter\CodeIgniter->handleRequest(NULL, Object(Config\Cache), false)
#8 C:\xampp\htdocs\SIKADES4\index.php(67): CodeIgniter\CodeIgniter->run()
#9 {main}
CRITICAL - 2022-10-26 05:09:18 --> The used SELECT statements have a different number of columns
in SYSTEMPATH\Database\MySQLi\Connection.php on line 292.
 1 SYSTEMPATH\Database\MySQLi\Connection.php(292): mysqli->query('SELECT nama_surat, id_surat FROM surat EXCEPT SELECT surat.nama_surat FROM syarat_surat INNER JOIN surat ON surat.id_surat=syarat_surat.id_surat', 0)
 2 SYSTEMPATH\Database\BaseConnection.php(693): CodeIgniter\Database\MySQLi\Connection->execute('SELECT nama_surat, id_surat FROM surat EXCEPT SELECT surat.nama_surat FROM syarat_surat INNER JOIN surat ON surat.id_surat=syarat_surat.id_surat')
 3 SYSTEMPATH\Database\BaseConnection.php(620): CodeIgniter\Database\BaseConnection->simpleQuery('SELECT nama_surat, id_surat FROM surat EXCEPT SELECT surat.nama_surat FROM syarat_surat INNER JOIN surat ON surat.id_surat=syarat_surat.id_surat')
 4 APPPATH\Models\MSekertaris.php(78): CodeIgniter\Database\BaseConnection->query('SELECT nama_surat, id_surat FROM surat EXCEPT SELECT surat.nama_surat FROM syarat_surat INNER JOIN surat ON surat.id_surat=syarat_surat.id_surat')
 5 APPPATH\Controllers\CUtama.php(65): App\Models\MSekertaris->select_surat()
 6 SYSTEMPATH\CodeIgniter.php(904): App\Controllers\CUtama->link_kelola_data_persyaratan()
 7 SYSTEMPATH\CodeIgniter.php(457): CodeIgniter\CodeIgniter->runController(Object(App\Controllers\CUtama))
 8 SYSTEMPATH\CodeIgniter.php(340): CodeIgniter\CodeIgniter->handleRequest(null, Object(Config\Cache), false)
 9 FCPATH\index.php(67): CodeIgniter\CodeIgniter->run()
ERROR - 2022-10-26 05:09:29 --> mysqli_sql_exception: Operand should contain 1 column(s) in C:\xampp\htdocs\SIKADES4\system\Database\MySQLi\Connection.php:292
Stack trace:
#0 C:\xampp\htdocs\SIKADES4\system\Database\MySQLi\Connection.php(292): mysqli->query('SELECT (nama_su...', 0)
#1 C:\xampp\htdocs\SIKADES4\system\Database\BaseConnection.php(693): CodeIgniter\Database\MySQLi\Connection->execute('SELECT (nama_su...')
#2 C:\xampp\htdocs\SIKADES4\system\Database\BaseConnection.php(620): CodeIgniter\Database\BaseConnection->simpleQuery('SELECT (nama_su...')
#3 C:\xampp\htdocs\SIKADES4\app\Models\MSekertaris.php(78): CodeIgniter\Database\BaseConnection->query('SELECT (nama_su...')
#4 C:\xampp\htdocs\SIKADES4\app\Controllers\CUtama.php(65): App\Models\MSekertaris->select_surat()
#5 C:\xampp\htdocs\SIKADES4\system\CodeIgniter.php(904): App\Controllers\CUtama->link_kelola_data_persyaratan()
#6 C:\xampp\htdocs\SIKADES4\system\CodeIgniter.php(457): CodeIgniter\CodeIgniter->runController(Object(App\Controllers\CUtama))
#7 C:\xampp\htdocs\SIKADES4\system\CodeIgniter.php(340): CodeIgniter\CodeIgniter->handleRequest(NULL, Object(Config\Cache), false)
#8 C:\xampp\htdocs\SIKADES4\index.php(67): CodeIgniter\CodeIgniter->run()
#9 {main}
CRITICAL - 2022-10-26 05:09:29 --> Operand should contain 1 column(s)
in SYSTEMPATH\Database\MySQLi\Connection.php on line 292.
 1 SYSTEMPATH\Database\MySQLi\Connection.php(292): mysqli->query('SELECT (nama_surat, id_surat) FROM surat EXCEPT SELECT surat.nama_surat FROM syarat_surat INNER JOIN surat ON surat.id_surat=syarat_surat.id_surat', 0)
 2 SYSTEMPATH\Database\BaseConnection.php(693): CodeIgniter\Database\MySQLi\Connection->execute('SELECT (nama_surat, id_surat) FROM surat EXCEPT SELECT surat.nama_surat FROM syarat_surat INNER JOIN surat ON surat.id_surat=syarat_surat.id_surat')
 3 SYSTEMPATH\Database\BaseConnection.php(620): CodeIgniter\Database\BaseConnection->simpleQuery('SELECT (nama_surat, id_surat) FROM surat EXCEPT SELECT surat.nama_surat FROM syarat_surat INNER JOIN surat ON surat.id_surat=syarat_surat.id_surat')
 4 APPPATH\Models\MSekertaris.php(78): CodeIgniter\Database\BaseConnection->query('SELECT (nama_surat, id_surat) FROM surat EXCEPT SELECT surat.nama_surat FROM syarat_surat INNER JOIN surat ON surat.id_surat=syarat_surat.id_surat')
 5 APPPATH\Controllers\CUtama.php(65): App\Models\MSekertaris->select_surat()
 6 SYSTEMPATH\CodeIgniter.php(904): App\Controllers\CUtama->link_kelola_data_persyaratan()
 7 SYSTEMPATH\CodeIgniter.php(457): CodeIgniter\CodeIgniter->runController(Object(App\Controllers\CUtama))
 8 SYSTEMPATH\CodeIgniter.php(340): CodeIgniter\CodeIgniter->handleRequest(null, Object(Config\Cache), false)
 9 FCPATH\index.php(67): CodeIgniter\CodeIgniter->run()
CRITICAL - 2022-10-26 06:41:52 --> Undefined index: id_surat_edit
in APPPATH\Views\dashboard\pages\admin\v_kelola_data_persyaratan.php on line 136.
 1 APPPATH\Views\dashboard\pages\admin\v_kelola_data_persyaratan.php(136): CodeIgniter\Debug\Exceptions->errorHandler(8, 'Undefined index: id_surat_edit', 'APPPATH\\Views\\dashboard\\pages\\admin\\v_kelola_data_persyaratan.php', 136, [...])
 2 SYSTEMPATH\View\View.php(213): include('APPPATH\\Views\\dashboard\\pages\\admin\\v_kelola_data_persyaratan.php')
 3 SYSTEMPATH\View\View.php(216): CodeIgniter\View\View->CodeIgniter\View\{closure}()
 4 SYSTEMPATH\Common.php(1137): CodeIgniter\View\View->render('dashboard/pages/admin/v_kelola_data_persyaratan', [], true)
 5 APPPATH\Controllers\CUtama.php(77): view('dashboard/pages/admin/v_kelola_data_persyaratan', [...])
 6 SYSTEMPATH\CodeIgniter.php(904): App\Controllers\CUtama->link_kelola_data_persyaratan()
 7 SYSTEMPATH\CodeIgniter.php(457): CodeIgniter\CodeIgniter->runController(Object(App\Controllers\CUtama))
 8 SYSTEMPATH\CodeIgniter.php(340): CodeIgniter\CodeIgniter->handleRequest(null, Object(Config\Cache), false)
 9 FCPATH\index.php(67): CodeIgniter\CodeIgniter->run()
ERROR - 2022-10-26 06:57:16 --> mysqli_sql_exception: Cannot delete or update a parent row: a foreign key constraint fails (`db_sikades`.`syarat_surat`, CONSTRAINT `syarat_surat_ibfk_1` FOREIGN KEY (`id_syarat`) REFERENCES `syarat` (`id_syarat`)) in C:\xampp\htdocs\SIKADES4\system\Database\MySQLi\Connection.php:292
Stack trace:
#0 C:\xampp\htdocs\SIKADES4\system\Database\MySQLi\Connection.php(292): mysqli->query('DELETE FROM `sy...', 0)
#1 C:\xampp\htdocs\SIKADES4\system\Database\BaseConnection.php(693): CodeIgniter\Database\MySQLi\Connection->execute('DELETE FROM `sy...')
#2 C:\xampp\htdocs\SIKADES4\system\Database\BaseConnection.php(620): CodeIgniter\Database\BaseConnection->simpleQuery('DELETE FROM `sy...')
#3 C:\xampp\htdocs\SIKADES4\system\Database\BaseBuilder.php(2390): CodeIgniter\Database\BaseConnection->query('DELETE FROM `sy...', Array, false)
#4 C:\xampp\htdocs\SIKADES4\app\Models\MSekertaris.php(62): CodeIgniter\Database\BaseBuilder->delete()
#5 C:\xampp\htdocs\SIKADES4\app\Controllers\CSekertaris.php(108): App\Models\MSekertaris->proses_hapus_data_syarat('SY-202210261854...')
#6 C:\xampp\htdocs\SIKADES4\system\CodeIgniter.php(904): App\Controllers\CSekertaris->hapus_data_syarat('SY-202210261854...')
#7 C:\xampp\htdocs\SIKADES4\system\CodeIgniter.php(457): CodeIgniter\CodeIgniter->runController(Object(App\Controllers\CSekertaris))
#8 C:\xampp\htdocs\SIKADES4\system\CodeIgniter.php(340): CodeIgniter\CodeIgniter->handleRequest(NULL, Object(Config\Cache), false)
#9 C:\xampp\htdocs\SIKADES4\index.php(67): CodeIgniter\CodeIgniter->run()
#10 {main}
CRITICAL - 2022-10-26 06:57:16 --> Cannot delete or update a parent row: a foreign key constraint fails (`db_sikades`.`syarat_surat`, CONSTRAINT `syarat_surat_ibfk_1` FOREIGN KEY (`id_syarat`) REFERENCES `syarat` (`id_syarat`))
in SYSTEMPATH\Database\MySQLi\Connection.php on line 292.
 1 SYSTEMPATH\Database\MySQLi\Connection.php(292): mysqli->query('DELETE FROM `syarat`
WHERE `id_syarat` = \'SY-20221026185452\'', 0)
 2 SYSTEMPATH\Database\BaseConnection.php(693): CodeIgniter\Database\MySQLi\Connection->execute('DELETE FROM `syarat`
WHERE `id_syarat` = \'SY-20221026185452\'')
 3 SYSTEMPATH\Database\BaseConnection.php(620): CodeIgniter\Database\BaseConnection->simpleQuery('DELETE FROM `syarat`
WHERE `id_syarat` = \'SY-20221026185452\'')
 4 SYSTEMPATH\Database\BaseBuilder.php(2390): CodeIgniter\Database\BaseConnection->query('DELETE FROM `syarat`
WHERE `id_syarat` = :id_syarat:', [...], false)
 5 APPPATH\Models\MSekertaris.php(62): CodeIgniter\Database\BaseBuilder->delete()
 6 APPPATH\Controllers\CSekertaris.php(108): App\Models\MSekertaris->proses_hapus_data_syarat('SY-20221026185452')
 7 SYSTEMPATH\CodeIgniter.php(904): App\Controllers\CSekertaris->hapus_data_syarat('SY-20221026185452')
 8 SYSTEMPATH\CodeIgniter.php(457): CodeIgniter\CodeIgniter->runController(Object(App\Controllers\CSekertaris))
 9 SYSTEMPATH\CodeIgniter.php(340): CodeIgniter\CodeIgniter->handleRequest(null, Object(Config\Cache), false)
10 FCPATH\index.php(67): CodeIgniter\CodeIgniter->run()
ERROR - 2022-10-26 09:58:41 --> mysqli_sql_exception: Cannot add or update a child row: a foreign key constraint fails (`db_sikades`.`syarat_surat`, CONSTRAINT `syarat_surat_ibfk_1` FOREIGN KEY (`id_syarat`) REFERENCES `syarat` (`id_syarat`)) in C:\xampp\htdocs\SIKADES4\system\Database\MySQLi\Connection.php:292
Stack trace:
#0 C:\xampp\htdocs\SIKADES4\system\Database\MySQLi\Connection.php(292): mysqli->query('UPDATE `syarat_...', 0)
#1 C:\xampp\htdocs\SIKADES4\system\Database\BaseConnection.php(693): CodeIgniter\Database\MySQLi\Connection->execute('UPDATE `syarat_...')
#2 C:\xampp\htdocs\SIKADES4\system\Database\BaseConnection.php(620): CodeIgniter\Database\BaseConnection->simpleQuery('UPDATE `syarat_...')
#3 C:\xampp\htdocs\SIKADES4\system\Database\BaseBuilder.php(2078): CodeIgniter\Database\BaseConnection->query('UPDATE `syarat_...', Array, false)
#4 C:\xampp\htdocs\SIKADES4\app\Models\MSekertaris.php(57): CodeIgniter\Database\BaseBuilder->update(Array)
#5 C:\xampp\htdocs\SIKADES4\app\Controllers\CSekertaris.php(101): App\Models\MSekertaris->proses_ubah_data_persyaratan(Array, 'PSY-20221026183...')
#6 C:\xampp\htdocs\SIKADES4\system\CodeIgniter.php(904): App\Controllers\CSekertaris->ubah_data_persyaratan()
#7 C:\xampp\htdocs\SIKADES4\system\CodeIgniter.php(457): CodeIgniter\CodeIgniter->runController(Object(App\Controllers\CSekertaris))
#8 C:\xampp\htdocs\SIKADES4\system\CodeIgniter.php(340): CodeIgniter\CodeIgniter->handleRequest(NULL, Object(Config\Cache), false)
#9 C:\xampp\htdocs\SIKADES4\index.php(67): CodeIgniter\CodeIgniter->run()
#10 {main}
CRITICAL - 2022-10-26 09:58:41 --> Cannot add or update a child row: a foreign key constraint fails (`db_sikades`.`syarat_surat`, CONSTRAINT `syarat_surat_ibfk_1` FOREIGN KEY (`id_syarat`) REFERENCES `syarat` (`id_syarat`))
in SYSTEMPATH\Database\MySQLi\Connection.php on line 292.
 1 SYSTEMPATH\Database\MySQLi\Connection.php(292): mysqli->query('UPDATE `syarat_surat` SET `id_syarat` = \'-- Pilih Syarat --\'
WHERE `id_syarat_surat` = \'PSY-20221026183848\'', 0)
 2 SYSTEMPATH\Database\BaseConnection.php(693): CodeIgniter\Database\MySQLi\Connection->execute('UPDATE `syarat_surat` SET `id_syarat` = \'-- Pilih Syarat --\'
WHERE `id_syarat_surat` = \'PSY-20221026183848\'')
 3 SYSTEMPATH\Database\BaseConnection.php(620): CodeIgniter\Database\BaseConnection->simpleQuery('UPDATE `syarat_surat` SET `id_syarat` = \'-- Pilih Syarat --\'
WHERE `id_syarat_surat` = \'PSY-20221026183848\'')
 4 SYSTEMPATH\Database\BaseBuilder.php(2078): CodeIgniter\Database\BaseConnection->query('UPDATE `syarat_surat` SET `id_syarat` = :id_syarat:
WHERE `id_syarat_surat` = :id_syarat_surat:', [...], false)
 5 APPPATH\Models\MSekertaris.php(57): CodeIgniter\Database\BaseBuilder->update([...])
 6 APPPATH\Controllers\CSekertaris.php(101): App\Models\MSekertaris->proses_ubah_data_persyaratan([...], 'PSY-20221026183848')
 7 SYSTEMPATH\CodeIgniter.php(904): App\Controllers\CSekertaris->ubah_data_persyaratan()
 8 SYSTEMPATH\CodeIgniter.php(457): CodeIgniter\CodeIgniter->runController(Object(App\Controllers\CSekertaris))
 9 SYSTEMPATH\CodeIgniter.php(340): CodeIgniter\CodeIgniter->handleRequest(null, Object(Config\Cache), false)
10 FCPATH\index.php(67): CodeIgniter\CodeIgniter->run()
CRITICAL - 2022-10-26 10:10:55 --> Undefined variable: datasyarat
in APPPATH\Views\dashboard\pages\admin\v_kelola_data_syarat.php on line 39.
 1 APPPATH\Views\dashboard\pages\admin\v_kelola_data_syarat.php(39): CodeIgniter\Debug\Exceptions->errorHandler(8, 'Undefined variable: datasyarat', 'APPPATH\\Views\\dashboard\\pages\\admin\\v_kelola_data_syarat.php', 39, [...])
 2 SYSTEMPATH\View\View.php(213): include('APPPATH\\Views\\dashboard\\pages\\admin\\v_kelola_data_syarat.php')
 3 SYSTEMPATH\View\View.php(216): CodeIgniter\View\View->CodeIgniter\View\{closure}()
 4 SYSTEMPATH\Common.php(1137): CodeIgniter\View\View->render('dashboard/pages/admin/v_kelola_data_syarat', [], true)
 5 APPPATH\Controllers\CSekertaris.php(189): view('dashboard/pages/admin/v_kelola_data_syarat', [...])
 6 SYSTEMPATH\CodeIgniter.php(904): App\Controllers\CSekertaris->proses_cari_data_persyaratan()
 7 SYSTEMPATH\CodeIgniter.php(457): CodeIgniter\CodeIgniter->runController(Object(App\Controllers\CSekertaris))
 8 SYSTEMPATH\CodeIgniter.php(340): CodeIgniter\CodeIgniter->handleRequest(null, Object(Config\Cache), false)
 9 FCPATH\index.php(67): CodeIgniter\CodeIgniter->run()
CRITICAL - 2022-10-26 10:11:02 --> Undefined variable: datasyarat
in APPPATH\Views\dashboard\pages\admin\v_kelola_data_syarat.php on line 39.
 1 APPPATH\Views\dashboard\pages\admin\v_kelola_data_syarat.php(39): CodeIgniter\Debug\Exceptions->errorHandler(8, 'Undefined variable: datasyarat', 'APPPATH\\Views\\dashboard\\pages\\admin\\v_kelola_data_syarat.php', 39, [...])
 2 SYSTEMPATH\View\View.php(213): include('APPPATH\\Views\\dashboard\\pages\\admin\\v_kelola_data_syarat.php')
 3 SYSTEMPATH\View\View.php(216): CodeIgniter\View\View->CodeIgniter\View\{closure}()
 4 SYSTEMPATH\Common.php(1137): CodeIgniter\View\View->render('dashboard/pages/admin/v_kelola_data_syarat', [], true)
 5 APPPATH\Controllers\CSekertaris.php(189): view('dashboard/pages/admin/v_kelola_data_syarat', [...])
 6 SYSTEMPATH\CodeIgniter.php(904): App\Controllers\CSekertaris->proses_cari_data_persyaratan()
 7 SYSTEMPATH\CodeIgniter.php(457): CodeIgniter\CodeIgniter->runController(Object(App\Controllers\CSekertaris))
 8 SYSTEMPATH\CodeIgniter.php(340): CodeIgniter\CodeIgniter->handleRequest(null, Object(Config\Cache), false)
 9 FCPATH\index.php(67): CodeIgniter\CodeIgniter->run()
CRITICAL - 2022-10-26 10:12:35 --> Undefined variable: selectsurat
in APPPATH\Views\dashboard\pages\admin\v_kelola_data_persyaratan.php on line 84.
 1 APPPATH\Views\dashboard\pages\admin\v_kelola_data_persyaratan.php(84): CodeIgniter\Debug\Exceptions->errorHandler(8, 'Undefined variable: selectsurat', 'APPPATH\\Views\\dashboard\\pages\\admin\\v_kelola_data_persyaratan.php', 84, [...])
 2 SYSTEMPATH\View\View.php(213): include('APPPATH\\Views\\dashboard\\pages\\admin\\v_kelola_data_persyaratan.php')
 3 SYSTEMPATH\View\View.php(216): CodeIgniter\View\View->CodeIgniter\View\{closure}()
 4 SYSTEMPATH\Common.php(1137): CodeIgniter\View\View->render('dashboard/pages/admin/v_kelola_data_persyaratan', [], true)
 5 APPPATH\Controllers\CSekertaris.php(189): view('dashboard/pages/admin/v_kelola_data_persyaratan', [...])
 6 SYSTEMPATH\CodeIgniter.php(904): App\Controllers\CSekertaris->proses_cari_data_persyaratan()
 7 SYSTEMPATH\CodeIgniter.php(457): CodeIgniter\CodeIgniter->runController(Object(App\Controllers\CSekertaris))
 8 SYSTEMPATH\CodeIgniter.php(340): CodeIgniter\CodeIgniter->handleRequest(null, Object(Config\Cache), false)
 9 FCPATH\index.php(67): CodeIgniter\CodeIgniter->run()
CRITICAL - 2022-10-26 10:12:43 --> Undefined variable: selectsurat
in APPPATH\Views\dashboard\pages\admin\v_kelola_data_persyaratan.php on line 84.
 1 APPPATH\Views\dashboard\pages\admin\v_kelola_data_persyaratan.php(84): CodeIgniter\Debug\Exceptions->errorHandler(8, 'Undefined variable: selectsurat', 'APPPATH\\Views\\dashboard\\pages\\admin\\v_kelola_data_persyaratan.php', 84, [...])
 2 SYSTEMPATH\View\View.php(213): include('APPPATH\\Views\\dashboard\\pages\\admin\\v_kelola_data_persyaratan.php')
 3 SYSTEMPATH\View\View.php(216): CodeIgniter\View\View->CodeIgniter\View\{closure}()
 4 SYSTEMPATH\Common.php(1137): CodeIgniter\View\View->render('dashboard/pages/admin/v_kelola_data_persyaratan', [], true)
 5 APPPATH\Controllers\CSekertaris.php(189): view('dashboard/pages/admin/v_kelola_data_persyaratan', [...])
 6 SYSTEMPATH\CodeIgniter.php(904): App\Controllers\CSekertaris->proses_cari_data_persyaratan()
 7 SYSTEMPATH\CodeIgniter.php(457): CodeIgniter\CodeIgniter->runController(Object(App\Controllers\CSekertaris))
 8 SYSTEMPATH\CodeIgniter.php(340): CodeIgniter\CodeIgniter->handleRequest(null, Object(Config\Cache), false)
 9 FCPATH\index.php(67): CodeIgniter\CodeIgniter->run()
