CRITICAL - 2022-11-01 05:43:27 --> Call to a member function tampilkan_data_konfirmasi_surat_masuk() on null
in APPPATH\Controllers\CUtama.php on line 135.
 1 SYSTEMPATH\CodeIgniter.php(904): App\Controllers\CUtama->link_konfirmasi_surat_masuk()
 2 SYSTEMPATH\CodeIgniter.php(457): CodeIgniter\CodeIgniter->runController(Object(App\Controllers\CUtama))
 3 SYSTEMPATH\CodeIgniter.php(340): CodeIgniter\CodeIgniter->handleRequest(null, Object(Config\Cache), false)
 4 FCPATH\index.php(67): CodeIgniter\CodeIgniter->run()
CRITICAL - 2022-11-01 05:43:46 --> Call to a member function tampilkan_data_konfirmasi_surat_masuk() on null
in APPPATH\Controllers\CUtama.php on line 135.
 1 SYSTEMPATH\CodeIgniter.php(904): App\Controllers\CUtama->link_konfirmasi_surat_masuk()
 2 SYSTEMPATH\CodeIgniter.php(457): CodeIgniter\CodeIgniter->runController(Object(App\Controllers\CUtama))
 3 SYSTEMPATH\CodeIgniter.php(340): CodeIgniter\CodeIgniter->handleRequest(null, Object(Config\Cache), false)
 4 FCPATH\index.php(67): CodeIgniter\CodeIgniter->run()
CRITICAL - 2022-11-01 05:43:52 --> Call to a member function tampilkan_data_konfirmasi_surat_masuk() on null
in APPPATH\Controllers\CUtama.php on line 135.
 1 SYSTEMPATH\CodeIgniter.php(904): App\Controllers\CUtama->link_konfirmasi_surat_masuk()
 2 SYSTEMPATH\CodeIgniter.php(457): CodeIgniter\CodeIgniter->runController(Object(App\Controllers\CUtama))
 3 SYSTEMPATH\CodeIgniter.php(340): CodeIgniter\CodeIgniter->handleRequest(null, Object(Config\Cache), false)
 4 FCPATH\index.php(67): CodeIgniter\CodeIgniter->run()
CRITICAL - 2022-11-01 05:44:33 --> Call to a member function tampilkan_data_konfirmasi_surat_masuk() on null
in APPPATH\Controllers\CUtama.php on line 135.
 1 SYSTEMPATH\CodeIgniter.php(904): App\Controllers\CUtama->link_konfirmasi_surat_masuk()
 2 SYSTEMPATH\CodeIgniter.php(457): CodeIgniter\CodeIgniter->runController(Object(App\Controllers\CUtama))
 3 SYSTEMPATH\CodeIgniter.php(340): CodeIgniter\CodeIgniter->handleRequest(null, Object(Config\Cache), false)
 4 FCPATH\index.php(67): CodeIgniter\CodeIgniter->run()
CRITICAL - 2022-11-01 05:44:37 --> Call to a member function tampilkan_data_konfirmasi_surat_masuk() on null
in APPPATH\Controllers\CUtama.php on line 135.
 1 SYSTEMPATH\CodeIgniter.php(904): App\Controllers\CUtama->link_konfirmasi_surat_masuk()
 2 SYSTEMPATH\CodeIgniter.php(457): CodeIgniter\CodeIgniter->runController(Object(App\Controllers\CUtama))
 3 SYSTEMPATH\CodeIgniter.php(340): CodeIgniter\CodeIgniter->handleRequest(null, Object(Config\Cache), false)
 4 FCPATH\index.php(67): CodeIgniter\CodeIgniter->run()
CRITICAL - 2022-11-01 05:45:05 --> Call to a member function tampilkan_data_konfirmasi_surat_masuk() on null
in APPPATH\Controllers\CUtama.php on line 135.
 1 SYSTEMPATH\CodeIgniter.php(904): App\Controllers\CUtama->link_konfirmasi_surat_masuk()
 2 SYSTEMPATH\CodeIgniter.php(457): CodeIgniter\CodeIgniter->runController(Object(App\Controllers\CUtama))
 3 SYSTEMPATH\CodeIgniter.php(340): CodeIgniter\CodeIgniter->handleRequest(null, Object(Config\Cache), false)
 4 FCPATH\index.php(67): CodeIgniter\CodeIgniter->run()
CRITICAL - 2022-11-01 05:45:21 --> Call to a member function tampilkan_data_konfirmasi_surat_masuk() on null
in APPPATH\Controllers\CUtama.php on line 135.
 1 SYSTEMPATH\CodeIgniter.php(904): App\Controllers\CUtama->link_konfirmasi_surat_masuk()
 2 SYSTEMPATH\CodeIgniter.php(457): CodeIgniter\CodeIgniter->runController(Object(App\Controllers\CUtama))
 3 SYSTEMPATH\CodeIgniter.php(340): CodeIgniter\CodeIgniter->handleRequest(null, Object(Config\Cache), false)
 4 FCPATH\index.php(67): CodeIgniter\CodeIgniter->run()
CRITICAL - 2022-11-01 05:45:23 --> Call to a member function tampilkan_data_konfirmasi_surat_masuk() on null
in APPPATH\Controllers\CUtama.php on line 135.
 1 SYSTEMPATH\CodeIgniter.php(904): App\Controllers\CUtama->link_konfirmasi_surat_masuk()
 2 SYSTEMPATH\CodeIgniter.php(457): CodeIgniter\CodeIgniter->runController(Object(App\Controllers\CUtama))
 3 SYSTEMPATH\CodeIgniter.php(340): CodeIgniter\CodeIgniter->handleRequest(null, Object(Config\Cache), false)
 4 FCPATH\index.php(67): CodeIgniter\CodeIgniter->run()
CRITICAL - 2022-11-01 05:45:39 --> Call to a member function tampilkan_data_konfirmasi_surat_masuk() on null
in APPPATH\Controllers\CUtama.php on line 135.
 1 SYSTEMPATH\CodeIgniter.php(904): App\Controllers\CUtama->link_konfirmasi_surat_masuk()
 2 SYSTEMPATH\CodeIgniter.php(457): CodeIgniter\CodeIgniter->runController(Object(App\Controllers\CUtama))
 3 SYSTEMPATH\CodeIgniter.php(340): CodeIgniter\CodeIgniter->handleRequest(null, Object(Config\Cache), false)
 4 FCPATH\index.php(67): CodeIgniter\CodeIgniter->run()
CRITICAL - 2022-11-01 05:46:18 --> Call to a member function tampilkan_data_surat() on null
in APPPATH\Controllers\CUtama.php on line 135.
 1 SYSTEMPATH\CodeIgniter.php(904): App\Controllers\CUtama->link_konfirmasi_surat_masuk()
 2 SYSTEMPATH\CodeIgniter.php(457): CodeIgniter\CodeIgniter->runController(Object(App\Controllers\CUtama))
 3 SYSTEMPATH\CodeIgniter.php(340): CodeIgniter\CodeIgniter->handleRequest(null, Object(Config\Cache), false)
 4 FCPATH\index.php(67): CodeIgniter\CodeIgniter->run()
CRITICAL - 2022-11-01 05:46:43 --> Call to a member function tampilkan_data_surat() on null
in APPPATH\Controllers\CUtama.php on line 135.
 1 SYSTEMPATH\CodeIgniter.php(904): App\Controllers\CUtama->link_konfirmasi_surat_masuk()
 2 SYSTEMPATH\CodeIgniter.php(457): CodeIgniter\CodeIgniter->runController(Object(App\Controllers\CUtama))
 3 SYSTEMPATH\CodeIgniter.php(340): CodeIgniter\CodeIgniter->handleRequest(null, Object(Config\Cache), false)
 4 FCPATH\index.php(67): CodeIgniter\CodeIgniter->run()
