CRITICAL - 2022-11-05 01:34:14 --> Trying to access array offset on value of type null
in APPPATH\Views\dashboard\pages\user\v_ubah_profile.php on line 14.
 1 APPPATH\Views\dashboard\pages\user\v_ubah_profile.php(14): CodeIgniter\Debug\Exceptions->errorHandler(8, 'Trying to access array offset on value of type null', 'APPPATH\\Views\\dashboard\\pages\\user\\v_ubah_profile.php', 14, [...])
 2 SYSTEMPATH\View\View.php(213): include('APPPATH\\Views\\dashboard\\pages\\user\\v_ubah_profile.php')
 3 SYSTEMPATH\View\View.php(216): CodeIgniter\View\View->CodeIgniter\View\{closure}()
 4 SYSTEMPATH\Common.php(1137): CodeIgniter\View\View->render('dashboard/pages/user/v_ubah_profile', [], true)
 5 APPPATH\Controllers\CUtama.php(275): view('dashboard/pages/user/v_ubah_profile', [...])
 6 SYSTEMPATH\CodeIgniter.php(904): App\Controllers\CUtama->link_ubah_profile_masyarakat()
 7 SYSTEMPATH\CodeIgniter.php(457): CodeIgniter\CodeIgniter->runController(Object(App\Controllers\CUtama))
 8 SYSTEMPATH\CodeIgniter.php(340): CodeIgniter\CodeIgniter->handleRequest(null, Object(Config\Cache), false)
 9 FCPATH\index.php(67): CodeIgniter\CodeIgniter->run()
CRITICAL - 2022-11-05 05:20:08 --> Trying to access array offset on value of type null
in APPPATH\Views\dashboard\pages\user\v_ubah_profile.php on line 14.
 1 APPPATH\Views\dashboard\pages\user\v_ubah_profile.php(14): CodeIgniter\Debug\Exceptions->errorHandler(8, 'Trying to access array offset on value of type null', 'APPPATH\\Views\\dashboard\\pages\\user\\v_ubah_profile.php', 14, [...])
 2 SYSTEMPATH\View\View.php(213): include('APPPATH\\Views\\dashboard\\pages\\user\\v_ubah_profile.php')
 3 SYSTEMPATH\View\View.php(216): CodeIgniter\View\View->CodeIgniter\View\{closure}()
 4 SYSTEMPATH\Common.php(1137): CodeIgniter\View\View->render('dashboard/pages/user/v_ubah_profile', [], true)
 5 APPPATH\Controllers\CUtama.php(275): view('dashboard/pages/user/v_ubah_profile', [...])
 6 SYSTEMPATH\CodeIgniter.php(904): App\Controllers\CUtama->link_ubah_profile_masyarakat()
 7 SYSTEMPATH\CodeIgniter.php(457): CodeIgniter\CodeIgniter->runController(Object(App\Controllers\CUtama))
 8 SYSTEMPATH\CodeIgniter.php(340): CodeIgniter\CodeIgniter->handleRequest(null, Object(Config\Cache), false)
 9 FCPATH\index.php(67): CodeIgniter\CodeIgniter->run()
CRITICAL - 2022-11-05 05:24:15 --> Undefined index: nama_lurah
in APPPATH\Views\dashboard\pages\user\v_ubah_us_ps.php on line 20.
 1 APPPATH\Views\dashboard\pages\user\v_ubah_us_ps.php(20): CodeIgniter\Debug\Exceptions->errorHandler(8, 'Undefined index: nama_lurah', 'APPPATH\\Views\\dashboard\\pages\\user\\v_ubah_us_ps.php', 20, [...])
 2 SYSTEMPATH\View\View.php(213): include('APPPATH\\Views\\dashboard\\pages\\user\\v_ubah_us_ps.php')
 3 SYSTEMPATH\View\View.php(216): CodeIgniter\View\View->CodeIgniter\View\{closure}()
 4 SYSTEMPATH\Common.php(1137): CodeIgniter\View\View->render('dashboard/pages/user/v_ubah_us_ps', [], true)
 5 APPPATH\Controllers\CUtama.php(318): view('dashboard/pages/user/v_ubah_us_ps', [...])
 6 SYSTEMPATH\CodeIgniter.php(904): App\Controllers\CUtama->link_ubah_us_ps_masyarakat()
 7 SYSTEMPATH\CodeIgniter.php(457): CodeIgniter\CodeIgniter->runController(Object(App\Controllers\CUtama))
 8 SYSTEMPATH\CodeIgniter.php(340): CodeIgniter\CodeIgniter->handleRequest(null, Object(Config\Cache), false)
 9 FCPATH\index.php(67): CodeIgniter\CodeIgniter->run()
CRITICAL - 2022-11-05 05:27:29 --> Trying to access array offset on value of type null
in APPPATH\Views\dashboard\pages\kepala\v_ubah_us_ps.php on line 15.
 1 APPPATH\Views\dashboard\pages\kepala\v_ubah_us_ps.php(15): CodeIgniter\Debug\Exceptions->errorHandler(8, 'Trying to access array offset on value of type null', 'APPPATH\\Views\\dashboard\\pages\\kepala\\v_ubah_us_ps.php', 15, [...])
 2 SYSTEMPATH\View\View.php(213): include('APPPATH\\Views\\dashboard\\pages\\kepala\\v_ubah_us_ps.php')
 3 SYSTEMPATH\View\View.php(216): CodeIgniter\View\View->CodeIgniter\View\{closure}()
 4 SYSTEMPATH\Common.php(1137): CodeIgniter\View\View->render('dashboard/pages/kepala/v_ubah_us_ps', [], true)
 5 APPPATH\Controllers\CUtama.php(304): view('dashboard/pages/kepala/v_ubah_us_ps', [...])
 6 SYSTEMPATH\CodeIgniter.php(904): App\Controllers\CUtama->link_ubah_us_ps_lurah()
 7 SYSTEMPATH\CodeIgniter.php(457): CodeIgniter\CodeIgniter->runController(Object(App\Controllers\CUtama))
 8 SYSTEMPATH\CodeIgniter.php(340): CodeIgniter\CodeIgniter->handleRequest(null, Object(Config\Cache), false)
 9 FCPATH\index.php(67): CodeIgniter\CodeIgniter->run()
CRITICAL - 2022-11-05 05:27:35 --> Trying to access array offset on value of type null
in APPPATH\Views\dashboard\pages\kepala\v_ubah_profile.php on line 14.
 1 APPPATH\Views\dashboard\pages\kepala\v_ubah_profile.php(14): CodeIgniter\Debug\Exceptions->errorHandler(8, 'Trying to access array offset on value of type null', 'APPPATH\\Views\\dashboard\\pages\\kepala\\v_ubah_profile.php', 14, [...])
 2 SYSTEMPATH\View\View.php(213): include('APPPATH\\Views\\dashboard\\pages\\kepala\\v_ubah_profile.php')
 3 SYSTEMPATH\View\View.php(216): CodeIgniter\View\View->CodeIgniter\View\{closure}()
 4 SYSTEMPATH\Common.php(1137): CodeIgniter\View\View->render('dashboard/pages/kepala/v_ubah_profile', [], true)
 5 APPPATH\Controllers\CUtama.php(260): view('dashboard/pages/kepala/v_ubah_profile', [...])
 6 SYSTEMPATH\CodeIgniter.php(904): App\Controllers\CUtama->link_ubah_profile_lurah()
 7 SYSTEMPATH\CodeIgniter.php(457): CodeIgniter\CodeIgniter->runController(Object(App\Controllers\CUtama))
 8 SYSTEMPATH\CodeIgniter.php(340): CodeIgniter\CodeIgniter->handleRequest(null, Object(Config\Cache), false)
 9 FCPATH\index.php(67): CodeIgniter\CodeIgniter->run()
CRITICAL - 2022-11-05 05:28:43 --> You must set the database table to be used with your query.
in SYSTEMPATH\Database\BaseConnection.php on line 872.
 1 SYSTEMPATH\Model.php(586): CodeIgniter\Database\BaseConnection->table(null)
 2 SYSTEMPATH\Model.php(763): CodeIgniter\Model->builder()
 3 APPPATH\Controllers\CMasyarakat.php(51): CodeIgniter\Model->__call('proses_ubah_data_us_ps_masyubah_us_ps_masyarakat', [...])
 4 SYSTEMPATH\CodeIgniter.php(904): App\Controllers\CMasyarakat->ubah_us_ps_masyarakat()
 5 SYSTEMPATH\CodeIgniter.php(457): CodeIgniter\CodeIgniter->runController(Object(App\Controllers\CMasyarakat))
 6 SYSTEMPATH\CodeIgniter.php(340): CodeIgniter\CodeIgniter->handleRequest(null, Object(Config\Cache), false)
 7 FCPATH\index.php(67): CodeIgniter\CodeIgniter->run()
CRITICAL - 2022-11-05 05:29:22 --> Trying to access array offset on value of type null
in APPPATH\Views\dashboard\pages\kepala\v_ubah_us_ps.php on line 15.
 1 APPPATH\Views\dashboard\pages\kepala\v_ubah_us_ps.php(15): CodeIgniter\Debug\Exceptions->errorHandler(8, 'Trying to access array offset on value of type null', 'APPPATH\\Views\\dashboard\\pages\\kepala\\v_ubah_us_ps.php', 15, [...])
 2 SYSTEMPATH\View\View.php(213): include('APPPATH\\Views\\dashboard\\pages\\kepala\\v_ubah_us_ps.php')
 3 SYSTEMPATH\View\View.php(216): CodeIgniter\View\View->CodeIgniter\View\{closure}()
 4 SYSTEMPATH\Common.php(1137): CodeIgniter\View\View->render('dashboard/pages/kepala/v_ubah_us_ps', [], true)
 5 APPPATH\Controllers\CUtama.php(304): view('dashboard/pages/kepala/v_ubah_us_ps', [...])
 6 SYSTEMPATH\CodeIgniter.php(904): App\Controllers\CUtama->link_ubah_us_ps_lurah()
 7 SYSTEMPATH\CodeIgniter.php(457): CodeIgniter\CodeIgniter->runController(Object(App\Controllers\CUtama))
 8 SYSTEMPATH\CodeIgniter.php(340): CodeIgniter\CodeIgniter->handleRequest(null, Object(Config\Cache), false)
 9 FCPATH\index.php(67): CodeIgniter\CodeIgniter->run()
CRITICAL - 2022-11-05 05:29:27 --> Trying to access array offset on value of type null
in APPPATH\Views\dashboard\pages\kepala\v_ubah_profile.php on line 14.
 1 APPPATH\Views\dashboard\pages\kepala\v_ubah_profile.php(14): CodeIgniter\Debug\Exceptions->errorHandler(8, 'Trying to access array offset on value of type null', 'APPPATH\\Views\\dashboard\\pages\\kepala\\v_ubah_profile.php', 14, [...])
 2 SYSTEMPATH\View\View.php(213): include('APPPATH\\Views\\dashboard\\pages\\kepala\\v_ubah_profile.php')
 3 SYSTEMPATH\View\View.php(216): CodeIgniter\View\View->CodeIgniter\View\{closure}()
 4 SYSTEMPATH\Common.php(1137): CodeIgniter\View\View->render('dashboard/pages/kepala/v_ubah_profile', [], true)
 5 APPPATH\Controllers\CUtama.php(260): view('dashboard/pages/kepala/v_ubah_profile', [...])
 6 SYSTEMPATH\CodeIgniter.php(904): App\Controllers\CUtama->link_ubah_profile_lurah()
 7 SYSTEMPATH\CodeIgniter.php(457): CodeIgniter\CodeIgniter->runController(Object(App\Controllers\CUtama))
 8 SYSTEMPATH\CodeIgniter.php(340): CodeIgniter\CodeIgniter->handleRequest(null, Object(Config\Cache), false)
 9 FCPATH\index.php(67): CodeIgniter\CodeIgniter->run()
CRITICAL - 2022-11-05 05:30:02 --> Trying to access array offset on value of type null
in APPPATH\Views\dashboard\pages\kepala\v_ubah_profile.php on line 14.
 1 APPPATH\Views\dashboard\pages\kepala\v_ubah_profile.php(14): CodeIgniter\Debug\Exceptions->errorHandler(8, 'Trying to access array offset on value of type null', 'APPPATH\\Views\\dashboard\\pages\\kepala\\v_ubah_profile.php', 14, [...])
 2 SYSTEMPATH\View\View.php(213): include('APPPATH\\Views\\dashboard\\pages\\kepala\\v_ubah_profile.php')
 3 SYSTEMPATH\View\View.php(216): CodeIgniter\View\View->CodeIgniter\View\{closure}()
 4 SYSTEMPATH\Common.php(1137): CodeIgniter\View\View->render('dashboard/pages/kepala/v_ubah_profile', [], true)
 5 APPPATH\Controllers\CUtama.php(260): view('dashboard/pages/kepala/v_ubah_profile', [...])
 6 SYSTEMPATH\CodeIgniter.php(904): App\Controllers\CUtama->link_ubah_profile_lurah()
 7 SYSTEMPATH\CodeIgniter.php(457): CodeIgniter\CodeIgniter->runController(Object(App\Controllers\CUtama))
 8 SYSTEMPATH\CodeIgniter.php(340): CodeIgniter\CodeIgniter->handleRequest(null, Object(Config\Cache), false)
 9 FCPATH\index.php(67): CodeIgniter\CodeIgniter->run()
CRITICAL - 2022-11-05 05:34:24 --> Trying to access array offset on value of type null
in APPPATH\Views\dashboard\pages\kepala\v_ubah_profile.php on line 14.
 1 APPPATH\Views\dashboard\pages\kepala\v_ubah_profile.php(14): CodeIgniter\Debug\Exceptions->errorHandler(8, 'Trying to access array offset on value of type null', 'APPPATH\\Views\\dashboard\\pages\\kepala\\v_ubah_profile.php', 14, [...])
 2 SYSTEMPATH\View\View.php(213): include('APPPATH\\Views\\dashboard\\pages\\kepala\\v_ubah_profile.php')
 3 SYSTEMPATH\View\View.php(216): CodeIgniter\View\View->CodeIgniter\View\{closure}()
 4 SYSTEMPATH\Common.php(1137): CodeIgniter\View\View->render('dashboard/pages/kepala/v_ubah_profile', [], true)
 5 APPPATH\Controllers\CUtama.php(260): view('dashboard/pages/kepala/v_ubah_profile', [...])
 6 SYSTEMPATH\CodeIgniter.php(904): App\Controllers\CUtama->link_ubah_profile_lurah()
 7 SYSTEMPATH\CodeIgniter.php(457): CodeIgniter\CodeIgniter->runController(Object(App\Controllers\CUtama))
 8 SYSTEMPATH\CodeIgniter.php(340): CodeIgniter\CodeIgniter->handleRequest(null, Object(Config\Cache), false)
 9 FCPATH\index.php(67): CodeIgniter\CodeIgniter->run()
CRITICAL - 2022-11-05 05:35:01 --> Trying to access array offset on value of type null
in APPPATH\Views\dashboard\pages\kepala\v_ubah_profile.php on line 14.
 1 APPPATH\Views\dashboard\pages\kepala\v_ubah_profile.php(14): CodeIgniter\Debug\Exceptions->errorHandler(8, 'Trying to access array offset on value of type null', 'APPPATH\\Views\\dashboard\\pages\\kepala\\v_ubah_profile.php', 14, [...])
 2 SYSTEMPATH\View\View.php(213): include('APPPATH\\Views\\dashboard\\pages\\kepala\\v_ubah_profile.php')
 3 SYSTEMPATH\View\View.php(216): CodeIgniter\View\View->CodeIgniter\View\{closure}()
 4 SYSTEMPATH\Common.php(1137): CodeIgniter\View\View->render('dashboard/pages/kepala/v_ubah_profile', [], true)
 5 APPPATH\Controllers\CUtama.php(260): view('dashboard/pages/kepala/v_ubah_profile', [...])
 6 SYSTEMPATH\CodeIgniter.php(904): App\Controllers\CUtama->link_ubah_profile_lurah()
 7 SYSTEMPATH\CodeIgniter.php(457): CodeIgniter\CodeIgniter->runController(Object(App\Controllers\CUtama))
 8 SYSTEMPATH\CodeIgniter.php(340): CodeIgniter\CodeIgniter->handleRequest(null, Object(Config\Cache), false)
 9 FCPATH\index.php(67): CodeIgniter\CodeIgniter->run()
CRITICAL - 2022-11-05 05:35:04 --> Trying to access array offset on value of type null
in APPPATH\Views\dashboard\pages\kepala\v_ubah_us_ps.php on line 15.
 1 APPPATH\Views\dashboard\pages\kepala\v_ubah_us_ps.php(15): CodeIgniter\Debug\Exceptions->errorHandler(8, 'Trying to access array offset on value of type null', 'APPPATH\\Views\\dashboard\\pages\\kepala\\v_ubah_us_ps.php', 15, [...])
 2 SYSTEMPATH\View\View.php(213): include('APPPATH\\Views\\dashboard\\pages\\kepala\\v_ubah_us_ps.php')
 3 SYSTEMPATH\View\View.php(216): CodeIgniter\View\View->CodeIgniter\View\{closure}()
 4 SYSTEMPATH\Common.php(1137): CodeIgniter\View\View->render('dashboard/pages/kepala/v_ubah_us_ps', [], true)
 5 APPPATH\Controllers\CUtama.php(304): view('dashboard/pages/kepala/v_ubah_us_ps', [...])
 6 SYSTEMPATH\CodeIgniter.php(904): App\Controllers\CUtama->link_ubah_us_ps_lurah()
 7 SYSTEMPATH\CodeIgniter.php(457): CodeIgniter\CodeIgniter->runController(Object(App\Controllers\CUtama))
 8 SYSTEMPATH\CodeIgniter.php(340): CodeIgniter\CodeIgniter->handleRequest(null, Object(Config\Cache), false)
 9 FCPATH\index.php(67): CodeIgniter\CodeIgniter->run()
CRITICAL - 2022-11-05 05:37:16 --> Trying to access array offset on value of type null
in APPPATH\Views\dashboard\pages\kepala\v_ubah_profile.php on line 14.
 1 APPPATH\Views\dashboard\pages\kepala\v_ubah_profile.php(14): CodeIgniter\Debug\Exceptions->errorHandler(8, 'Trying to access array offset on value of type null', 'APPPATH\\Views\\dashboard\\pages\\kepala\\v_ubah_profile.php', 14, [...])
 2 SYSTEMPATH\View\View.php(213): include('APPPATH\\Views\\dashboard\\pages\\kepala\\v_ubah_profile.php')
 3 SYSTEMPATH\View\View.php(216): CodeIgniter\View\View->CodeIgniter\View\{closure}()
 4 SYSTEMPATH\Common.php(1137): CodeIgniter\View\View->render('dashboard/pages/kepala/v_ubah_profile', [], true)
 5 APPPATH\Controllers\CUtama.php(260): view('dashboard/pages/kepala/v_ubah_profile', [...])
 6 SYSTEMPATH\CodeIgniter.php(904): App\Controllers\CUtama->link_ubah_profile_lurah()
 7 SYSTEMPATH\CodeIgniter.php(457): CodeIgniter\CodeIgniter->runController(Object(App\Controllers\CUtama))
 8 SYSTEMPATH\CodeIgniter.php(340): CodeIgniter\CodeIgniter->handleRequest(null, Object(Config\Cache), false)
 9 FCPATH\index.php(67): CodeIgniter\CodeIgniter->run()
CRITICAL - 2022-11-05 05:42:29 --> Trying to access array offset on value of type null
in APPPATH\Views\dashboard\pages\kepala\v_ubah_us_ps.php on line 15.
 1 APPPATH\Views\dashboard\pages\kepala\v_ubah_us_ps.php(15): CodeIgniter\Debug\Exceptions->errorHandler(8, 'Trying to access array offset on value of type null', 'APPPATH\\Views\\dashboard\\pages\\kepala\\v_ubah_us_ps.php', 15, [...])
 2 SYSTEMPATH\View\View.php(213): include('APPPATH\\Views\\dashboard\\pages\\kepala\\v_ubah_us_ps.php')
 3 SYSTEMPATH\View\View.php(216): CodeIgniter\View\View->CodeIgniter\View\{closure}()
 4 SYSTEMPATH\Common.php(1137): CodeIgniter\View\View->render('dashboard/pages/kepala/v_ubah_us_ps', [], true)
 5 APPPATH\Controllers\CUtama.php(304): view('dashboard/pages/kepala/v_ubah_us_ps', [...])
 6 SYSTEMPATH\CodeIgniter.php(904): App\Controllers\CUtama->link_ubah_us_ps_lurah()
 7 SYSTEMPATH\CodeIgniter.php(457): CodeIgniter\CodeIgniter->runController(Object(App\Controllers\CUtama))
 8 SYSTEMPATH\CodeIgniter.php(340): CodeIgniter\CodeIgniter->handleRequest(null, Object(Config\Cache), false)
 9 FCPATH\index.php(67): CodeIgniter\CodeIgniter->run()
CRITICAL - 2022-11-05 06:38:15 --> Undefined variable: i
in APPPATH\Views\dashboard\pages\user\v_pengajuan_surat.php on line 41.
 1 APPPATH\Views\dashboard\pages\user\v_pengajuan_surat.php(41): CodeIgniter\Debug\Exceptions->errorHandler(8, 'Undefined variable: i', 'APPPATH\\Views\\dashboard\\pages\\user\\v_pengajuan_surat.php', 41, [...])
 2 SYSTEMPATH\View\View.php(213): include('APPPATH\\Views\\dashboard\\pages\\user\\v_pengajuan_surat.php')
 3 SYSTEMPATH\View\View.php(216): CodeIgniter\View\View->CodeIgniter\View\{closure}()
 4 SYSTEMPATH\Common.php(1137): CodeIgniter\View\View->render('dashboard/pages/user/v_pengajuan_surat', [], true)
 5 APPPATH\Controllers\CUtama.php(232): view('dashboard/pages/user/v_pengajuan_surat', [...])
 6 SYSTEMPATH\CodeIgniter.php(904): App\Controllers\CUtama->link_pengajuan_surat_masyarakat()
 7 SYSTEMPATH\CodeIgniter.php(457): CodeIgniter\CodeIgniter->runController(Object(App\Controllers\CUtama))
 8 SYSTEMPATH\CodeIgniter.php(340): CodeIgniter\CodeIgniter->handleRequest(null, Object(Config\Cache), false)
 9 FCPATH\index.php(67): CodeIgniter\CodeIgniter->run()
CRITICAL - 2022-11-05 06:41:41 --> Undefined variable: idsurat
in APPPATH\Views\dashboard\pages\user\v_pengajuan_surat.php on line 80.
 1 APPPATH\Views\dashboard\pages\user\v_pengajuan_surat.php(80): CodeIgniter\Debug\Exceptions->errorHandler(8, 'Undefined variable: idsurat', 'APPPATH\\Views\\dashboard\\pages\\user\\v_pengajuan_surat.php', 80, [...])
 2 SYSTEMPATH\View\View.php(213): include('APPPATH\\Views\\dashboard\\pages\\user\\v_pengajuan_surat.php')
 3 SYSTEMPATH\View\View.php(216): CodeIgniter\View\View->CodeIgniter\View\{closure}()
 4 SYSTEMPATH\Common.php(1137): CodeIgniter\View\View->render('dashboard/pages/user/v_pengajuan_surat', [], true)
 5 APPPATH\Controllers\CUtama.php(232): view('dashboard/pages/user/v_pengajuan_surat', [...])
 6 SYSTEMPATH\CodeIgniter.php(904): App\Controllers\CUtama->link_pengajuan_surat_masyarakat()
 7 SYSTEMPATH\CodeIgniter.php(457): CodeIgniter\CodeIgniter->runController(Object(App\Controllers\CUtama))
 8 SYSTEMPATH\CodeIgniter.php(340): CodeIgniter\CodeIgniter->handleRequest(null, Object(Config\Cache), false)
 9 FCPATH\index.php(67): CodeIgniter\CodeIgniter->run()
CRITICAL - 2022-11-05 06:41:51 --> Undefined variable: idsurat
in APPPATH\Views\dashboard\pages\user\v_pengajuan_surat.php on line 80.
 1 APPPATH\Views\dashboard\pages\user\v_pengajuan_surat.php(80): CodeIgniter\Debug\Exceptions->errorHandler(8, 'Undefined variable: idsurat', 'APPPATH\\Views\\dashboard\\pages\\user\\v_pengajuan_surat.php', 80, [...])
 2 SYSTEMPATH\View\View.php(213): include('APPPATH\\Views\\dashboard\\pages\\user\\v_pengajuan_surat.php')
 3 SYSTEMPATH\View\View.php(216): CodeIgniter\View\View->CodeIgniter\View\{closure}()
 4 SYSTEMPATH\Common.php(1137): CodeIgniter\View\View->render('dashboard/pages/user/v_pengajuan_surat', [], true)
 5 APPPATH\Controllers\CUtama.php(232): view('dashboard/pages/user/v_pengajuan_surat', [...])
 6 SYSTEMPATH\CodeIgniter.php(904): App\Controllers\CUtama->link_pengajuan_surat_masyarakat()
 7 SYSTEMPATH\CodeIgniter.php(457): CodeIgniter\CodeIgniter->runController(Object(App\Controllers\CUtama))
 8 SYSTEMPATH\CodeIgniter.php(340): CodeIgniter\CodeIgniter->handleRequest(null, Object(Config\Cache), false)
 9 FCPATH\index.php(67): CodeIgniter\CodeIgniter->run()
CRITICAL - 2022-11-05 07:43:53 --> Undefined variable: idpengajuansurat
in APPPATH\Views\dashboard\pages\user\v_pengajuan_surat.php on line 80.
 1 APPPATH\Views\dashboard\pages\user\v_pengajuan_surat.php(80): CodeIgniter\Debug\Exceptions->errorHandler(8, 'Undefined variable: idpengajuansurat', 'APPPATH\\Views\\dashboard\\pages\\user\\v_pengajuan_surat.php', 80, [...])
 2 SYSTEMPATH\View\View.php(213): include('APPPATH\\Views\\dashboard\\pages\\user\\v_pengajuan_surat.php')
 3 SYSTEMPATH\View\View.php(216): CodeIgniter\View\View->CodeIgniter\View\{closure}()
 4 SYSTEMPATH\Common.php(1137): CodeIgniter\View\View->render('dashboard/pages/user/v_pengajuan_surat', [], true)
 5 APPPATH\Controllers\CUtama.php(233): view('dashboard/pages/user/v_pengajuan_surat', [...])
 6 SYSTEMPATH\CodeIgniter.php(904): App\Controllers\CUtama->link_pengajuan_surat_masyarakat()
 7 SYSTEMPATH\CodeIgniter.php(457): CodeIgniter\CodeIgniter->runController(Object(App\Controllers\CUtama))
 8 SYSTEMPATH\CodeIgniter.php(340): CodeIgniter\CodeIgniter->handleRequest(null, Object(Config\Cache), false)
 9 FCPATH\index.php(67): CodeIgniter\CodeIgniter->run()
ERROR - 2022-11-05 08:40:01 --> mysqli_sql_exception: Table 'db_sikades.persyaratan' doesn't exist in C:\xampp\htdocs\SIKADES4\system\Database\MySQLi\Connection.php:292
Stack trace:
#0 C:\xampp\htdocs\SIKADES4\system\Database\MySQLi\Connection.php(292): mysqli->query('SELECT *\nFROM `...', 0)
#1 C:\xampp\htdocs\SIKADES4\system\Database\BaseConnection.php(693): CodeIgniter\Database\MySQLi\Connection->execute('SELECT *\nFROM `...')
#2 C:\xampp\htdocs\SIKADES4\system\Database\BaseConnection.php(620): CodeIgniter\Database\BaseConnection->simpleQuery('SELECT *\nFROM `...')
#3 C:\xampp\htdocs\SIKADES4\system\Database\BaseBuilder.php(1585): CodeIgniter\Database\BaseConnection->query('SELECT *\nFROM `...', Array, false)
#4 C:\xampp\htdocs\SIKADES4\app\Models\MMasyarakat.php(21): CodeIgniter\Database\BaseBuilder->get()
#5 C:\xampp\htdocs\SIKADES4\app\Controllers\CUtama.php(227): App\Models\MMasyarakat->tampilkan_data_surat()
#6 C:\xampp\htdocs\SIKADES4\system\CodeIgniter.php(904): App\Controllers\CUtama->link_pengajuan_surat_masyarakat()
#7 C:\xampp\htdocs\SIKADES4\system\CodeIgniter.php(457): CodeIgniter\CodeIgniter->runController(Object(App\Controllers\CUtama))
#8 C:\xampp\htdocs\SIKADES4\system\CodeIgniter.php(340): CodeIgniter\CodeIgniter->handleRequest(NULL, Object(Config\Cache), false)
#9 C:\xampp\htdocs\SIKADES4\index.php(67): CodeIgniter\CodeIgniter->run()
#10 {main}
CRITICAL - 2022-11-05 08:40:01 --> Table 'db_sikades.persyaratan' doesn't exist
in SYSTEMPATH\Database\MySQLi\Connection.php on line 292.
 1 SYSTEMPATH\Database\MySQLi\Connection.php(292): mysqli->query('SELECT *
FROM `surat`
JOIN `persyaratan` ON `persyaratan`.`id_surat`=`surat`.`surat`', 0)
 2 SYSTEMPATH\Database\BaseConnection.php(693): CodeIgniter\Database\MySQLi\Connection->execute('SELECT *
FROM `surat`
JOIN `persyaratan` ON `persyaratan`.`id_surat`=`surat`.`surat`')
 3 SYSTEMPATH\Database\BaseConnection.php(620): CodeIgniter\Database\BaseConnection->simpleQuery('SELECT *
FROM `surat`
JOIN `persyaratan` ON `persyaratan`.`id_surat`=`surat`.`surat`')
 4 SYSTEMPATH\Database\BaseBuilder.php(1585): CodeIgniter\Database\BaseConnection->query('SELECT *
FROM `surat`
JOIN `persyaratan` ON `persyaratan`.`id_surat`=`surat`.`surat`', [], false)
 5 APPPATH\Models\MMasyarakat.php(21): CodeIgniter\Database\BaseBuilder->get()
 6 APPPATH\Controllers\CUtama.php(227): App\Models\MMasyarakat->tampilkan_data_surat()
 7 SYSTEMPATH\CodeIgniter.php(904): App\Controllers\CUtama->link_pengajuan_surat_masyarakat()
 8 SYSTEMPATH\CodeIgniter.php(457): CodeIgniter\CodeIgniter->runController(Object(App\Controllers\CUtama))
 9 SYSTEMPATH\CodeIgniter.php(340): CodeIgniter\CodeIgniter->handleRequest(null, Object(Config\Cache), false)
10 FCPATH\index.php(67): CodeIgniter\CodeIgniter->run()
ERROR - 2022-11-05 08:40:04 --> mysqli_sql_exception: Table 'db_sikades.persyaratan' doesn't exist in C:\xampp\htdocs\SIKADES4\system\Database\MySQLi\Connection.php:292
Stack trace:
#0 C:\xampp\htdocs\SIKADES4\system\Database\MySQLi\Connection.php(292): mysqli->query('SELECT *\nFROM `...', 0)
#1 C:\xampp\htdocs\SIKADES4\system\Database\BaseConnection.php(693): CodeIgniter\Database\MySQLi\Connection->execute('SELECT *\nFROM `...')
#2 C:\xampp\htdocs\SIKADES4\system\Database\BaseConnection.php(620): CodeIgniter\Database\BaseConnection->simpleQuery('SELECT *\nFROM `...')
#3 C:\xampp\htdocs\SIKADES4\system\Database\BaseBuilder.php(1585): CodeIgniter\Database\BaseConnection->query('SELECT *\nFROM `...', Array, false)
#4 C:\xampp\htdocs\SIKADES4\app\Models\MMasyarakat.php(21): CodeIgniter\Database\BaseBuilder->get()
#5 C:\xampp\htdocs\SIKADES4\app\Controllers\CUtama.php(227): App\Models\MMasyarakat->tampilkan_data_surat()
#6 C:\xampp\htdocs\SIKADES4\system\CodeIgniter.php(904): App\Controllers\CUtama->link_pengajuan_surat_masyarakat()
#7 C:\xampp\htdocs\SIKADES4\system\CodeIgniter.php(457): CodeIgniter\CodeIgniter->runController(Object(App\Controllers\CUtama))
#8 C:\xampp\htdocs\SIKADES4\system\CodeIgniter.php(340): CodeIgniter\CodeIgniter->handleRequest(NULL, Object(Config\Cache), false)
#9 C:\xampp\htdocs\SIKADES4\index.php(67): CodeIgniter\CodeIgniter->run()
#10 {main}
CRITICAL - 2022-11-05 08:40:04 --> Table 'db_sikades.persyaratan' doesn't exist
in SYSTEMPATH\Database\MySQLi\Connection.php on line 292.
 1 SYSTEMPATH\Database\MySQLi\Connection.php(292): mysqli->query('SELECT *
FROM `surat`
JOIN `persyaratan` ON `persyaratan`.`id_surat`=`surat`.`surat`', 0)
 2 SYSTEMPATH\Database\BaseConnection.php(693): CodeIgniter\Database\MySQLi\Connection->execute('SELECT *
FROM `surat`
JOIN `persyaratan` ON `persyaratan`.`id_surat`=`surat`.`surat`')
 3 SYSTEMPATH\Database\BaseConnection.php(620): CodeIgniter\Database\BaseConnection->simpleQuery('SELECT *
FROM `surat`
JOIN `persyaratan` ON `persyaratan`.`id_surat`=`surat`.`surat`')
 4 SYSTEMPATH\Database\BaseBuilder.php(1585): CodeIgniter\Database\BaseConnection->query('SELECT *
FROM `surat`
JOIN `persyaratan` ON `persyaratan`.`id_surat`=`surat`.`surat`', [], false)
 5 APPPATH\Models\MMasyarakat.php(21): CodeIgniter\Database\BaseBuilder->get()
 6 APPPATH\Controllers\CUtama.php(227): App\Models\MMasyarakat->tampilkan_data_surat()
 7 SYSTEMPATH\CodeIgniter.php(904): App\Controllers\CUtama->link_pengajuan_surat_masyarakat()
 8 SYSTEMPATH\CodeIgniter.php(457): CodeIgniter\CodeIgniter->runController(Object(App\Controllers\CUtama))
 9 SYSTEMPATH\CodeIgniter.php(340): CodeIgniter\CodeIgniter->handleRequest(null, Object(Config\Cache), false)
10 FCPATH\index.php(67): CodeIgniter\CodeIgniter->run()
ERROR - 2022-11-05 08:44:35 --> mysqli_sql_exception: Unknown column 'syarat.id_surat' in 'on clause' in C:\xampp\htdocs\SIKADES4\system\Database\MySQLi\Connection.php:292
Stack trace:
#0 C:\xampp\htdocs\SIKADES4\system\Database\MySQLi\Connection.php(292): mysqli->query('SELECT *\nFROM `...', 0)
#1 C:\xampp\htdocs\SIKADES4\system\Database\BaseConnection.php(693): CodeIgniter\Database\MySQLi\Connection->execute('SELECT *\nFROM `...')
#2 C:\xampp\htdocs\SIKADES4\system\Database\BaseConnection.php(620): CodeIgniter\Database\BaseConnection->simpleQuery('SELECT *\nFROM `...')
#3 C:\xampp\htdocs\SIKADES4\system\Database\BaseBuilder.php(1585): CodeIgniter\Database\BaseConnection->query('SELECT *\nFROM `...', Array, false)
#4 C:\xampp\htdocs\SIKADES4\app\Models\MMasyarakat.php(21): CodeIgniter\Database\BaseBuilder->get()
#5 C:\xampp\htdocs\SIKADES4\app\Controllers\CUtama.php(227): App\Models\MMasyarakat->tampilkan_data_surat()
#6 C:\xampp\htdocs\SIKADES4\system\CodeIgniter.php(904): App\Controllers\CUtama->link_pengajuan_surat_masyarakat()
#7 C:\xampp\htdocs\SIKADES4\system\CodeIgniter.php(457): CodeIgniter\CodeIgniter->runController(Object(App\Controllers\CUtama))
#8 C:\xampp\htdocs\SIKADES4\system\CodeIgniter.php(340): CodeIgniter\CodeIgniter->handleRequest(NULL, Object(Config\Cache), false)
#9 C:\xampp\htdocs\SIKADES4\index.php(67): CodeIgniter\CodeIgniter->run()
#10 {main}
CRITICAL - 2022-11-05 08:44:35 --> Unknown column 'syarat.id_surat' in 'on clause'
in SYSTEMPATH\Database\MySQLi\Connection.php on line 292.
 1 SYSTEMPATH\Database\MySQLi\Connection.php(292): mysqli->query('SELECT *
FROM `surat`
JOIN `syarat` ON `syarat`.`id_surat`=`surat`.`surat`', 0)
 2 SYSTEMPATH\Database\BaseConnection.php(693): CodeIgniter\Database\MySQLi\Connection->execute('SELECT *
FROM `surat`
JOIN `syarat` ON `syarat`.`id_surat`=`surat`.`surat`')
 3 SYSTEMPATH\Database\BaseConnection.php(620): CodeIgniter\Database\BaseConnection->simpleQuery('SELECT *
FROM `surat`
JOIN `syarat` ON `syarat`.`id_surat`=`surat`.`surat`')
 4 SYSTEMPATH\Database\BaseBuilder.php(1585): CodeIgniter\Database\BaseConnection->query('SELECT *
FROM `surat`
JOIN `syarat` ON `syarat`.`id_surat`=`surat`.`surat`', [], false)
 5 APPPATH\Models\MMasyarakat.php(21): CodeIgniter\Database\BaseBuilder->get()
 6 APPPATH\Controllers\CUtama.php(227): App\Models\MMasyarakat->tampilkan_data_surat()
 7 SYSTEMPATH\CodeIgniter.php(904): App\Controllers\CUtama->link_pengajuan_surat_masyarakat()
 8 SYSTEMPATH\CodeIgniter.php(457): CodeIgniter\CodeIgniter->runController(Object(App\Controllers\CUtama))
 9 SYSTEMPATH\CodeIgniter.php(340): CodeIgniter\CodeIgniter->handleRequest(null, Object(Config\Cache), false)
10 FCPATH\index.php(67): CodeIgniter\CodeIgniter->run()
ERROR - 2022-11-05 08:44:51 --> mysqli_sql_exception: Unknown column 'surat.surat' in 'on clause' in C:\xampp\htdocs\SIKADES4\system\Database\MySQLi\Connection.php:292
Stack trace:
#0 C:\xampp\htdocs\SIKADES4\system\Database\MySQLi\Connection.php(292): mysqli->query('SELECT *\nFROM `...', 0)
#1 C:\xampp\htdocs\SIKADES4\system\Database\BaseConnection.php(693): CodeIgniter\Database\MySQLi\Connection->execute('SELECT *\nFROM `...')
#2 C:\xampp\htdocs\SIKADES4\system\Database\BaseConnection.php(620): CodeIgniter\Database\BaseConnection->simpleQuery('SELECT *\nFROM `...')
#3 C:\xampp\htdocs\SIKADES4\system\Database\BaseBuilder.php(1585): CodeIgniter\Database\BaseConnection->query('SELECT *\nFROM `...', Array, false)
#4 C:\xampp\htdocs\SIKADES4\app\Models\MMasyarakat.php(21): CodeIgniter\Database\BaseBuilder->get()
#5 C:\xampp\htdocs\SIKADES4\app\Controllers\CUtama.php(227): App\Models\MMasyarakat->tampilkan_data_surat()
#6 C:\xampp\htdocs\SIKADES4\system\CodeIgniter.php(904): App\Controllers\CUtama->link_pengajuan_surat_masyarakat()
#7 C:\xampp\htdocs\SIKADES4\system\CodeIgniter.php(457): CodeIgniter\CodeIgniter->runController(Object(App\Controllers\CUtama))
#8 C:\xampp\htdocs\SIKADES4\system\CodeIgniter.php(340): CodeIgniter\CodeIgniter->handleRequest(NULL, Object(Config\Cache), false)
#9 C:\xampp\htdocs\SIKADES4\index.php(67): CodeIgniter\CodeIgniter->run()
#10 {main}
CRITICAL - 2022-11-05 08:44:51 --> Unknown column 'surat.surat' in 'on clause'
in SYSTEMPATH\Database\MySQLi\Connection.php on line 292.
 1 SYSTEMPATH\Database\MySQLi\Connection.php(292): mysqli->query('SELECT *
FROM `surat`
JOIN `syarat_surat` ON `syarat_surat`.`id_surat`=`surat`.`surat`', 0)
 2 SYSTEMPATH\Database\BaseConnection.php(693): CodeIgniter\Database\MySQLi\Connection->execute('SELECT *
FROM `surat`
JOIN `syarat_surat` ON `syarat_surat`.`id_surat`=`surat`.`surat`')
 3 SYSTEMPATH\Database\BaseConnection.php(620): CodeIgniter\Database\BaseConnection->simpleQuery('SELECT *
FROM `surat`
JOIN `syarat_surat` ON `syarat_surat`.`id_surat`=`surat`.`surat`')
 4 SYSTEMPATH\Database\BaseBuilder.php(1585): CodeIgniter\Database\BaseConnection->query('SELECT *
FROM `surat`
JOIN `syarat_surat` ON `syarat_surat`.`id_surat`=`surat`.`surat`', [], false)
 5 APPPATH\Models\MMasyarakat.php(21): CodeIgniter\Database\BaseBuilder->get()
 6 APPPATH\Controllers\CUtama.php(227): App\Models\MMasyarakat->tampilkan_data_surat()
 7 SYSTEMPATH\CodeIgniter.php(904): App\Controllers\CUtama->link_pengajuan_surat_masyarakat()
 8 SYSTEMPATH\CodeIgniter.php(457): CodeIgniter\CodeIgniter->runController(Object(App\Controllers\CUtama))
 9 SYSTEMPATH\CodeIgniter.php(340): CodeIgniter\CodeIgniter->handleRequest(null, Object(Config\Cache), false)
10 FCPATH\index.php(67): CodeIgniter\CodeIgniter->run()
CRITICAL - 2022-11-05 08:45:05 --> Illegal string offset 'id_surat'
in APPPATH\Views\dashboard\pages\user\v_pengajuan_surat.php on line 88.
 1 APPPATH\Views\dashboard\pages\user\v_pengajuan_surat.php(88): CodeIgniter\Debug\Exceptions->errorHandler(2, 'Illegal string offset \'id_surat\'', 'APPPATH\\Views\\dashboard\\pages\\user\\v_pengajuan_surat.php', 88, [...])
 2 SYSTEMPATH\View\View.php(213): include('APPPATH\\Views\\dashboard\\pages\\user\\v_pengajuan_surat.php')
 3 SYSTEMPATH\View\View.php(216): CodeIgniter\View\View->CodeIgniter\View\{closure}()
 4 SYSTEMPATH\Common.php(1137): CodeIgniter\View\View->render('dashboard/pages/user/v_pengajuan_surat', [], true)
 5 APPPATH\Controllers\CUtama.php(236): view('dashboard/pages/user/v_pengajuan_surat', [...])
 6 SYSTEMPATH\CodeIgniter.php(904): App\Controllers\CUtama->link_pengajuan_surat_masyarakat()
 7 SYSTEMPATH\CodeIgniter.php(457): CodeIgniter\CodeIgniter->runController(Object(App\Controllers\CUtama))
 8 SYSTEMPATH\CodeIgniter.php(340): CodeIgniter\CodeIgniter->handleRequest(null, Object(Config\Cache), false)
 9 FCPATH\index.php(67): CodeIgniter\CodeIgniter->run()
CRITICAL - 2022-11-05 10:44:52 --> Call to a member function move() on null
in APPPATH\Controllers\CMasyarakat.php on line 62.
 1 SYSTEMPATH\CodeIgniter.php(904): App\Controllers\CMasyarakat->tambah_pengajuan_surat()
 2 SYSTEMPATH\CodeIgniter.php(457): CodeIgniter\CodeIgniter->runController(Object(App\Controllers\CMasyarakat))
 3 SYSTEMPATH\CodeIgniter.php(340): CodeIgniter\CodeIgniter->handleRequest(null, Object(Config\Cache), false)
 4 FCPATH\index.php(67): CodeIgniter\CodeIgniter->run()
ERROR - 2022-11-05 10:59:30 --> mysqli_sql_exception: Column 'NIK' in where clause is ambiguous in C:\xampp\htdocs\SIKADES4\system\Database\MySQLi\Connection.php:292
Stack trace:
#0 C:\xampp\htdocs\SIKADES4\system\Database\MySQLi\Connection.php(292): mysqli->query('SELECT *\nFROM `...', 0)
#1 C:\xampp\htdocs\SIKADES4\system\Database\BaseConnection.php(693): CodeIgniter\Database\MySQLi\Connection->execute('SELECT *\nFROM `...')
#2 C:\xampp\htdocs\SIKADES4\system\Database\BaseConnection.php(620): CodeIgniter\Database\BaseConnection->simpleQuery('SELECT *\nFROM `...')
#3 C:\xampp\htdocs\SIKADES4\system\Database\BaseBuilder.php(1585): CodeIgniter\Database\BaseConnection->query('SELECT *\nFROM `...', Array, false)
#4 C:\xampp\htdocs\SIKADES4\app\Models\MMasyarakat.php(22): CodeIgniter\Database\BaseBuilder->get()
#5 C:\xampp\htdocs\SIKADES4\app\Controllers\CUtama.php(228): App\Models\MMasyarakat->tampilkan_data_pengajuan('3072892323')
#6 C:\xampp\htdocs\SIKADES4\system\CodeIgniter.php(904): App\Controllers\CUtama->link_pengajuan_surat_masyarakat()
#7 C:\xampp\htdocs\SIKADES4\system\CodeIgniter.php(457): CodeIgniter\CodeIgniter->runController(Object(App\Controllers\CUtama))
#8 C:\xampp\htdocs\SIKADES4\system\CodeIgniter.php(340): CodeIgniter\CodeIgniter->handleRequest(NULL, Object(Config\Cache), false)
#9 C:\xampp\htdocs\SIKADES4\index.php(67): CodeIgniter\CodeIgniter->run()
#10 {main}
CRITICAL - 2022-11-05 10:59:30 --> Column 'NIK' in where clause is ambiguous
in SYSTEMPATH\Database\MySQLi\Connection.php on line 292.
 1 SYSTEMPATH\Database\MySQLi\Connection.php(292): mysqli->query('SELECT *
FROM `pengajuan_surat`
JOIN `masyarakat` ON `masyarakat`.`NIK`=`pengajuan_surat`.`NIK`
WHERE `NIK` = \'3072892323\'', 0)
 2 SYSTEMPATH\Database\BaseConnection.php(693): CodeIgniter\Database\MySQLi\Connection->execute('SELECT *
FROM `pengajuan_surat`
JOIN `masyarakat` ON `masyarakat`.`NIK`=`pengajuan_surat`.`NIK`
WHERE `NIK` = \'3072892323\'')
 3 SYSTEMPATH\Database\BaseConnection.php(620): CodeIgniter\Database\BaseConnection->simpleQuery('SELECT *
FROM `pengajuan_surat`
JOIN `masyarakat` ON `masyarakat`.`NIK`=`pengajuan_surat`.`NIK`
WHERE `NIK` = \'3072892323\'')
 4 SYSTEMPATH\Database\BaseBuilder.php(1585): CodeIgniter\Database\BaseConnection->query('SELECT *
FROM `pengajuan_surat`
JOIN `masyarakat` ON `masyarakat`.`NIK`=`pengajuan_surat`.`NIK`
WHERE `NIK` = :NIK:', [...], false)
 5 APPPATH\Models\MMasyarakat.php(22): CodeIgniter\Database\BaseBuilder->get()
 6 APPPATH\Controllers\CUtama.php(228): App\Models\MMasyarakat->tampilkan_data_pengajuan('3072892323')
 7 SYSTEMPATH\CodeIgniter.php(904): App\Controllers\CUtama->link_pengajuan_surat_masyarakat()
 8 SYSTEMPATH\CodeIgniter.php(457): CodeIgniter\CodeIgniter->runController(Object(App\Controllers\CUtama))
 9 SYSTEMPATH\CodeIgniter.php(340): CodeIgniter\CodeIgniter->handleRequest(null, Object(Config\Cache), false)
10 FCPATH\index.php(67): CodeIgniter\CodeIgniter->run()
ERROR - 2022-11-05 11:00:13 --> mysqli_sql_exception: Column 'NIK' in where clause is ambiguous in C:\xampp\htdocs\SIKADES4\system\Database\MySQLi\Connection.php:292
Stack trace:
#0 C:\xampp\htdocs\SIKADES4\system\Database\MySQLi\Connection.php(292): mysqli->query('SELECT *\nFROM `...', 0)
#1 C:\xampp\htdocs\SIKADES4\system\Database\BaseConnection.php(693): CodeIgniter\Database\MySQLi\Connection->execute('SELECT *\nFROM `...')
#2 C:\xampp\htdocs\SIKADES4\system\Database\BaseConnection.php(620): CodeIgniter\Database\BaseConnection->simpleQuery('SELECT *\nFROM `...')
#3 C:\xampp\htdocs\SIKADES4\system\Database\BaseBuilder.php(1585): CodeIgniter\Database\BaseConnection->query('SELECT *\nFROM `...', Array, false)
#4 C:\xampp\htdocs\SIKADES4\app\Models\MMasyarakat.php(22): CodeIgniter\Database\BaseBuilder->get()
#5 C:\xampp\htdocs\SIKADES4\app\Controllers\CUtama.php(228): App\Models\MMasyarakat->tampilkan_data_pengajuan('3072892323')
#6 C:\xampp\htdocs\SIKADES4\system\CodeIgniter.php(904): App\Controllers\CUtama->link_pengajuan_surat_masyarakat()
#7 C:\xampp\htdocs\SIKADES4\system\CodeIgniter.php(457): CodeIgniter\CodeIgniter->runController(Object(App\Controllers\CUtama))
#8 C:\xampp\htdocs\SIKADES4\system\CodeIgniter.php(340): CodeIgniter\CodeIgniter->handleRequest(NULL, Object(Config\Cache), false)
#9 C:\xampp\htdocs\SIKADES4\index.php(67): CodeIgniter\CodeIgniter->run()
#10 {main}
CRITICAL - 2022-11-05 11:00:13 --> Column 'NIK' in where clause is ambiguous
in SYSTEMPATH\Database\MySQLi\Connection.php on line 292.
 1 SYSTEMPATH\Database\MySQLi\Connection.php(292): mysqli->query('SELECT *
FROM `pengajuan_surat`
JOIN `masyarakat` ON `masyarakat`.`NIK`=`pengajuan_surat`.`NIK`
WHERE `NIK` = \'3072892323\'', 0)
 2 SYSTEMPATH\Database\BaseConnection.php(693): CodeIgniter\Database\MySQLi\Connection->execute('SELECT *
FROM `pengajuan_surat`
JOIN `masyarakat` ON `masyarakat`.`NIK`=`pengajuan_surat`.`NIK`
WHERE `NIK` = \'3072892323\'')
 3 SYSTEMPATH\Database\BaseConnection.php(620): CodeIgniter\Database\BaseConnection->simpleQuery('SELECT *
FROM `pengajuan_surat`
JOIN `masyarakat` ON `masyarakat`.`NIK`=`pengajuan_surat`.`NIK`
WHERE `NIK` = \'3072892323\'')
 4 SYSTEMPATH\Database\BaseBuilder.php(1585): CodeIgniter\Database\BaseConnection->query('SELECT *
FROM `pengajuan_surat`
JOIN `masyarakat` ON `masyarakat`.`NIK`=`pengajuan_surat`.`NIK`
WHERE `NIK` = :NIK:', [...], false)
 5 APPPATH\Models\MMasyarakat.php(22): CodeIgniter\Database\BaseBuilder->get()
 6 APPPATH\Controllers\CUtama.php(228): App\Models\MMasyarakat->tampilkan_data_pengajuan('3072892323')
 7 SYSTEMPATH\CodeIgniter.php(904): App\Controllers\CUtama->link_pengajuan_surat_masyarakat()
 8 SYSTEMPATH\CodeIgniter.php(457): CodeIgniter\CodeIgniter->runController(Object(App\Controllers\CUtama))
 9 SYSTEMPATH\CodeIgniter.php(340): CodeIgniter\CodeIgniter->handleRequest(null, Object(Config\Cache), false)
10 FCPATH\index.php(67): CodeIgniter\CodeIgniter->run()
ERROR - 2022-11-05 11:00:26 --> mysqli_sql_exception: Column 'NIK' in where clause is ambiguous in C:\xampp\htdocs\SIKADES4\system\Database\MySQLi\Connection.php:292
Stack trace:
#0 C:\xampp\htdocs\SIKADES4\system\Database\MySQLi\Connection.php(292): mysqli->query('SELECT *\nFROM `...', 0)
#1 C:\xampp\htdocs\SIKADES4\system\Database\BaseConnection.php(693): CodeIgniter\Database\MySQLi\Connection->execute('SELECT *\nFROM `...')
#2 C:\xampp\htdocs\SIKADES4\system\Database\BaseConnection.php(620): CodeIgniter\Database\BaseConnection->simpleQuery('SELECT *\nFROM `...')
#3 C:\xampp\htdocs\SIKADES4\system\Database\BaseBuilder.php(1585): CodeIgniter\Database\BaseConnection->query('SELECT *\nFROM `...', Array, false)
#4 C:\xampp\htdocs\SIKADES4\app\Models\MMasyarakat.php(22): CodeIgniter\Database\BaseBuilder->get()
#5 C:\xampp\htdocs\SIKADES4\app\Controllers\CUtama.php(228): App\Models\MMasyarakat->tampilkan_data_pengajuan('3072892323')
#6 C:\xampp\htdocs\SIKADES4\system\CodeIgniter.php(904): App\Controllers\CUtama->link_pengajuan_surat_masyarakat()
#7 C:\xampp\htdocs\SIKADES4\system\CodeIgniter.php(457): CodeIgniter\CodeIgniter->runController(Object(App\Controllers\CUtama))
#8 C:\xampp\htdocs\SIKADES4\system\CodeIgniter.php(340): CodeIgniter\CodeIgniter->handleRequest(NULL, Object(Config\Cache), false)
#9 C:\xampp\htdocs\SIKADES4\index.php(67): CodeIgniter\CodeIgniter->run()
#10 {main}
CRITICAL - 2022-11-05 11:00:26 --> Column 'NIK' in where clause is ambiguous
in SYSTEMPATH\Database\MySQLi\Connection.php on line 292.
 1 SYSTEMPATH\Database\MySQLi\Connection.php(292): mysqli->query('SELECT *
FROM `pengajuan_surat`
JOIN `masyarakat` ON `masyarakat`.`NIK`=`pengajuan_surat`.`NIK`
WHERE `NIK` = \'3072892323\'', 0)
 2 SYSTEMPATH\Database\BaseConnection.php(693): CodeIgniter\Database\MySQLi\Connection->execute('SELECT *
FROM `pengajuan_surat`
JOIN `masyarakat` ON `masyarakat`.`NIK`=`pengajuan_surat`.`NIK`
WHERE `NIK` = \'3072892323\'')
 3 SYSTEMPATH\Database\BaseConnection.php(620): CodeIgniter\Database\BaseConnection->simpleQuery('SELECT *
FROM `pengajuan_surat`
JOIN `masyarakat` ON `masyarakat`.`NIK`=`pengajuan_surat`.`NIK`
WHERE `NIK` = \'3072892323\'')
 4 SYSTEMPATH\Database\BaseBuilder.php(1585): CodeIgniter\Database\BaseConnection->query('SELECT *
FROM `pengajuan_surat`
JOIN `masyarakat` ON `masyarakat`.`NIK`=`pengajuan_surat`.`NIK`
WHERE `NIK` = :NIK:', [...], false)
 5 APPPATH\Models\MMasyarakat.php(22): CodeIgniter\Database\BaseBuilder->get()
 6 APPPATH\Controllers\CUtama.php(228): App\Models\MMasyarakat->tampilkan_data_pengajuan('3072892323')
 7 SYSTEMPATH\CodeIgniter.php(904): App\Controllers\CUtama->link_pengajuan_surat_masyarakat()
 8 SYSTEMPATH\CodeIgniter.php(457): CodeIgniter\CodeIgniter->runController(Object(App\Controllers\CUtama))
 9 SYSTEMPATH\CodeIgniter.php(340): CodeIgniter\CodeIgniter->handleRequest(null, Object(Config\Cache), false)
10 FCPATH\index.php(67): CodeIgniter\CodeIgniter->run()
ERROR - 2022-11-05 11:01:48 --> mysqli_sql_exception: Column 'NIK' in where clause is ambiguous in C:\xampp\htdocs\SIKADES4\system\Database\MySQLi\Connection.php:292
Stack trace:
#0 C:\xampp\htdocs\SIKADES4\system\Database\MySQLi\Connection.php(292): mysqli->query('SELECT *\nFROM `...', 0)
#1 C:\xampp\htdocs\SIKADES4\system\Database\BaseConnection.php(693): CodeIgniter\Database\MySQLi\Connection->execute('SELECT *\nFROM `...')
#2 C:\xampp\htdocs\SIKADES4\system\Database\BaseConnection.php(620): CodeIgniter\Database\BaseConnection->simpleQuery('SELECT *\nFROM `...')
#3 C:\xampp\htdocs\SIKADES4\system\Database\BaseBuilder.php(1585): CodeIgniter\Database\BaseConnection->query('SELECT *\nFROM `...', Array, false)
#4 C:\xampp\htdocs\SIKADES4\app\Models\MMasyarakat.php(22): CodeIgniter\Database\BaseBuilder->get()
#5 C:\xampp\htdocs\SIKADES4\app\Controllers\CUtama.php(228): App\Models\MMasyarakat->tampilkan_data_pengajuan('3072892323')
#6 C:\xampp\htdocs\SIKADES4\system\CodeIgniter.php(904): App\Controllers\CUtama->link_pengajuan_surat_masyarakat()
#7 C:\xampp\htdocs\SIKADES4\system\CodeIgniter.php(457): CodeIgniter\CodeIgniter->runController(Object(App\Controllers\CUtama))
#8 C:\xampp\htdocs\SIKADES4\system\CodeIgniter.php(340): CodeIgniter\CodeIgniter->handleRequest(NULL, Object(Config\Cache), false)
#9 C:\xampp\htdocs\SIKADES4\index.php(67): CodeIgniter\CodeIgniter->run()
#10 {main}
CRITICAL - 2022-11-05 11:01:48 --> Column 'NIK' in where clause is ambiguous
in SYSTEMPATH\Database\MySQLi\Connection.php on line 292.
 1 SYSTEMPATH\Database\MySQLi\Connection.php(292): mysqli->query('SELECT *
FROM `pengajuan_surat`
JOIN `masyarakat` ON `masyarakat`.`NIK`=`pengajuan_surat`.`NIK`
WHERE `NIK` = \'3072892323\'', 0)
 2 SYSTEMPATH\Database\BaseConnection.php(693): CodeIgniter\Database\MySQLi\Connection->execute('SELECT *
FROM `pengajuan_surat`
JOIN `masyarakat` ON `masyarakat`.`NIK`=`pengajuan_surat`.`NIK`
WHERE `NIK` = \'3072892323\'')
 3 SYSTEMPATH\Database\BaseConnection.php(620): CodeIgniter\Database\BaseConnection->simpleQuery('SELECT *
FROM `pengajuan_surat`
JOIN `masyarakat` ON `masyarakat`.`NIK`=`pengajuan_surat`.`NIK`
WHERE `NIK` = \'3072892323\'')
 4 SYSTEMPATH\Database\BaseBuilder.php(1585): CodeIgniter\Database\BaseConnection->query('SELECT *
FROM `pengajuan_surat`
JOIN `masyarakat` ON `masyarakat`.`NIK`=`pengajuan_surat`.`NIK`
WHERE `NIK` = :NIK:', [...], false)
 5 APPPATH\Models\MMasyarakat.php(22): CodeIgniter\Database\BaseBuilder->get()
 6 APPPATH\Controllers\CUtama.php(228): App\Models\MMasyarakat->tampilkan_data_pengajuan('3072892323')
 7 SYSTEMPATH\CodeIgniter.php(904): App\Controllers\CUtama->link_pengajuan_surat_masyarakat()
 8 SYSTEMPATH\CodeIgniter.php(457): CodeIgniter\CodeIgniter->runController(Object(App\Controllers\CUtama))
 9 SYSTEMPATH\CodeIgniter.php(340): CodeIgniter\CodeIgniter->handleRequest(null, Object(Config\Cache), false)
10 FCPATH\index.php(67): CodeIgniter\CodeIgniter->run()
CRITICAL - 2022-11-05 11:13:43 --> Undefined variable: row
in APPPATH\Views\dashboard\pages\user\v_pengajuan_surat.php on line 43.
 1 APPPATH\Views\dashboard\pages\user\v_pengajuan_surat.php(43): CodeIgniter\Debug\Exceptions->errorHandler(8, 'Undefined variable: row', 'APPPATH\\Views\\dashboard\\pages\\user\\v_pengajuan_surat.php', 43, [...])
 2 SYSTEMPATH\View\View.php(213): include('APPPATH\\Views\\dashboard\\pages\\user\\v_pengajuan_surat.php')
 3 SYSTEMPATH\View\View.php(216): CodeIgniter\View\View->CodeIgniter\View\{closure}()
 4 SYSTEMPATH\Common.php(1137): CodeIgniter\View\View->render('dashboard/pages/user/v_pengajuan_surat', [], true)
 5 APPPATH\Controllers\CUtama.php(239): view('dashboard/pages/user/v_pengajuan_surat', [...])
 6 SYSTEMPATH\CodeIgniter.php(904): App\Controllers\CUtama->link_pengajuan_surat_masyarakat()
 7 SYSTEMPATH\CodeIgniter.php(457): CodeIgniter\CodeIgniter->runController(Object(App\Controllers\CUtama))
 8 SYSTEMPATH\CodeIgniter.php(340): CodeIgniter\CodeIgniter->handleRequest(null, Object(Config\Cache), false)
 9 FCPATH\index.php(67): CodeIgniter\CodeIgniter->run()
CRITICAL - 2022-11-05 11:14:11 --> Undefined variable: row
in APPPATH\Views\dashboard\pages\user\v_pengajuan_surat.php on line 44.
 1 APPPATH\Views\dashboard\pages\user\v_pengajuan_surat.php(44): CodeIgniter\Debug\Exceptions->errorHandler(8, 'Undefined variable: row', 'APPPATH\\Views\\dashboard\\pages\\user\\v_pengajuan_surat.php', 44, [...])
 2 SYSTEMPATH\View\View.php(213): include('APPPATH\\Views\\dashboard\\pages\\user\\v_pengajuan_surat.php')
 3 SYSTEMPATH\View\View.php(216): CodeIgniter\View\View->CodeIgniter\View\{closure}()
 4 SYSTEMPATH\Common.php(1137): CodeIgniter\View\View->render('dashboard/pages/user/v_pengajuan_surat', [], true)
 5 APPPATH\Controllers\CUtama.php(239): view('dashboard/pages/user/v_pengajuan_surat', [...])
 6 SYSTEMPATH\CodeIgniter.php(904): App\Controllers\CUtama->link_pengajuan_surat_masyarakat()
 7 SYSTEMPATH\CodeIgniter.php(457): CodeIgniter\CodeIgniter->runController(Object(App\Controllers\CUtama))
 8 SYSTEMPATH\CodeIgniter.php(340): CodeIgniter\CodeIgniter->handleRequest(null, Object(Config\Cache), false)
 9 FCPATH\index.php(67): CodeIgniter\CodeIgniter->run()
CRITICAL - 2022-11-05 11:24:49 --> Undefined property: App\Controllers\CMasyarakat::$mSekertaris
in APPPATH\Controllers\CMasyarakat.php on line 85.
 1 APPPATH\Controllers\CMasyarakat.php(85): CodeIgniter\Debug\Exceptions->errorHandler(8, 'Undefined property: App\\Controllers\\CMasyarakat::$mSekertaris', 'APPPATH\\Controllers\\CMasyarakat.php', 85, [...])
 2 SYSTEMPATH\CodeIgniter.php(904): App\Controllers\CMasyarakat->hapus_pengajuan_masyarakat('SRPJ-2022115224942')
 3 SYSTEMPATH\CodeIgniter.php(457): CodeIgniter\CodeIgniter->runController(Object(App\Controllers\CMasyarakat))
 4 SYSTEMPATH\CodeIgniter.php(340): CodeIgniter\CodeIgniter->handleRequest(null, Object(Config\Cache), false)
 5 FCPATH\index.php(67): CodeIgniter\CodeIgniter->run()
