ERROR - 2022-12-12 01:31:56 --> mysqli_sql_exception: Cannot delete or update a parent row: a foreign key constraint fails (`db_sikades`.`syarat_surat`, CONSTRAINT `syarat_surat_ibfk_1` FOREIGN KEY (`id_syarat`) REFERENCES `syarat` (`id_syarat`)) in C:\xampp\htdocs\SIKADES4\system\Database\MySQLi\Connection.php:292
Stack trace:
#0 C:\xampp\htdocs\SIKADES4\system\Database\MySQLi\Connection.php(292): mysqli->query('DELETE FROM `sy...', 0)
#1 C:\xampp\htdocs\SIKADES4\system\Database\BaseConnection.php(693): CodeIgniter\Database\MySQLi\Connection->execute('DELETE FROM `sy...')
#2 C:\xampp\htdocs\SIKADES4\system\Database\BaseConnection.php(620): CodeIgniter\Database\BaseConnection->simpleQuery('DELETE FROM `sy...')
#3 C:\xampp\htdocs\SIKADES4\system\Database\BaseBuilder.php(2390): CodeIgniter\Database\BaseConnection->query('DELETE FROM `sy...', Array, false)
#4 C:\xampp\htdocs\SIKADES4\app\Models\MSekertaris.php(172): CodeIgniter\Database\BaseBuilder->delete()
#5 C:\xampp\htdocs\SIKADES4\app\Controllers\CSekertaris.php(403): App\Models\MSekertaris->proses_hapus_data_syarat('SY-202210261854...')
#6 C:\xampp\htdocs\SIKADES4\system\CodeIgniter.php(904): App\Controllers\CSekertaris->hapus_data_syarat('SY-202210261854...')
#7 C:\xampp\htdocs\SIKADES4\system\CodeIgniter.php(457): CodeIgniter\CodeIgniter->runController(Object(App\Controllers\CSekertaris))
#8 C:\xampp\htdocs\SIKADES4\system\CodeIgniter.php(340): CodeIgniter\CodeIgniter->handleRequest(NULL, Object(Config\Cache), false)
#9 C:\xampp\htdocs\SIKADES4\index.php(67): CodeIgniter\CodeIgniter->run()
#10 {main}
CRITICAL - 2022-12-12 01:31:56 --> Cannot delete or update a parent row: a foreign key constraint fails (`db_sikades`.`syarat_surat`, CONSTRAINT `syarat_surat_ibfk_1` FOREIGN KEY (`id_syarat`) REFERENCES `syarat` (`id_syarat`))
in SYSTEMPATH\Database\MySQLi\Connection.php on line 292.
 1 SYSTEMPATH\Database\MySQLi\Connection.php(292): mysqli->query('DELETE FROM `syarat`
WHERE `id_syarat` = \'SY-20221026185452\'', 0)
 2 SYSTEMPATH\Database\BaseConnection.php(693): CodeIgniter\Database\MySQLi\Connection->execute('DELETE FROM `syarat`
WHERE `id_syarat` = \'SY-20221026185452\'')
 3 SYSTEMPATH\Database\BaseConnection.php(620): CodeIgniter\Database\BaseConnection->simpleQuery('DELETE FROM `syarat`
WHERE `id_syarat` = \'SY-20221026185452\'')
 4 SYSTEMPATH\Database\BaseBuilder.php(2390): CodeIgniter\Database\BaseConnection->query('DELETE FROM `syarat`
WHERE `id_syarat` = :id_syarat:', [...], false)
 5 APPPATH\Models\MSekertaris.php(172): CodeIgniter\Database\BaseBuilder->delete()
 6 APPPATH\Controllers\CSekertaris.php(403): App\Models\MSekertaris->proses_hapus_data_syarat('SY-20221026185452')
 7 SYSTEMPATH\CodeIgniter.php(904): App\Controllers\CSekertaris->hapus_data_syarat('SY-20221026185452')
 8 SYSTEMPATH\CodeIgniter.php(457): CodeIgniter\CodeIgniter->runController(Object(App\Controllers\CSekertaris))
 9 SYSTEMPATH\CodeIgniter.php(340): CodeIgniter\CodeIgniter->handleRequest(null, Object(Config\Cache), false)
10 FCPATH\index.php(67): CodeIgniter\CodeIgniter->run()
