ERROR - 2022-11-07 08:28:27 --> mysqli_sql_exception: Column 'NIK' in where clause is ambiguous in C:\xampp\htdocs\SIKADES4\system\Database\MySQLi\Connection.php:292
Stack trace:
#0 C:\xampp\htdocs\SIKADES4\system\Database\MySQLi\Connection.php(292): mysqli->query('SELECT *\nFROM `...', 0)
#1 C:\xampp\htdocs\SIKADES4\system\Database\BaseConnection.php(693): CodeIgniter\Database\MySQLi\Connection->execute('SELECT *\nFROM `...')
#2 C:\xampp\htdocs\SIKADES4\system\Database\BaseConnection.php(620): CodeIgniter\Database\BaseConnection->simpleQuery('SELECT *\nFROM `...')
#3 C:\xampp\htdocs\SIKADES4\system\Database\BaseBuilder.php(1585): CodeIgniter\Database\BaseConnection->query('SELECT *\nFROM `...', Array, false)
#4 C:\xampp\htdocs\SIKADES4\app\Models\MSekertaris.php(184): CodeIgniter\Database\BaseBuilder->get()
#5 C:\xampp\htdocs\SIKADES4\app\Controllers\CSekertaris.php(490): App\Models\MSekertaris->proses_cari_data_pengajuan_surat('fdsa')
#6 C:\xampp\htdocs\SIKADES4\system\CodeIgniter.php(904): App\Controllers\CSekertaris->cari_data_pengajuan_surat()
#7 C:\xampp\htdocs\SIKADES4\system\CodeIgniter.php(457): CodeIgniter\CodeIgniter->runController(Object(App\Controllers\CSekertaris))
#8 C:\xampp\htdocs\SIKADES4\system\CodeIgniter.php(340): CodeIgniter\CodeIgniter->handleRequest(NULL, Object(Config\Cache), false)
#9 C:\xampp\htdocs\SIKADES4\index.php(67): CodeIgniter\CodeIgniter->run()
#10 {main}
CRITICAL - 2022-11-07 08:28:27 --> Column 'NIK' in where clause is ambiguous
in SYSTEMPATH\Database\MySQLi\Connection.php on line 292.
 1 SYSTEMPATH\Database\MySQLi\Connection.php(292): mysqli->query('SELECT *
FROM `pengajuan_surat`
JOIN `masyarakat` ON `masyarakat`.`NIK`=`pengajuan_surat`.`NIK`
JOIN `surat` ON `surat`.`id_surat`=`pengajuan_surat`.`id_surat`
WHERE `nama_masyarakat` LIKE \'%fdsa%\' ESCAPE \'!\'
OR  `NIK` LIKE \'%fdsa%\' ESCAPE \'!\'
AND `status` != \'disetujui2\'', 0)
 2 SYSTEMPATH\Database\BaseConnection.php(693): CodeIgniter\Database\MySQLi\Connection->execute('SELECT *
FROM `pengajuan_surat`
JOIN `masyarakat` ON `masyarakat`.`NIK`=`pengajuan_surat`.`NIK`
JOIN `surat` ON `surat`.`id_surat`=`pengajuan_surat`.`id_surat`
WHERE `nama_masyarakat` LIKE \'%fdsa%\' ESCAPE \'!\'
OR  `NIK` LIKE \'%fdsa%\' ESCAPE \'!\'
AND `status` != \'disetujui2\'')
 3 SYSTEMPATH\Database\BaseConnection.php(620): CodeIgniter\Database\BaseConnection->simpleQuery('SELECT *
FROM `pengajuan_surat`
JOIN `masyarakat` ON `masyarakat`.`NIK`=`pengajuan_surat`.`NIK`
JOIN `surat` ON `surat`.`id_surat`=`pengajuan_surat`.`id_surat`
WHERE `nama_masyarakat` LIKE \'%fdsa%\' ESCAPE \'!\'
OR  `NIK` LIKE \'%fdsa%\' ESCAPE \'!\'
AND `status` != \'disetujui2\'')
 4 SYSTEMPATH\Database\BaseBuilder.php(1585): CodeIgniter\Database\BaseConnection->query('SELECT *
FROM `pengajuan_surat`
JOIN `masyarakat` ON `masyarakat`.`NIK`=`pengajuan_surat`.`NIK`
JOIN `surat` ON `surat`.`id_surat`=`pengajuan_surat`.`id_surat`
WHERE `nama_masyarakat` LIKE :nama_masyarakat: ESCAPE \'!\'
OR  `NIK` LIKE :NIK: ESCAPE \'!\'
AND `status` != :status:', [...], false)
 5 APPPATH\Models\MSekertaris.php(184): CodeIgniter\Database\BaseBuilder->get()
 6 APPPATH\Controllers\CSekertaris.php(490): App\Models\MSekertaris->proses_cari_data_pengajuan_surat('fdsa')
 7 SYSTEMPATH\CodeIgniter.php(904): App\Controllers\CSekertaris->cari_data_pengajuan_surat()
 8 SYSTEMPATH\CodeIgniter.php(457): CodeIgniter\CodeIgniter->runController(Object(App\Controllers\CSekertaris))
 9 SYSTEMPATH\CodeIgniter.php(340): CodeIgniter\CodeIgniter->handleRequest(null, Object(Config\Cache), false)
10 FCPATH\index.php(67): CodeIgniter\CodeIgniter->run()
CRITICAL - 2022-11-07 08:31:15 --> Undefined variable: row
in APPPATH\Views\dashboard\pages\admin\v_pengajuan_surat.php on line 193.
 1 APPPATH\Views\dashboard\pages\admin\v_pengajuan_surat.php(193): CodeIgniter\Debug\Exceptions->errorHandler(8, 'Undefined variable: row', 'APPPATH\\Views\\dashboard\\pages\\admin\\v_pengajuan_surat.php', 193, [...])
 2 SYSTEMPATH\View\View.php(213): include('APPPATH\\Views\\dashboard\\pages\\admin\\v_pengajuan_surat.php')
 3 SYSTEMPATH\View\View.php(216): CodeIgniter\View\View->CodeIgniter\View\{closure}()
 4 SYSTEMPATH\Common.php(1137): CodeIgniter\View\View->render('dashboard/pages/admin/v_pengajuan_surat', [], true)
 5 APPPATH\Controllers\CUtama.php(225): view('dashboard/pages/admin/v_pengajuan_surat', [...])
 6 SYSTEMPATH\CodeIgniter.php(904): App\Controllers\CUtama->link_pengajuan_surat_sekertaris()
 7 SYSTEMPATH\CodeIgniter.php(457): CodeIgniter\CodeIgniter->runController(Object(App\Controllers\CUtama))
 8 SYSTEMPATH\CodeIgniter.php(340): CodeIgniter\CodeIgniter->handleRequest(null, Object(Config\Cache), false)
 9 FCPATH\index.php(67): CodeIgniter\CodeIgniter->run()
CRITICAL - 2022-11-07 08:31:18 --> Undefined variable: row
in APPPATH\Views\dashboard\pages\admin\v_pengajuan_surat.php on line 193.
 1 APPPATH\Views\dashboard\pages\admin\v_pengajuan_surat.php(193): CodeIgniter\Debug\Exceptions->errorHandler(8, 'Undefined variable: row', 'APPPATH\\Views\\dashboard\\pages\\admin\\v_pengajuan_surat.php', 193, [...])
 2 SYSTEMPATH\View\View.php(213): include('APPPATH\\Views\\dashboard\\pages\\admin\\v_pengajuan_surat.php')
 3 SYSTEMPATH\View\View.php(216): CodeIgniter\View\View->CodeIgniter\View\{closure}()
 4 SYSTEMPATH\Common.php(1137): CodeIgniter\View\View->render('dashboard/pages/admin/v_pengajuan_surat', [], true)
 5 APPPATH\Controllers\CUtama.php(225): view('dashboard/pages/admin/v_pengajuan_surat', [...])
 6 SYSTEMPATH\CodeIgniter.php(904): App\Controllers\CUtama->link_pengajuan_surat_sekertaris()
 7 SYSTEMPATH\CodeIgniter.php(457): CodeIgniter\CodeIgniter->runController(Object(App\Controllers\CUtama))
 8 SYSTEMPATH\CodeIgniter.php(340): CodeIgniter\CodeIgniter->handleRequest(null, Object(Config\Cache), false)
 9 FCPATH\index.php(67): CodeIgniter\CodeIgniter->run()
CRITICAL - 2022-11-07 08:32:04 --> Undefined variable: row
in APPPATH\Views\dashboard\pages\admin\v_pengajuan_surat.php on line 193.
 1 APPPATH\Views\dashboard\pages\admin\v_pengajuan_surat.php(193): CodeIgniter\Debug\Exceptions->errorHandler(8, 'Undefined variable: row', 'APPPATH\\Views\\dashboard\\pages\\admin\\v_pengajuan_surat.php', 193, [...])
 2 SYSTEMPATH\View\View.php(213): include('APPPATH\\Views\\dashboard\\pages\\admin\\v_pengajuan_surat.php')
 3 SYSTEMPATH\View\View.php(216): CodeIgniter\View\View->CodeIgniter\View\{closure}()
 4 SYSTEMPATH\Common.php(1137): CodeIgniter\View\View->render('dashboard/pages/admin/v_pengajuan_surat', [], true)
 5 APPPATH\Controllers\CUtama.php(225): view('dashboard/pages/admin/v_pengajuan_surat', [...])
 6 SYSTEMPATH\CodeIgniter.php(904): App\Controllers\CUtama->link_pengajuan_surat_sekertaris()
 7 SYSTEMPATH\CodeIgniter.php(457): CodeIgniter\CodeIgniter->runController(Object(App\Controllers\CUtama))
 8 SYSTEMPATH\CodeIgniter.php(340): CodeIgniter\CodeIgniter->handleRequest(null, Object(Config\Cache), false)
 9 FCPATH\index.php(67): CodeIgniter\CodeIgniter->run()
CRITICAL - 2022-11-07 08:34:01 --> Undefined variable: row
in APPPATH\Views\dashboard\pages\admin\v_pengajuan_surat.php on line 193.
 1 APPPATH\Views\dashboard\pages\admin\v_pengajuan_surat.php(193): CodeIgniter\Debug\Exceptions->errorHandler(8, 'Undefined variable: row', 'APPPATH\\Views\\dashboard\\pages\\admin\\v_pengajuan_surat.php', 193, [...])
 2 SYSTEMPATH\View\View.php(213): include('APPPATH\\Views\\dashboard\\pages\\admin\\v_pengajuan_surat.php')
 3 SYSTEMPATH\View\View.php(216): CodeIgniter\View\View->CodeIgniter\View\{closure}()
 4 SYSTEMPATH\Common.php(1137): CodeIgniter\View\View->render('dashboard/pages/admin/v_pengajuan_surat', [], true)
 5 APPPATH\Controllers\CUtama.php(225): view('dashboard/pages/admin/v_pengajuan_surat', [...])
 6 SYSTEMPATH\CodeIgniter.php(904): App\Controllers\CUtama->link_pengajuan_surat_sekertaris()
 7 SYSTEMPATH\CodeIgniter.php(457): CodeIgniter\CodeIgniter->runController(Object(App\Controllers\CUtama))
 8 SYSTEMPATH\CodeIgniter.php(340): CodeIgniter\CodeIgniter->handleRequest(null, Object(Config\Cache), false)
 9 FCPATH\index.php(67): CodeIgniter\CodeIgniter->run()
CRITICAL - 2022-11-07 08:34:03 --> Undefined variable: row
in APPPATH\Views\dashboard\pages\admin\v_pengajuan_surat.php on line 193.
 1 APPPATH\Views\dashboard\pages\admin\v_pengajuan_surat.php(193): CodeIgniter\Debug\Exceptions->errorHandler(8, 'Undefined variable: row', 'APPPATH\\Views\\dashboard\\pages\\admin\\v_pengajuan_surat.php', 193, [...])
 2 SYSTEMPATH\View\View.php(213): include('APPPATH\\Views\\dashboard\\pages\\admin\\v_pengajuan_surat.php')
 3 SYSTEMPATH\View\View.php(216): CodeIgniter\View\View->CodeIgniter\View\{closure}()
 4 SYSTEMPATH\Common.php(1137): CodeIgniter\View\View->render('dashboard/pages/admin/v_pengajuan_surat', [], true)
 5 APPPATH\Controllers\CUtama.php(225): view('dashboard/pages/admin/v_pengajuan_surat', [...])
 6 SYSTEMPATH\CodeIgniter.php(904): App\Controllers\CUtama->link_pengajuan_surat_sekertaris()
 7 SYSTEMPATH\CodeIgniter.php(457): CodeIgniter\CodeIgniter->runController(Object(App\Controllers\CUtama))
 8 SYSTEMPATH\CodeIgniter.php(340): CodeIgniter\CodeIgniter->handleRequest(null, Object(Config\Cache), false)
 9 FCPATH\index.php(67): CodeIgniter\CodeIgniter->run()
CRITICAL - 2022-11-07 08:34:03 --> Undefined variable: row
in APPPATH\Views\dashboard\pages\admin\v_pengajuan_surat.php on line 193.
 1 APPPATH\Views\dashboard\pages\admin\v_pengajuan_surat.php(193): CodeIgniter\Debug\Exceptions->errorHandler(8, 'Undefined variable: row', 'APPPATH\\Views\\dashboard\\pages\\admin\\v_pengajuan_surat.php', 193, [...])
 2 SYSTEMPATH\View\View.php(213): include('APPPATH\\Views\\dashboard\\pages\\admin\\v_pengajuan_surat.php')
 3 SYSTEMPATH\View\View.php(216): CodeIgniter\View\View->CodeIgniter\View\{closure}()
 4 SYSTEMPATH\Common.php(1137): CodeIgniter\View\View->render('dashboard/pages/admin/v_pengajuan_surat', [], true)
 5 APPPATH\Controllers\CUtama.php(225): view('dashboard/pages/admin/v_pengajuan_surat', [...])
 6 SYSTEMPATH\CodeIgniter.php(904): App\Controllers\CUtama->link_pengajuan_surat_sekertaris()
 7 SYSTEMPATH\CodeIgniter.php(457): CodeIgniter\CodeIgniter->runController(Object(App\Controllers\CUtama))
 8 SYSTEMPATH\CodeIgniter.php(340): CodeIgniter\CodeIgniter->handleRequest(null, Object(Config\Cache), false)
 9 FCPATH\index.php(67): CodeIgniter\CodeIgniter->run()
CRITICAL - 2022-11-07 08:34:04 --> Undefined variable: row
in APPPATH\Views\dashboard\pages\admin\v_pengajuan_surat.php on line 193.
 1 APPPATH\Views\dashboard\pages\admin\v_pengajuan_surat.php(193): CodeIgniter\Debug\Exceptions->errorHandler(8, 'Undefined variable: row', 'APPPATH\\Views\\dashboard\\pages\\admin\\v_pengajuan_surat.php', 193, [...])
 2 SYSTEMPATH\View\View.php(213): include('APPPATH\\Views\\dashboard\\pages\\admin\\v_pengajuan_surat.php')
 3 SYSTEMPATH\View\View.php(216): CodeIgniter\View\View->CodeIgniter\View\{closure}()
 4 SYSTEMPATH\Common.php(1137): CodeIgniter\View\View->render('dashboard/pages/admin/v_pengajuan_surat', [], true)
 5 APPPATH\Controllers\CUtama.php(225): view('dashboard/pages/admin/v_pengajuan_surat', [...])
 6 SYSTEMPATH\CodeIgniter.php(904): App\Controllers\CUtama->link_pengajuan_surat_sekertaris()
 7 SYSTEMPATH\CodeIgniter.php(457): CodeIgniter\CodeIgniter->runController(Object(App\Controllers\CUtama))
 8 SYSTEMPATH\CodeIgniter.php(340): CodeIgniter\CodeIgniter->handleRequest(null, Object(Config\Cache), false)
 9 FCPATH\index.php(67): CodeIgniter\CodeIgniter->run()
CRITICAL - 2022-11-07 08:34:06 --> Undefined variable: row
in APPPATH\Views\dashboard\pages\admin\v_pengajuan_surat.php on line 193.
 1 APPPATH\Views\dashboard\pages\admin\v_pengajuan_surat.php(193): CodeIgniter\Debug\Exceptions->errorHandler(8, 'Undefined variable: row', 'APPPATH\\Views\\dashboard\\pages\\admin\\v_pengajuan_surat.php', 193, [...])
 2 SYSTEMPATH\View\View.php(213): include('APPPATH\\Views\\dashboard\\pages\\admin\\v_pengajuan_surat.php')
 3 SYSTEMPATH\View\View.php(216): CodeIgniter\View\View->CodeIgniter\View\{closure}()
 4 SYSTEMPATH\Common.php(1137): CodeIgniter\View\View->render('dashboard/pages/admin/v_pengajuan_surat', [], true)
 5 APPPATH\Controllers\CUtama.php(225): view('dashboard/pages/admin/v_pengajuan_surat', [...])
 6 SYSTEMPATH\CodeIgniter.php(904): App\Controllers\CUtama->link_pengajuan_surat_sekertaris()
 7 SYSTEMPATH\CodeIgniter.php(457): CodeIgniter\CodeIgniter->runController(Object(App\Controllers\CUtama))
 8 SYSTEMPATH\CodeIgniter.php(340): CodeIgniter\CodeIgniter->handleRequest(null, Object(Config\Cache), false)
 9 FCPATH\index.php(67): CodeIgniter\CodeIgniter->run()
CRITICAL - 2022-11-07 08:34:07 --> Undefined variable: row
in APPPATH\Views\dashboard\pages\admin\v_pengajuan_surat.php on line 193.
 1 APPPATH\Views\dashboard\pages\admin\v_pengajuan_surat.php(193): CodeIgniter\Debug\Exceptions->errorHandler(8, 'Undefined variable: row', 'APPPATH\\Views\\dashboard\\pages\\admin\\v_pengajuan_surat.php', 193, [...])
 2 SYSTEMPATH\View\View.php(213): include('APPPATH\\Views\\dashboard\\pages\\admin\\v_pengajuan_surat.php')
 3 SYSTEMPATH\View\View.php(216): CodeIgniter\View\View->CodeIgniter\View\{closure}()
 4 SYSTEMPATH\Common.php(1137): CodeIgniter\View\View->render('dashboard/pages/admin/v_pengajuan_surat', [], true)
 5 APPPATH\Controllers\CUtama.php(225): view('dashboard/pages/admin/v_pengajuan_surat', [...])
 6 SYSTEMPATH\CodeIgniter.php(904): App\Controllers\CUtama->link_pengajuan_surat_sekertaris()
 7 SYSTEMPATH\CodeIgniter.php(457): CodeIgniter\CodeIgniter->runController(Object(App\Controllers\CUtama))
 8 SYSTEMPATH\CodeIgniter.php(340): CodeIgniter\CodeIgniter->handleRequest(null, Object(Config\Cache), false)
 9 FCPATH\index.php(67): CodeIgniter\CodeIgniter->run()
CRITICAL - 2022-11-07 08:34:20 --> Undefined variable: row
in APPPATH\Views\dashboard\pages\admin\v_pengajuan_surat.php on line 193.
 1 APPPATH\Views\dashboard\pages\admin\v_pengajuan_surat.php(193): CodeIgniter\Debug\Exceptions->errorHandler(8, 'Undefined variable: row', 'APPPATH\\Views\\dashboard\\pages\\admin\\v_pengajuan_surat.php', 193, [...])
 2 SYSTEMPATH\View\View.php(213): include('APPPATH\\Views\\dashboard\\pages\\admin\\v_pengajuan_surat.php')
 3 SYSTEMPATH\View\View.php(216): CodeIgniter\View\View->CodeIgniter\View\{closure}()
 4 SYSTEMPATH\Common.php(1137): CodeIgniter\View\View->render('dashboard/pages/admin/v_pengajuan_surat', [], true)
 5 APPPATH\Controllers\CUtama.php(225): view('dashboard/pages/admin/v_pengajuan_surat', [...])
 6 SYSTEMPATH\CodeIgniter.php(904): App\Controllers\CUtama->link_pengajuan_surat_sekertaris()
 7 SYSTEMPATH\CodeIgniter.php(457): CodeIgniter\CodeIgniter->runController(Object(App\Controllers\CUtama))
 8 SYSTEMPATH\CodeIgniter.php(340): CodeIgniter\CodeIgniter->handleRequest(null, Object(Config\Cache), false)
 9 FCPATH\index.php(67): CodeIgniter\CodeIgniter->run()
CRITICAL - 2022-11-07 08:34:45 --> Undefined variable: row
in APPPATH\Views\dashboard\pages\admin\v_pengajuan_surat.php on line 193.
 1 APPPATH\Views\dashboard\pages\admin\v_pengajuan_surat.php(193): CodeIgniter\Debug\Exceptions->errorHandler(8, 'Undefined variable: row', 'APPPATH\\Views\\dashboard\\pages\\admin\\v_pengajuan_surat.php', 193, [...])
 2 SYSTEMPATH\View\View.php(213): include('APPPATH\\Views\\dashboard\\pages\\admin\\v_pengajuan_surat.php')
 3 SYSTEMPATH\View\View.php(216): CodeIgniter\View\View->CodeIgniter\View\{closure}()
 4 SYSTEMPATH\Common.php(1137): CodeIgniter\View\View->render('dashboard/pages/admin/v_pengajuan_surat', [], true)
 5 APPPATH\Controllers\CUtama.php(225): view('dashboard/pages/admin/v_pengajuan_surat', [...])
 6 SYSTEMPATH\CodeIgniter.php(904): App\Controllers\CUtama->link_pengajuan_surat_sekertaris()
 7 SYSTEMPATH\CodeIgniter.php(457): CodeIgniter\CodeIgniter->runController(Object(App\Controllers\CUtama))
 8 SYSTEMPATH\CodeIgniter.php(340): CodeIgniter\CodeIgniter->handleRequest(null, Object(Config\Cache), false)
 9 FCPATH\index.php(67): CodeIgniter\CodeIgniter->run()
CRITICAL - 2022-11-07 22:02:16 --> Undefined variable: idpengguna
in APPPATH\Views\dashboard\pages\admin\v_pengajuan_saya.php on line 115.
 1 APPPATH\Views\dashboard\pages\admin\v_pengajuan_saya.php(115): CodeIgniter\Debug\Exceptions->errorHandler(8, 'Undefined variable: idpengguna', 'APPPATH\\Views\\dashboard\\pages\\admin\\v_pengajuan_saya.php', 115, [...])
 2 SYSTEMPATH\View\View.php(213): include('APPPATH\\Views\\dashboard\\pages\\admin\\v_pengajuan_saya.php')
 3 SYSTEMPATH\View\View.php(216): CodeIgniter\View\View->CodeIgniter\View\{closure}()
 4 SYSTEMPATH\Common.php(1137): CodeIgniter\View\View->render('dashboard/pages/admin/v_pengajuan_saya', [], true)
 5 APPPATH\Controllers\CUtama.php(255): view('dashboard/pages/admin/v_pengajuan_saya', [...])
 6 SYSTEMPATH\CodeIgniter.php(904): App\Controllers\CUtama->link_pengajuan_saya_sekertaris()
 7 SYSTEMPATH\CodeIgniter.php(457): CodeIgniter\CodeIgniter->runController(Object(App\Controllers\CUtama))
 8 SYSTEMPATH\CodeIgniter.php(340): CodeIgniter\CodeIgniter->handleRequest(null, Object(Config\Cache), false)
 9 FCPATH\index.php(67): CodeIgniter\CodeIgniter->run()
CRITICAL - 2022-11-07 23:03:18 --> Call to a member function move() on null
in APPPATH\Controllers\CSekertaris.php on line 161.
 1 SYSTEMPATH\CodeIgniter.php(904): App\Controllers\CSekertaris->tambah_data_pengajuan_saya()
 2 SYSTEMPATH\CodeIgniter.php(457): CodeIgniter\CodeIgniter->runController(Object(App\Controllers\CSekertaris))
 3 SYSTEMPATH\CodeIgniter.php(340): CodeIgniter\CodeIgniter->handleRequest(null, Object(Config\Cache), false)
 4 FCPATH\index.php(67): CodeIgniter\CodeIgniter->run()
CRITICAL - 2022-11-07 23:03:44 --> Call to a member function move() on null
in APPPATH\Controllers\CSekertaris.php on line 161.
 1 SYSTEMPATH\CodeIgniter.php(904): App\Controllers\CSekertaris->tambah_data_pengajuan_saya()
 2 SYSTEMPATH\CodeIgniter.php(457): CodeIgniter\CodeIgniter->runController(Object(App\Controllers\CSekertaris))
 3 SYSTEMPATH\CodeIgniter.php(340): CodeIgniter\CodeIgniter->handleRequest(null, Object(Config\Cache), false)
 4 FCPATH\index.php(67): CodeIgniter\CodeIgniter->run()
CRITICAL - 2022-11-07 23:04:13 --> Call to a member function move() on null
in APPPATH\Controllers\CSekertaris.php on line 161.
 1 SYSTEMPATH\CodeIgniter.php(904): App\Controllers\CSekertaris->tambah_data_pengajuan_saya()
 2 SYSTEMPATH\CodeIgniter.php(457): CodeIgniter\CodeIgniter->runController(Object(App\Controllers\CSekertaris))
 3 SYSTEMPATH\CodeIgniter.php(340): CodeIgniter\CodeIgniter->handleRequest(null, Object(Config\Cache), false)
 4 FCPATH\index.php(67): CodeIgniter\CodeIgniter->run()
CRITICAL - 2022-11-07 23:05:33 --> Call to a member function move() on null
in APPPATH\Controllers\CSekertaris.php on line 161.
 1 SYSTEMPATH\CodeIgniter.php(904): App\Controllers\CSekertaris->tambah_data_pengajuan_saya()
 2 SYSTEMPATH\CodeIgniter.php(457): CodeIgniter\CodeIgniter->runController(Object(App\Controllers\CSekertaris))
 3 SYSTEMPATH\CodeIgniter.php(340): CodeIgniter\CodeIgniter->handleRequest(null, Object(Config\Cache), false)
 4 FCPATH\index.php(67): CodeIgniter\CodeIgniter->run()
CRITICAL - 2022-11-07 23:06:24 --> Call to a member function move() on null
in APPPATH\Controllers\CSekertaris.php on line 161.
 1 SYSTEMPATH\CodeIgniter.php(904): App\Controllers\CSekertaris->tambah_data_pengajuan_saya()
 2 SYSTEMPATH\CodeIgniter.php(457): CodeIgniter\CodeIgniter->runController(Object(App\Controllers\CSekertaris))
 3 SYSTEMPATH\CodeIgniter.php(340): CodeIgniter\CodeIgniter->handleRequest(null, Object(Config\Cache), false)
 4 FCPATH\index.php(67): CodeIgniter\CodeIgniter->run()
