CRITICAL - 2022-11-19 02:12:26 --> Undefined index: nama_sekertaris
in APPPATH\Views\dashboard\pages\admin\v_surat_masuk_download_pdf.php on line 65.
 1 APPPATH\Views\dashboard\pages\admin\v_surat_masuk_download_pdf.php(65): CodeIgniter\Debug\Exceptions->errorHandler(8, 'Undefined index: nama_sekertaris', 'APPPATH\\Views\\dashboard\\pages\\admin\\v_surat_masuk_download_pdf.php', 65, [...])
 2 SYSTEMPATH\View\View.php(213): include('APPPATH\\Views\\dashboard\\pages\\admin\\v_surat_masuk_download_pdf.php')
 3 SYSTEMPATH\View\View.php(216): CodeIgniter\View\View->CodeIgniter\View\{closure}()
 4 SYSTEMPATH\Common.php(1137): CodeIgniter\View\View->render('dashboard/pages/admin/v_surat_masuk_download_pdf', [], true)
 5 APPPATH\Controllers\CSekertaris.php(657): view('dashboard/pages/admin/v_surat_masuk_download_pdf', [...])
 6 SYSTEMPATH\CodeIgniter.php(904): App\Controllers\CSekertaris->printpdf()
 7 SYSTEMPATH\CodeIgniter.php(457): CodeIgniter\CodeIgniter->runController(Object(App\Controllers\CSekertaris))
 8 SYSTEMPATH\CodeIgniter.php(340): CodeIgniter\CodeIgniter->handleRequest(null, Object(Config\Cache), false)
 9 FCPATH\index.php(67): CodeIgniter\CodeIgniter->run()
CRITICAL - 2022-11-19 02:12:42 --> Undefined index: id_user
in APPPATH\Views\dashboard\pages\admin\v_surat_masuk_download_pdf.php on line 65.
 1 APPPATH\Views\dashboard\pages\admin\v_surat_masuk_download_pdf.php(65): CodeIgniter\Debug\Exceptions->errorHandler(8, 'Undefined index: id_user', 'APPPATH\\Views\\dashboard\\pages\\admin\\v_surat_masuk_download_pdf.php', 65, [...])
 2 SYSTEMPATH\View\View.php(213): include('APPPATH\\Views\\dashboard\\pages\\admin\\v_surat_masuk_download_pdf.php')
 3 SYSTEMPATH\View\View.php(216): CodeIgniter\View\View->CodeIgniter\View\{closure}()
 4 SYSTEMPATH\Common.php(1137): CodeIgniter\View\View->render('dashboard/pages/admin/v_surat_masuk_download_pdf', [], true)
 5 APPPATH\Controllers\CSekertaris.php(657): view('dashboard/pages/admin/v_surat_masuk_download_pdf', [...])
 6 SYSTEMPATH\CodeIgniter.php(904): App\Controllers\CSekertaris->printpdf()
 7 SYSTEMPATH\CodeIgniter.php(457): CodeIgniter\CodeIgniter->runController(Object(App\Controllers\CSekertaris))
 8 SYSTEMPATH\CodeIgniter.php(340): CodeIgniter\CodeIgniter->handleRequest(null, Object(Config\Cache), false)
 9 FCPATH\index.php(67): CodeIgniter\CodeIgniter->run()
ERROR - 2022-11-19 02:40:31 --> mysqli_sql_exception: Unknown column 'serkertaris.id_sekertaris' in 'on clause' in C:\xampp\htdocs\SIKADES4\system\Database\MySQLi\Connection.php:292
Stack trace:
#0 C:\xampp\htdocs\SIKADES4\system\Database\MySQLi\Connection.php(292): mysqli->query('SELECT *\nFROM `...', 0)
#1 C:\xampp\htdocs\SIKADES4\system\Database\BaseConnection.php(693): CodeIgniter\Database\MySQLi\Connection->execute('SELECT *\nFROM `...')
#2 C:\xampp\htdocs\SIKADES4\system\Database\BaseConnection.php(620): CodeIgniter\Database\BaseConnection->simpleQuery('SELECT *\nFROM `...')
#3 C:\xampp\htdocs\SIKADES4\system\Database\BaseBuilder.php(1585): CodeIgniter\Database\BaseConnection->query('SELECT *\nFROM `...', Array, false)
#4 C:\xampp\htdocs\SIKADES4\app\Models\MSekertaris.php(74): CodeIgniter\Database\BaseBuilder->get()
#5 C:\xampp\htdocs\SIKADES4\app\Controllers\CSekertaris.php(648): App\Models\MSekertaris->tampilkan_data_surat_masuk_download_pdf()
#6 C:\xampp\htdocs\SIKADES4\system\CodeIgniter.php(904): App\Controllers\CSekertaris->printpdf()
#7 C:\xampp\htdocs\SIKADES4\system\CodeIgniter.php(457): CodeIgniter\CodeIgniter->runController(Object(App\Controllers\CSekertaris))
#8 C:\xampp\htdocs\SIKADES4\system\CodeIgniter.php(340): CodeIgniter\CodeIgniter->handleRequest(NULL, Object(Config\Cache), false)
#9 C:\xampp\htdocs\SIKADES4\index.php(67): CodeIgniter\CodeIgniter->run()
#10 {main}
CRITICAL - 2022-11-19 02:40:31 --> Unknown column 'serkertaris.id_sekertaris' in 'on clause'
in SYSTEMPATH\Database\MySQLi\Connection.php on line 292.
 1 SYSTEMPATH\Database\MySQLi\Connection.php(292): mysqli->query('SELECT *
FROM `surat_masuk`
JOIN `sekertaris` ON `serkertaris`.`id_sekertaris`=`surat_masuk`.`operator`
ORDER BY `id_surat_masuk` DESC', 0)
 2 SYSTEMPATH\Database\BaseConnection.php(693): CodeIgniter\Database\MySQLi\Connection->execute('SELECT *
FROM `surat_masuk`
JOIN `sekertaris` ON `serkertaris`.`id_sekertaris`=`surat_masuk`.`operator`
ORDER BY `id_surat_masuk` DESC')
 3 SYSTEMPATH\Database\BaseConnection.php(620): CodeIgniter\Database\BaseConnection->simpleQuery('SELECT *
FROM `surat_masuk`
JOIN `sekertaris` ON `serkertaris`.`id_sekertaris`=`surat_masuk`.`operator`
ORDER BY `id_surat_masuk` DESC')
 4 SYSTEMPATH\Database\BaseBuilder.php(1585): CodeIgniter\Database\BaseConnection->query('SELECT *
FROM `surat_masuk`
JOIN `sekertaris` ON `serkertaris`.`id_sekertaris`=`surat_masuk`.`operator`
ORDER BY `id_surat_masuk` DESC', [], false)
 5 APPPATH\Models\MSekertaris.php(74): CodeIgniter\Database\BaseBuilder->get()
 6 APPPATH\Controllers\CSekertaris.php(648): App\Models\MSekertaris->tampilkan_data_surat_masuk_download_pdf()
 7 SYSTEMPATH\CodeIgniter.php(904): App\Controllers\CSekertaris->printpdf()
 8 SYSTEMPATH\CodeIgniter.php(457): CodeIgniter\CodeIgniter->runController(Object(App\Controllers\CSekertaris))
 9 SYSTEMPATH\CodeIgniter.php(340): CodeIgniter\CodeIgniter->handleRequest(null, Object(Config\Cache), false)
10 FCPATH\index.php(67): CodeIgniter\CodeIgniter->run()
CRITICAL - 2022-11-19 04:59:54 --> Undefined index: pengirim
in APPPATH\Views\dashboard\pages\admin\v_surat_keluar_download_pdf.php on line 58.
 1 APPPATH\Views\dashboard\pages\admin\v_surat_keluar_download_pdf.php(58): CodeIgniter\Debug\Exceptions->errorHandler(8, 'Undefined index: pengirim', 'APPPATH\\Views\\dashboard\\pages\\admin\\v_surat_keluar_download_pdf.php', 58, [...])
 2 SYSTEMPATH\View\View.php(213): include('APPPATH\\Views\\dashboard\\pages\\admin\\v_surat_keluar_download_pdf.php')
 3 SYSTEMPATH\View\View.php(216): CodeIgniter\View\View->CodeIgniter\View\{closure}()
 4 SYSTEMPATH\Common.php(1137): CodeIgniter\View\View->render('dashboard/pages/admin/v_surat_keluar_download_pdf', [], true)
 5 APPPATH\Controllers\CSekertaris.php(677): view('dashboard/pages/admin/v_surat_keluar_download_pdf', [...])
 6 SYSTEMPATH\CodeIgniter.php(904): App\Controllers\CSekertaris->printpdf_surat_keluar()
 7 SYSTEMPATH\CodeIgniter.php(457): CodeIgniter\CodeIgniter->runController(Object(App\Controllers\CSekertaris))
 8 SYSTEMPATH\CodeIgniter.php(340): CodeIgniter\CodeIgniter->handleRequest(null, Object(Config\Cache), false)
 9 FCPATH\index.php(67): CodeIgniter\CodeIgniter->run()
