CRITICAL - 2023-08-12 11:01:13 --> Array to string conversion
in APPPATH\Views\dashboard\pages\user\v_pengajuan_surat.php on line 187.
 1 APPPATH\Views\dashboard\pages\user\v_pengajuan_surat.php(187): CodeIgniter\Debug\Exceptions->errorHandler(2, 'Array to string conversion', 'APPPATH\\Views\\dashboard\\pages\\user\\v_pengajuan_surat.php', 187)
 2 SYSTEMPATH\View\View.php(213): include('APPPATH\\Views\\dashboard\\pages\\user\\v_pengajuan_surat.php')
 3 SYSTEMPATH\View\View.php(216): CodeIgniter\View\View->CodeIgniter\View\{closure}()
 4 SYSTEMPATH\Common.php(1137): CodeIgniter\View\View->render('dashboard/pages/user/v_pengajuan_surat', [], true)
 5 APPPATH\Controllers\CUtama.php(392): view('dashboard/pages/user/v_pengajuan_surat', [...])
 6 SYSTEMPATH\CodeIgniter.php(904): App\Controllers\CUtama->link_pengajuan_surat_masyarakat()
 7 SYSTEMPATH\CodeIgniter.php(457): CodeIgniter\CodeIgniter->runController(Object(App\Controllers\CUtama))
 8 SYSTEMPATH\CodeIgniter.php(340): CodeIgniter\CodeIgniter->handleRequest(null, Object(Config\Cache), false)
 9 FCPATH\index.php(67): CodeIgniter\CodeIgniter->run()
CRITICAL - 2023-08-12 11:01:42 --> Array to string conversion
in APPPATH\Views\dashboard\pages\user\v_pengajuan_surat.php on line 187.
 1 APPPATH\Views\dashboard\pages\user\v_pengajuan_surat.php(187): CodeIgniter\Debug\Exceptions->errorHandler(2, 'Array to string conversion', 'APPPATH\\Views\\dashboard\\pages\\user\\v_pengajuan_surat.php', 187)
 2 SYSTEMPATH\View\View.php(213): include('APPPATH\\Views\\dashboard\\pages\\user\\v_pengajuan_surat.php')
 3 SYSTEMPATH\View\View.php(216): CodeIgniter\View\View->CodeIgniter\View\{closure}()
 4 SYSTEMPATH\Common.php(1137): CodeIgniter\View\View->render('dashboard/pages/user/v_pengajuan_surat', [], true)
 5 APPPATH\Controllers\CUtama.php(392): view('dashboard/pages/user/v_pengajuan_surat', [...])
 6 SYSTEMPATH\CodeIgniter.php(904): App\Controllers\CUtama->link_pengajuan_surat_masyarakat()
 7 SYSTEMPATH\CodeIgniter.php(457): CodeIgniter\CodeIgniter->runController(Object(App\Controllers\CUtama))
 8 SYSTEMPATH\CodeIgniter.php(340): CodeIgniter\CodeIgniter->handleRequest(null, Object(Config\Cache), false)
 9 FCPATH\index.php(67): CodeIgniter\CodeIgniter->run()
CRITICAL - 2023-08-12 11:05:13 --> Array to string conversion
in APPPATH\Views\dashboard\pages\user\v_pengajuan_surat.php on line 187.
 1 APPPATH\Views\dashboard\pages\user\v_pengajuan_surat.php(187): CodeIgniter\Debug\Exceptions->errorHandler(2, 'Array to string conversion', 'APPPATH\\Views\\dashboard\\pages\\user\\v_pengajuan_surat.php', 187)
 2 SYSTEMPATH\View\View.php(213): include('APPPATH\\Views\\dashboard\\pages\\user\\v_pengajuan_surat.php')
 3 SYSTEMPATH\View\View.php(216): CodeIgniter\View\View->CodeIgniter\View\{closure}()
 4 SYSTEMPATH\Common.php(1137): CodeIgniter\View\View->render('dashboard/pages/user/v_pengajuan_surat', [], true)
 5 APPPATH\Controllers\CUtama.php(392): view('dashboard/pages/user/v_pengajuan_surat', [...])
 6 SYSTEMPATH\CodeIgniter.php(904): App\Controllers\CUtama->link_pengajuan_surat_masyarakat()
 7 SYSTEMPATH\CodeIgniter.php(457): CodeIgniter\CodeIgniter->runController(Object(App\Controllers\CUtama))
 8 SYSTEMPATH\CodeIgniter.php(340): CodeIgniter\CodeIgniter->handleRequest(null, Object(Config\Cache), false)
 9 FCPATH\index.php(67): CodeIgniter\CodeIgniter->run()
CRITICAL - 2023-08-12 19:22:15 --> Undefined array key "nama_srat"
in APPPATH\Views\dashboard\pages\user\home.php on line 36.
 1 APPPATH\Views\dashboard\pages\user\home.php(36): CodeIgniter\Debug\Exceptions->errorHandler(2, 'Undefined array key "nama_srat"', 'APPPATH\\Views\\dashboard\\pages\\user\\home.php', 36)
 2 SYSTEMPATH\View\View.php(213): include('APPPATH\\Views\\dashboard\\pages\\user\\home.php')
 3 SYSTEMPATH\View\View.php(216): CodeIgniter\View\View->CodeIgniter\View\{closure}()
 4 SYSTEMPATH\Common.php(1137): CodeIgniter\View\View->render('dashboard/pages/user/home', [], true)
 5 APPPATH\Controllers\CLogin.php(165): view('dashboard/pages/user/home', [...])
 6 SYSTEMPATH\CodeIgniter.php(904): App\Controllers\CLogin->cek_login_control()
 7 SYSTEMPATH\CodeIgniter.php(457): CodeIgniter\CodeIgniter->runController(Object(App\Controllers\CLogin))
 8 SYSTEMPATH\CodeIgniter.php(340): CodeIgniter\CodeIgniter->handleRequest(null, Object(Config\Cache), false)
 9 FCPATH\index.php(67): CodeIgniter\CodeIgniter->run()
CRITICAL - 2023-08-12 19:22:25 --> Undefined array key "nama_srat"
in APPPATH\Views\dashboard\pages\user\home.php on line 36.
 1 APPPATH\Views\dashboard\pages\user\home.php(36): CodeIgniter\Debug\Exceptions->errorHandler(2, 'Undefined array key "nama_srat"', 'APPPATH\\Views\\dashboard\\pages\\user\\home.php', 36)
 2 SYSTEMPATH\View\View.php(213): include('APPPATH\\Views\\dashboard\\pages\\user\\home.php')
 3 SYSTEMPATH\View\View.php(216): CodeIgniter\View\View->CodeIgniter\View\{closure}()
 4 SYSTEMPATH\Common.php(1137): CodeIgniter\View\View->render('dashboard/pages/user/home', [], true)
 5 APPPATH\Controllers\CLogin.php(165): view('dashboard/pages/user/home', [...])
 6 SYSTEMPATH\CodeIgniter.php(904): App\Controllers\CLogin->cek_login_control()
 7 SYSTEMPATH\CodeIgniter.php(457): CodeIgniter\CodeIgniter->runController(Object(App\Controllers\CLogin))
 8 SYSTEMPATH\CodeIgniter.php(340): CodeIgniter\CodeIgniter->handleRequest(null, Object(Config\Cache), false)
 9 FCPATH\index.php(67): CodeIgniter\CodeIgniter->run()
CRITICAL - 2023-08-12 19:23:01 --> Array to string conversion
in APPPATH\Views\dashboard\pages\user\home.php on line 37.
 1 APPPATH\Views\dashboard\pages\user\home.php(37): CodeIgniter\Debug\Exceptions->errorHandler(2, 'Array to string conversion', 'APPPATH\\Views\\dashboard\\pages\\user\\home.php', 37)
 2 SYSTEMPATH\View\View.php(213): include('APPPATH\\Views\\dashboard\\pages\\user\\home.php')
 3 SYSTEMPATH\View\View.php(216): CodeIgniter\View\View->CodeIgniter\View\{closure}()
 4 SYSTEMPATH\Common.php(1137): CodeIgniter\View\View->render('dashboard/pages/user/home', [], true)
 5 APPPATH\Controllers\CLogin.php(165): view('dashboard/pages/user/home', [...])
 6 SYSTEMPATH\CodeIgniter.php(904): App\Controllers\CLogin->cek_login_control()
 7 SYSTEMPATH\CodeIgniter.php(457): CodeIgniter\CodeIgniter->runController(Object(App\Controllers\CLogin))
 8 SYSTEMPATH\CodeIgniter.php(340): CodeIgniter\CodeIgniter->handleRequest(null, Object(Config\Cache), false)
 9 FCPATH\index.php(67): CodeIgniter\CodeIgniter->run()
CRITICAL - 2023-08-12 19:23:16 --> Array to string conversion
in APPPATH\Views\dashboard\pages\user\home.php on line 37.
 1 APPPATH\Views\dashboard\pages\user\home.php(37): CodeIgniter\Debug\Exceptions->errorHandler(2, 'Array to string conversion', 'APPPATH\\Views\\dashboard\\pages\\user\\home.php', 37)
 2 SYSTEMPATH\View\View.php(213): include('APPPATH\\Views\\dashboard\\pages\\user\\home.php')
 3 SYSTEMPATH\View\View.php(216): CodeIgniter\View\View->CodeIgniter\View\{closure}()
 4 SYSTEMPATH\Common.php(1137): CodeIgniter\View\View->render('dashboard/pages/user/home', [], true)
 5 APPPATH\Controllers\CLogin.php(165): view('dashboard/pages/user/home', [...])
 6 SYSTEMPATH\CodeIgniter.php(904): App\Controllers\CLogin->cek_login_control()
 7 SYSTEMPATH\CodeIgniter.php(457): CodeIgniter\CodeIgniter->runController(Object(App\Controllers\CLogin))
 8 SYSTEMPATH\CodeIgniter.php(340): CodeIgniter\CodeIgniter->handleRequest(null, Object(Config\Cache), false)
 9 FCPATH\index.php(67): CodeIgniter\CodeIgniter->run()
CRITICAL - 2023-08-12 19:23:32 --> Array to string conversion
in APPPATH\Views\dashboard\pages\user\home.php on line 37.
 1 APPPATH\Views\dashboard\pages\user\home.php(37): CodeIgniter\Debug\Exceptions->errorHandler(2, 'Array to string conversion', 'APPPATH\\Views\\dashboard\\pages\\user\\home.php', 37)
 2 SYSTEMPATH\View\View.php(213): include('APPPATH\\Views\\dashboard\\pages\\user\\home.php')
 3 SYSTEMPATH\View\View.php(216): CodeIgniter\View\View->CodeIgniter\View\{closure}()
 4 SYSTEMPATH\Common.php(1137): CodeIgniter\View\View->render('dashboard/pages/user/home', [], true)
 5 APPPATH\Controllers\CLogin.php(165): view('dashboard/pages/user/home', [...])
 6 SYSTEMPATH\CodeIgniter.php(904): App\Controllers\CLogin->cek_login_control()
 7 SYSTEMPATH\CodeIgniter.php(457): CodeIgniter\CodeIgniter->runController(Object(App\Controllers\CLogin))
 8 SYSTEMPATH\CodeIgniter.php(340): CodeIgniter\CodeIgniter->handleRequest(null, Object(Config\Cache), false)
 9 FCPATH\index.php(67): CodeIgniter\CodeIgniter->run()
CRITICAL - 2023-08-12 19:31:20 --> Array to string conversion
in APPPATH\Views\dashboard\pages\user\home.php on line 40.
 1 APPPATH\Views\dashboard\pages\user\home.php(40): CodeIgniter\Debug\Exceptions->errorHandler(2, 'Array to string conversion', 'APPPATH\\Views\\dashboard\\pages\\user\\home.php', 40)
 2 SYSTEMPATH\View\View.php(213): include('APPPATH\\Views\\dashboard\\pages\\user\\home.php')
 3 SYSTEMPATH\View\View.php(216): CodeIgniter\View\View->CodeIgniter\View\{closure}()
 4 SYSTEMPATH\Common.php(1137): CodeIgniter\View\View->render('dashboard/pages/user/home', [], true)
 5 APPPATH\Controllers\CLogin.php(169): view('dashboard/pages/user/home', [...])
 6 SYSTEMPATH\CodeIgniter.php(904): App\Controllers\CLogin->cek_login_control()
 7 SYSTEMPATH\CodeIgniter.php(457): CodeIgniter\CodeIgniter->runController(Object(App\Controllers\CLogin))
 8 SYSTEMPATH\CodeIgniter.php(340): CodeIgniter\CodeIgniter->handleRequest(null, Object(Config\Cache), false)
 9 FCPATH\index.php(67): CodeIgniter\CodeIgniter->run()
CRITICAL - 2023-08-12 19:36:21 --> Array to string conversion
in APPPATH\Views\dashboard\pages\user\home.php on line 49.
 1 APPPATH\Views\dashboard\pages\user\home.php(49): CodeIgniter\Debug\Exceptions->errorHandler(2, 'Array to string conversion', 'APPPATH\\Views\\dashboard\\pages\\user\\home.php', 49)
 2 SYSTEMPATH\View\View.php(213): include('APPPATH\\Views\\dashboard\\pages\\user\\home.php')
 3 SYSTEMPATH\View\View.php(216): CodeIgniter\View\View->CodeIgniter\View\{closure}()
 4 SYSTEMPATH\Common.php(1137): CodeIgniter\View\View->render('dashboard/pages/user/home', [], true)
 5 APPPATH\Controllers\CLogin.php(169): view('dashboard/pages/user/home', [...])
 6 SYSTEMPATH\CodeIgniter.php(904): App\Controllers\CLogin->cek_login_control()
 7 SYSTEMPATH\CodeIgniter.php(457): CodeIgniter\CodeIgniter->runController(Object(App\Controllers\CLogin))
 8 SYSTEMPATH\CodeIgniter.php(340): CodeIgniter\CodeIgniter->handleRequest(null, Object(Config\Cache), false)
 9 FCPATH\index.php(67): CodeIgniter\CodeIgniter->run()
CRITICAL - 2023-08-12 19:36:30 --> Array to string conversion
in APPPATH\Views\dashboard\pages\user\home.php on line 49.
 1 APPPATH\Views\dashboard\pages\user\home.php(49): CodeIgniter\Debug\Exceptions->errorHandler(2, 'Array to string conversion', 'APPPATH\\Views\\dashboard\\pages\\user\\home.php', 49)
 2 SYSTEMPATH\View\View.php(213): include('APPPATH\\Views\\dashboard\\pages\\user\\home.php')
 3 SYSTEMPATH\View\View.php(216): CodeIgniter\View\View->CodeIgniter\View\{closure}()
 4 SYSTEMPATH\Common.php(1137): CodeIgniter\View\View->render('dashboard/pages/user/home', [], true)
 5 APPPATH\Controllers\CLogin.php(169): view('dashboard/pages/user/home', [...])
 6 SYSTEMPATH\CodeIgniter.php(904): App\Controllers\CLogin->cek_login_control()
 7 SYSTEMPATH\CodeIgniter.php(457): CodeIgniter\CodeIgniter->runController(Object(App\Controllers\CLogin))
 8 SYSTEMPATH\CodeIgniter.php(340): CodeIgniter\CodeIgniter->handleRequest(null, Object(Config\Cache), false)
 9 FCPATH\index.php(67): CodeIgniter\CodeIgniter->run()
ERROR - 2023-08-12 23:22:46 --> mysqli_sql_exception: Unknown column 'login.status' in 'where clause' in C:\laragon\www\Belajar\SIKADES4\system\Database\MySQLi\Connection.php:292
Stack trace:
#0 C:\laragon\www\Belajar\SIKADES4\system\Database\MySQLi\Connection.php(292): mysqli->query('SELECT * from l...', 0)
#1 C:\laragon\www\Belajar\SIKADES4\system\Database\BaseConnection.php(693): CodeIgniter\Database\MySQLi\Connection->execute('SELECT * from l...')
#2 C:\laragon\www\Belajar\SIKADES4\system\Database\BaseConnection.php(620): CodeIgniter\Database\BaseConnection->simpleQuery('SELECT * from l...')
#3 C:\laragon\www\Belajar\SIKADES4\app\Models\MLogin.php(55): CodeIgniter\Database\BaseConnection->query('SELECT * from l...')
#4 C:\laragon\www\Belajar\SIKADES4\app\Controllers\CLogin.php(278): App\Models\MLogin->checkUser('username', 'indra123')
#5 C:\laragon\www\Belajar\SIKADES4\system\CodeIgniter.php(904): App\Controllers\CLogin->checkusername()
#6 C:\laragon\www\Belajar\SIKADES4\system\CodeIgniter.php(457): CodeIgniter\CodeIgniter->runController(Object(App\Controllers\CLogin))
#7 C:\laragon\www\Belajar\SIKADES4\system\CodeIgniter.php(340): CodeIgniter\CodeIgniter->handleRequest(NULL, Object(Config\Cache), false)
#8 C:\laragon\www\Belajar\SIKADES4\index.php(67): CodeIgniter\CodeIgniter->run()
#9 {main}
CRITICAL - 2023-08-12 23:22:46 --> Unknown column 'login.status' in 'where clause'
in SYSTEMPATH\Database\MySQLi\Connection.php on line 292.
 1 SYSTEMPATH\Database\MySQLi\Connection.php(292): mysqli->query('SELECT * from login WHERE login.username = \'indra123\' AND login.status = \'masyarakat\'', 0)
 2 SYSTEMPATH\Database\BaseConnection.php(693): CodeIgniter\Database\MySQLi\Connection->execute('SELECT * from login WHERE login.username = \'indra123\' AND login.status = \'masyarakat\'')
 3 SYSTEMPATH\Database\BaseConnection.php(620): CodeIgniter\Database\BaseConnection->simpleQuery('SELECT * from login WHERE login.username = \'indra123\' AND login.status = \'masyarakat\'')
 4 APPPATH\Models\MLogin.php(55): CodeIgniter\Database\BaseConnection->query('SELECT * from login WHERE login.username = \'indra123\' AND login.status = \'masyarakat\'')
 5 APPPATH\Controllers\CLogin.php(278): App\Models\MLogin->checkUser('username', 'indra123')
 6 SYSTEMPATH\CodeIgniter.php(904): App\Controllers\CLogin->checkusername()
 7 SYSTEMPATH\CodeIgniter.php(457): CodeIgniter\CodeIgniter->runController(Object(App\Controllers\CLogin))
 8 SYSTEMPATH\CodeIgniter.php(340): CodeIgniter\CodeIgniter->handleRequest(null, Object(Config\Cache), false)
 9 FCPATH\index.php(67): CodeIgniter\CodeIgniter->run()
ERROR - 2023-08-12 23:23:51 --> mysqli_sql_exception: Unknown column 'login.status' in 'where clause' in C:\laragon\www\Belajar\SIKADES4\system\Database\MySQLi\Connection.php:292
Stack trace:
#0 C:\laragon\www\Belajar\SIKADES4\system\Database\MySQLi\Connection.php(292): mysqli->query('SELECT * from l...', 0)
#1 C:\laragon\www\Belajar\SIKADES4\system\Database\BaseConnection.php(693): CodeIgniter\Database\MySQLi\Connection->execute('SELECT * from l...')
#2 C:\laragon\www\Belajar\SIKADES4\system\Database\BaseConnection.php(620): CodeIgniter\Database\BaseConnection->simpleQuery('SELECT * from l...')
#3 C:\laragon\www\Belajar\SIKADES4\app\Models\MLogin.php(55): CodeIgniter\Database\BaseConnection->query('SELECT * from l...')
#4 C:\laragon\www\Belajar\SIKADES4\app\Controllers\CLogin.php(278): App\Models\MLogin->checkUser('username', 'indra123')
#5 C:\laragon\www\Belajar\SIKADES4\system\CodeIgniter.php(904): App\Controllers\CLogin->checkusername()
#6 C:\laragon\www\Belajar\SIKADES4\system\CodeIgniter.php(457): CodeIgniter\CodeIgniter->runController(Object(App\Controllers\CLogin))
#7 C:\laragon\www\Belajar\SIKADES4\system\CodeIgniter.php(340): CodeIgniter\CodeIgniter->handleRequest(NULL, Object(Config\Cache), false)
#8 C:\laragon\www\Belajar\SIKADES4\index.php(67): CodeIgniter\CodeIgniter->run()
#9 {main}
CRITICAL - 2023-08-12 23:23:51 --> Unknown column 'login.status' in 'where clause'
in SYSTEMPATH\Database\MySQLi\Connection.php on line 292.
 1 SYSTEMPATH\Database\MySQLi\Connection.php(292): mysqli->query('SELECT * from login WHERE login.username = \'indra123\' AND login.status = \'masyarakat\'', 0)
 2 SYSTEMPATH\Database\BaseConnection.php(693): CodeIgniter\Database\MySQLi\Connection->execute('SELECT * from login WHERE login.username = \'indra123\' AND login.status = \'masyarakat\'')
 3 SYSTEMPATH\Database\BaseConnection.php(620): CodeIgniter\Database\BaseConnection->simpleQuery('SELECT * from login WHERE login.username = \'indra123\' AND login.status = \'masyarakat\'')
 4 APPPATH\Models\MLogin.php(55): CodeIgniter\Database\BaseConnection->query('SELECT * from login WHERE login.username = \'indra123\' AND login.status = \'masyarakat\'')
 5 APPPATH\Controllers\CLogin.php(278): App\Models\MLogin->checkUser('username', 'indra123')
 6 SYSTEMPATH\CodeIgniter.php(904): App\Controllers\CLogin->checkusername()
 7 SYSTEMPATH\CodeIgniter.php(457): CodeIgniter\CodeIgniter->runController(Object(App\Controllers\CLogin))
 8 SYSTEMPATH\CodeIgniter.php(340): CodeIgniter\CodeIgniter->handleRequest(null, Object(Config\Cache), false)
 9 FCPATH\index.php(67): CodeIgniter\CodeIgniter->run()
ERROR - 2023-08-12 23:25:54 --> mysqli_sql_exception: Unknown column 'login.status' in 'where clause' in C:\laragon\www\Belajar\SIKADES4\system\Database\MySQLi\Connection.php:292
Stack trace:
#0 C:\laragon\www\Belajar\SIKADES4\system\Database\MySQLi\Connection.php(292): mysqli->query('SELECT * from l...', 0)
#1 C:\laragon\www\Belajar\SIKADES4\system\Database\BaseConnection.php(693): CodeIgniter\Database\MySQLi\Connection->execute('SELECT * from l...')
#2 C:\laragon\www\Belajar\SIKADES4\system\Database\BaseConnection.php(620): CodeIgniter\Database\BaseConnection->simpleQuery('SELECT * from l...')
#3 C:\laragon\www\Belajar\SIKADES4\app\Models\MLogin.php(55): CodeIgniter\Database\BaseConnection->query('SELECT * from l...')
#4 C:\laragon\www\Belajar\SIKADES4\app\Controllers\CLogin.php(278): App\Models\MLogin->checkUser('username', 'indra123')
#5 C:\laragon\www\Belajar\SIKADES4\system\CodeIgniter.php(904): App\Controllers\CLogin->checkusername()
#6 C:\laragon\www\Belajar\SIKADES4\system\CodeIgniter.php(457): CodeIgniter\CodeIgniter->runController(Object(App\Controllers\CLogin))
#7 C:\laragon\www\Belajar\SIKADES4\system\CodeIgniter.php(340): CodeIgniter\CodeIgniter->handleRequest(NULL, Object(Config\Cache), false)
#8 C:\laragon\www\Belajar\SIKADES4\index.php(67): CodeIgniter\CodeIgniter->run()
#9 {main}
CRITICAL - 2023-08-12 23:25:54 --> Unknown column 'login.status' in 'where clause'
in SYSTEMPATH\Database\MySQLi\Connection.php on line 292.
 1 SYSTEMPATH\Database\MySQLi\Connection.php(292): mysqli->query('SELECT * from login WHERE login.username = \'indra123\' AND login.status = \'masyarakat\'', 0)
 2 SYSTEMPATH\Database\BaseConnection.php(693): CodeIgniter\Database\MySQLi\Connection->execute('SELECT * from login WHERE login.username = \'indra123\' AND login.status = \'masyarakat\'')
 3 SYSTEMPATH\Database\BaseConnection.php(620): CodeIgniter\Database\BaseConnection->simpleQuery('SELECT * from login WHERE login.username = \'indra123\' AND login.status = \'masyarakat\'')
 4 APPPATH\Models\MLogin.php(55): CodeIgniter\Database\BaseConnection->query('SELECT * from login WHERE login.username = \'indra123\' AND login.status = \'masyarakat\'')
 5 APPPATH\Controllers\CLogin.php(278): App\Models\MLogin->checkUser('username', 'indra123')
 6 SYSTEMPATH\CodeIgniter.php(904): App\Controllers\CLogin->checkusername()
 7 SYSTEMPATH\CodeIgniter.php(457): CodeIgniter\CodeIgniter->runController(Object(App\Controllers\CLogin))
 8 SYSTEMPATH\CodeIgniter.php(340): CodeIgniter\CodeIgniter->handleRequest(null, Object(Config\Cache), false)
 9 FCPATH\index.php(67): CodeIgniter\CodeIgniter->run()
ERROR - 2023-08-12 23:28:37 --> mysqli_sql_exception: Unknown column 'login.status' in 'where clause' in C:\laragon\www\Belajar\SIKADES4\system\Database\MySQLi\Connection.php:292
Stack trace:
#0 C:\laragon\www\Belajar\SIKADES4\system\Database\MySQLi\Connection.php(292): mysqli->query('SELECT * from l...', 0)
#1 C:\laragon\www\Belajar\SIKADES4\system\Database\BaseConnection.php(693): CodeIgniter\Database\MySQLi\Connection->execute('SELECT * from l...')
#2 C:\laragon\www\Belajar\SIKADES4\system\Database\BaseConnection.php(620): CodeIgniter\Database\BaseConnection->simpleQuery('SELECT * from l...')
#3 C:\laragon\www\Belajar\SIKADES4\app\Models\MLogin.php(55): CodeIgniter\Database\BaseConnection->query('SELECT * from l...')
#4 C:\laragon\www\Belajar\SIKADES4\app\Controllers\CLogin.php(278): App\Models\MLogin->checkUser('username', 'indra123')
#5 C:\laragon\www\Belajar\SIKADES4\system\CodeIgniter.php(904): App\Controllers\CLogin->checkusername()
#6 C:\laragon\www\Belajar\SIKADES4\system\CodeIgniter.php(457): CodeIgniter\CodeIgniter->runController(Object(App\Controllers\CLogin))
#7 C:\laragon\www\Belajar\SIKADES4\system\CodeIgniter.php(340): CodeIgniter\CodeIgniter->handleRequest(NULL, Object(Config\Cache), false)
#8 C:\laragon\www\Belajar\SIKADES4\index.php(67): CodeIgniter\CodeIgniter->run()
#9 {main}
CRITICAL - 2023-08-12 23:28:37 --> Unknown column 'login.status' in 'where clause'
in SYSTEMPATH\Database\MySQLi\Connection.php on line 292.
 1 SYSTEMPATH\Database\MySQLi\Connection.php(292): mysqli->query('SELECT * from login WHERE login.username = \'indra123\' AND login.status = \'masyarakat\'', 0)
 2 SYSTEMPATH\Database\BaseConnection.php(693): CodeIgniter\Database\MySQLi\Connection->execute('SELECT * from login WHERE login.username = \'indra123\' AND login.status = \'masyarakat\'')
 3 SYSTEMPATH\Database\BaseConnection.php(620): CodeIgniter\Database\BaseConnection->simpleQuery('SELECT * from login WHERE login.username = \'indra123\' AND login.status = \'masyarakat\'')
 4 APPPATH\Models\MLogin.php(55): CodeIgniter\Database\BaseConnection->query('SELECT * from login WHERE login.username = \'indra123\' AND login.status = \'masyarakat\'')
 5 APPPATH\Controllers\CLogin.php(278): App\Models\MLogin->checkUser('username', 'indra123')
 6 SYSTEMPATH\CodeIgniter.php(904): App\Controllers\CLogin->checkusername()
 7 SYSTEMPATH\CodeIgniter.php(457): CodeIgniter\CodeIgniter->runController(Object(App\Controllers\CLogin))
 8 SYSTEMPATH\CodeIgniter.php(340): CodeIgniter\CodeIgniter->handleRequest(null, Object(Config\Cache), false)
 9 FCPATH\index.php(67): CodeIgniter\CodeIgniter->run()
ERROR - 2023-08-12 23:30:02 --> mysqli_sql_exception: Unknown column 'login.status' in 'where clause' in C:\laragon\www\Belajar\SIKADES4\system\Database\MySQLi\Connection.php:292
Stack trace:
#0 C:\laragon\www\Belajar\SIKADES4\system\Database\MySQLi\Connection.php(292): mysqli->query('SELECT * from l...', 0)
#1 C:\laragon\www\Belajar\SIKADES4\system\Database\BaseConnection.php(693): CodeIgniter\Database\MySQLi\Connection->execute('SELECT * from l...')
#2 C:\laragon\www\Belajar\SIKADES4\system\Database\BaseConnection.php(620): CodeIgniter\Database\BaseConnection->simpleQuery('SELECT * from l...')
#3 C:\laragon\www\Belajar\SIKADES4\app\Models\MLogin.php(55): CodeIgniter\Database\BaseConnection->query('SELECT * from l...')
#4 C:\laragon\www\Belajar\SIKADES4\app\Controllers\CLogin.php(278): App\Models\MLogin->checkUser('username', 'indra123')
#5 C:\laragon\www\Belajar\SIKADES4\system\CodeIgniter.php(904): App\Controllers\CLogin->checkusername()
#6 C:\laragon\www\Belajar\SIKADES4\system\CodeIgniter.php(457): CodeIgniter\CodeIgniter->runController(Object(App\Controllers\CLogin))
#7 C:\laragon\www\Belajar\SIKADES4\system\CodeIgniter.php(340): CodeIgniter\CodeIgniter->handleRequest(NULL, Object(Config\Cache), false)
#8 C:\laragon\www\Belajar\SIKADES4\index.php(67): CodeIgniter\CodeIgniter->run()
#9 {main}
CRITICAL - 2023-08-12 23:30:02 --> Unknown column 'login.status' in 'where clause'
in SYSTEMPATH\Database\MySQLi\Connection.php on line 292.
 1 SYSTEMPATH\Database\MySQLi\Connection.php(292): mysqli->query('SELECT * from login WHERE login.username = \'indra123\' AND login.status = \'masyarakat\'', 0)
 2 SYSTEMPATH\Database\BaseConnection.php(693): CodeIgniter\Database\MySQLi\Connection->execute('SELECT * from login WHERE login.username = \'indra123\' AND login.status = \'masyarakat\'')
 3 SYSTEMPATH\Database\BaseConnection.php(620): CodeIgniter\Database\BaseConnection->simpleQuery('SELECT * from login WHERE login.username = \'indra123\' AND login.status = \'masyarakat\'')
 4 APPPATH\Models\MLogin.php(55): CodeIgniter\Database\BaseConnection->query('SELECT * from login WHERE login.username = \'indra123\' AND login.status = \'masyarakat\'')
 5 APPPATH\Controllers\CLogin.php(278): App\Models\MLogin->checkUser('username', 'indra123')
 6 SYSTEMPATH\CodeIgniter.php(904): App\Controllers\CLogin->checkusername()
 7 SYSTEMPATH\CodeIgniter.php(457): CodeIgniter\CodeIgniter->runController(Object(App\Controllers\CLogin))
 8 SYSTEMPATH\CodeIgniter.php(340): CodeIgniter\CodeIgniter->handleRequest(null, Object(Config\Cache), false)
 9 FCPATH\index.php(67): CodeIgniter\CodeIgniter->run()
ERROR - 2023-08-12 23:32:47 --> mysqli_sql_exception: Unknown column 'login.status' in 'where clause' in C:\laragon\www\Belajar\SIKADES4\system\Database\MySQLi\Connection.php:292
Stack trace:
#0 C:\laragon\www\Belajar\SIKADES4\system\Database\MySQLi\Connection.php(292): mysqli->query('SELECT * from l...', 0)
#1 C:\laragon\www\Belajar\SIKADES4\system\Database\BaseConnection.php(693): CodeIgniter\Database\MySQLi\Connection->execute('SELECT * from l...')
#2 C:\laragon\www\Belajar\SIKADES4\system\Database\BaseConnection.php(620): CodeIgniter\Database\BaseConnection->simpleQuery('SELECT * from l...')
#3 C:\laragon\www\Belajar\SIKADES4\app\Models\MLogin.php(55): CodeIgniter\Database\BaseConnection->query('SELECT * from l...')
#4 C:\laragon\www\Belajar\SIKADES4\app\Controllers\CLogin.php(278): App\Models\MLogin->checkUser('username', 'indra123')
#5 C:\laragon\www\Belajar\SIKADES4\system\CodeIgniter.php(904): App\Controllers\CLogin->checkusername()
#6 C:\laragon\www\Belajar\SIKADES4\system\CodeIgniter.php(457): CodeIgniter\CodeIgniter->runController(Object(App\Controllers\CLogin))
#7 C:\laragon\www\Belajar\SIKADES4\system\CodeIgniter.php(340): CodeIgniter\CodeIgniter->handleRequest(NULL, Object(Config\Cache), false)
#8 C:\laragon\www\Belajar\SIKADES4\index.php(67): CodeIgniter\CodeIgniter->run()
#9 {main}
CRITICAL - 2023-08-12 23:32:47 --> Unknown column 'login.status' in 'where clause'
in SYSTEMPATH\Database\MySQLi\Connection.php on line 292.
 1 SYSTEMPATH\Database\MySQLi\Connection.php(292): mysqli->query('SELECT * from login WHERE login.username = \'indra123\' AND login.status = \'masyarakat\'', 0)
 2 SYSTEMPATH\Database\BaseConnection.php(693): CodeIgniter\Database\MySQLi\Connection->execute('SELECT * from login WHERE login.username = \'indra123\' AND login.status = \'masyarakat\'')
 3 SYSTEMPATH\Database\BaseConnection.php(620): CodeIgniter\Database\BaseConnection->simpleQuery('SELECT * from login WHERE login.username = \'indra123\' AND login.status = \'masyarakat\'')
 4 APPPATH\Models\MLogin.php(55): CodeIgniter\Database\BaseConnection->query('SELECT * from login WHERE login.username = \'indra123\' AND login.status = \'masyarakat\'')
 5 APPPATH\Controllers\CLogin.php(278): App\Models\MLogin->checkUser('username', 'indra123')
 6 SYSTEMPATH\CodeIgniter.php(904): App\Controllers\CLogin->checkusername()
 7 SYSTEMPATH\CodeIgniter.php(457): CodeIgniter\CodeIgniter->runController(Object(App\Controllers\CLogin))
 8 SYSTEMPATH\CodeIgniter.php(340): CodeIgniter\CodeIgniter->handleRequest(null, Object(Config\Cache), false)
 9 FCPATH\index.php(67): CodeIgniter\CodeIgniter->run()
ERROR - 2023-08-12 23:34:50 --> mysqli_sql_exception: Unknown column 'login.status' in 'where clause' in C:\laragon\www\Belajar\SIKADES4\system\Database\MySQLi\Connection.php:292
Stack trace:
#0 C:\laragon\www\Belajar\SIKADES4\system\Database\MySQLi\Connection.php(292): mysqli->query('SELECT * from l...', 0)
#1 C:\laragon\www\Belajar\SIKADES4\system\Database\BaseConnection.php(693): CodeIgniter\Database\MySQLi\Connection->execute('SELECT * from l...')
#2 C:\laragon\www\Belajar\SIKADES4\system\Database\BaseConnection.php(620): CodeIgniter\Database\BaseConnection->simpleQuery('SELECT * from l...')
#3 C:\laragon\www\Belajar\SIKADES4\app\Models\MLogin.php(55): CodeIgniter\Database\BaseConnection->query('SELECT * from l...')
#4 C:\laragon\www\Belajar\SIKADES4\app\Controllers\CLogin.php(278): App\Models\MLogin->checkUser('username', 'indra123')
#5 C:\laragon\www\Belajar\SIKADES4\system\CodeIgniter.php(904): App\Controllers\CLogin->checkusername()
#6 C:\laragon\www\Belajar\SIKADES4\system\CodeIgniter.php(457): CodeIgniter\CodeIgniter->runController(Object(App\Controllers\CLogin))
#7 C:\laragon\www\Belajar\SIKADES4\system\CodeIgniter.php(340): CodeIgniter\CodeIgniter->handleRequest(NULL, Object(Config\Cache), false)
#8 C:\laragon\www\Belajar\SIKADES4\index.php(67): CodeIgniter\CodeIgniter->run()
#9 {main}
CRITICAL - 2023-08-12 23:34:50 --> Unknown column 'login.status' in 'where clause'
in SYSTEMPATH\Database\MySQLi\Connection.php on line 292.
 1 SYSTEMPATH\Database\MySQLi\Connection.php(292): mysqli->query('SELECT * from login WHERE login.username = \'indra123\' AND login.status = \'masyarakat\'', 0)
 2 SYSTEMPATH\Database\BaseConnection.php(693): CodeIgniter\Database\MySQLi\Connection->execute('SELECT * from login WHERE login.username = \'indra123\' AND login.status = \'masyarakat\'')
 3 SYSTEMPATH\Database\BaseConnection.php(620): CodeIgniter\Database\BaseConnection->simpleQuery('SELECT * from login WHERE login.username = \'indra123\' AND login.status = \'masyarakat\'')
 4 APPPATH\Models\MLogin.php(55): CodeIgniter\Database\BaseConnection->query('SELECT * from login WHERE login.username = \'indra123\' AND login.status = \'masyarakat\'')
 5 APPPATH\Controllers\CLogin.php(278): App\Models\MLogin->checkUser('username', 'indra123')
 6 SYSTEMPATH\CodeIgniter.php(904): App\Controllers\CLogin->checkusername()
 7 SYSTEMPATH\CodeIgniter.php(457): CodeIgniter\CodeIgniter->runController(Object(App\Controllers\CLogin))
 8 SYSTEMPATH\CodeIgniter.php(340): CodeIgniter\CodeIgniter->handleRequest(null, Object(Config\Cache), false)
 9 FCPATH\index.php(67): CodeIgniter\CodeIgniter->run()
CRITICAL - 2023-08-12 23:37:26 --> Attempt to read property "username" on array
in APPPATH\Models\MLogin.php on line 56.
 1 APPPATH\Models\MLogin.php(56): CodeIgniter\Debug\Exceptions->errorHandler(2, 'Attempt to read property "username" on array', 'APPPATH\\Models\\MLogin.php', 56)
 2 APPPATH\Controllers\CLogin.php(278): App\Models\MLogin->checkUser('username', [...])
 3 SYSTEMPATH\CodeIgniter.php(904): App\Controllers\CLogin->checkusername()
 4 SYSTEMPATH\CodeIgniter.php(457): CodeIgniter\CodeIgniter->runController(Object(App\Controllers\CLogin))
 5 SYSTEMPATH\CodeIgniter.php(340): CodeIgniter\CodeIgniter->handleRequest(null, Object(Config\Cache), false)
 6 FCPATH\index.php(67): CodeIgniter\CodeIgniter->run()
CRITICAL - 2023-08-12 23:37:51 --> Attempt to read property "username" on string
in APPPATH\Models\MLogin.php on line 56.
 1 APPPATH\Models\MLogin.php(56): CodeIgniter\Debug\Exceptions->errorHandler(2, 'Attempt to read property "username" on string', 'APPPATH\\Models\\MLogin.php', 56)
 2 APPPATH\Controllers\CLogin.php(278): App\Models\MLogin->checkUser('username', 'indra123')
 3 SYSTEMPATH\CodeIgniter.php(904): App\Controllers\CLogin->checkusername()
 4 SYSTEMPATH\CodeIgniter.php(457): CodeIgniter\CodeIgniter->runController(Object(App\Controllers\CLogin))
 5 SYSTEMPATH\CodeIgniter.php(340): CodeIgniter\CodeIgniter->handleRequest(null, Object(Config\Cache), false)
 6 FCPATH\index.php(67): CodeIgniter\CodeIgniter->run()
CRITICAL - 2023-08-12 23:39:23 --> Attempt to read property "username" on string
in APPPATH\Models\MLogin.php on line 56.
 1 APPPATH\Models\MLogin.php(56): CodeIgniter\Debug\Exceptions->errorHandler(2, 'Attempt to read property "username" on string', 'APPPATH\\Models\\MLogin.php', 56)
 2 APPPATH\Controllers\CLogin.php(278): App\Models\MLogin->checkUser('username', 'indra123')
 3 SYSTEMPATH\CodeIgniter.php(904): App\Controllers\CLogin->checkusername()
 4 SYSTEMPATH\CodeIgniter.php(457): CodeIgniter\CodeIgniter->runController(Object(App\Controllers\CLogin))
 5 SYSTEMPATH\CodeIgniter.php(340): CodeIgniter\CodeIgniter->handleRequest(null, Object(Config\Cache), false)
 6 FCPATH\index.php(67): CodeIgniter\CodeIgniter->run()
CRITICAL - 2023-08-12 23:40:09 --> Attempt to read property "username" on array
in APPPATH\Models\MLogin.php on line 54.
 1 APPPATH\Models\MLogin.php(54): CodeIgniter\Debug\Exceptions->errorHandler(2, 'Attempt to read property "username" on array', 'APPPATH\\Models\\MLogin.php', 54)
 2 APPPATH\Controllers\CLogin.php(281): App\Models\MLogin->checkUser('username', [...])
 3 SYSTEMPATH\CodeIgniter.php(904): App\Controllers\CLogin->checkusername()
 4 SYSTEMPATH\CodeIgniter.php(457): CodeIgniter\CodeIgniter->runController(Object(App\Controllers\CLogin))
 5 SYSTEMPATH\CodeIgniter.php(340): CodeIgniter\CodeIgniter->handleRequest(null, Object(Config\Cache), false)
 6 FCPATH\index.php(67): CodeIgniter\CodeIgniter->run()
CRITICAL - 2023-08-12 23:47:24 --> Undefined array key "username"
in APPPATH\Controllers\CLogin.php on line 287.
 1 APPPATH\Controllers\CLogin.php(287): CodeIgniter\Debug\Exceptions->errorHandler(2, 'Undefined array key "username"', 'APPPATH\\Controllers\\CLogin.php', 287)
 2 SYSTEMPATH\CodeIgniter.php(904): App\Controllers\CLogin->checkusername()
 3 SYSTEMPATH\CodeIgniter.php(457): CodeIgniter\CodeIgniter->runController(Object(App\Controllers\CLogin))
 4 SYSTEMPATH\CodeIgniter.php(340): CodeIgniter\CodeIgniter->handleRequest(null, Object(Config\Cache), false)
 5 FCPATH\index.php(67): CodeIgniter\CodeIgniter->run()
CRITICAL - 2023-08-12 23:47:42 --> Attempt to read property "username" on array
in APPPATH\Controllers\CLogin.php on line 287.
 1 APPPATH\Controllers\CLogin.php(287): CodeIgniter\Debug\Exceptions->errorHandler(2, 'Attempt to read property "username" on array', 'APPPATH\\Controllers\\CLogin.php', 287)
 2 SYSTEMPATH\CodeIgniter.php(904): App\Controllers\CLogin->checkusername()
 3 SYSTEMPATH\CodeIgniter.php(457): CodeIgniter\CodeIgniter->runController(Object(App\Controllers\CLogin))
 4 SYSTEMPATH\CodeIgniter.php(340): CodeIgniter\CodeIgniter->handleRequest(null, Object(Config\Cache), false)
 5 FCPATH\index.php(67): CodeIgniter\CodeIgniter->run()
