CRITICAL - 2023-07-20 12:36:58 --> Too few arguments to function App\Controllers\CUtama::link_surat_masuk(), 0 passed in C:\laragon\www\SIKADES4\system\CodeIgniter.php on line 904 and exactly 1 expected
in APPPATH\Controllers\CUtama.php on line 223.
 1 SYSTEMPATH\CodeIgniter.php(904): App\Controllers\CUtama->link_surat_masuk()
 2 SYSTEMPATH\CodeIgniter.php(457): CodeIgniter\CodeIgniter->runController(Object(App\Controllers\CUtama))
 3 SYSTEMPATH\CodeIgniter.php(340): CodeIgniter\CodeIgniter->handleRequest(null, Object(Config\Cache), false)
 4 FCPATH\index.php(67): CodeIgniter\CodeIgniter->run()
CRITICAL - 2023-07-20 12:38:03 --> Undefined property: App\Controllers\CUtama::$input
in APPPATH\Controllers\CUtama.php on line 225.
 1 APPPATH\Controllers\CUtama.php(225): CodeIgniter\Debug\Exceptions->errorHandler(2, 'Undefined property: App\\Controllers\\CUtama::$input', 'APPPATH\\Controllers\\CUtama.php', 225)
 2 SYSTEMPATH\CodeIgniter.php(904): App\Controllers\CUtama->link_surat_masuk()
 3 SYSTEMPATH\CodeIgniter.php(457): CodeIgniter\CodeIgniter->runController(Object(App\Controllers\CUtama))
 4 SYSTEMPATH\CodeIgniter.php(340): CodeIgniter\CodeIgniter->handleRequest(null, Object(Config\Cache), false)
 5 FCPATH\index.php(67): CodeIgniter\CodeIgniter->run()
CRITICAL - 2023-07-20 12:39:24 --> Undefined property: App\Controllers\CUtama::$input
in APPPATH\Controllers\CUtama.php on line 225.
 1 APPPATH\Controllers\CUtama.php(225): CodeIgniter\Debug\Exceptions->errorHandler(2, 'Undefined property: App\\Controllers\\CUtama::$input', 'APPPATH\\Controllers\\CUtama.php', 225)
 2 SYSTEMPATH\CodeIgniter.php(904): App\Controllers\CUtama->link_surat_masuk()
 3 SYSTEMPATH\CodeIgniter.php(457): CodeIgniter\CodeIgniter->runController(Object(App\Controllers\CUtama))
 4 SYSTEMPATH\CodeIgniter.php(340): CodeIgniter\CodeIgniter->handleRequest(null, Object(Config\Cache), false)
 5 FCPATH\index.php(67): CodeIgniter\CodeIgniter->run()
CRITICAL - 2023-07-20 12:39:56 --> Undefined property: App\Controllers\CUtama::$input
in APPPATH\Controllers\CUtama.php on line 225.
 1 APPPATH\Controllers\CUtama.php(225): CodeIgniter\Debug\Exceptions->errorHandler(2, 'Undefined property: App\\Controllers\\CUtama::$input', 'APPPATH\\Controllers\\CUtama.php', 225)
 2 SYSTEMPATH\CodeIgniter.php(904): App\Controllers\CUtama->link_surat_masuk()
 3 SYSTEMPATH\CodeIgniter.php(457): CodeIgniter\CodeIgniter->runController(Object(App\Controllers\CUtama))
 4 SYSTEMPATH\CodeIgniter.php(340): CodeIgniter\CodeIgniter->handleRequest(null, Object(Config\Cache), false)
 5 FCPATH\index.php(67): CodeIgniter\CodeIgniter->run()
ERROR - 2023-07-20 12:53:10 --> mysqli_sql_exception: Table 'db_sikades.table_name' doesn't exist in C:\laragon\www\SIKADES4\system\Database\MySQLi\Connection.php:292
Stack trace:
#0 C:\laragon\www\SIKADES4\system\Database\MySQLi\Connection.php(292): mysqli->query('SELECT *\nFROM `...', 0)
#1 C:\laragon\www\SIKADES4\system\Database\BaseConnection.php(693): CodeIgniter\Database\MySQLi\Connection->execute('SELECT *\nFROM `...')
#2 C:\laragon\www\SIKADES4\system\Database\BaseConnection.php(620): CodeIgniter\Database\BaseConnection->simpleQuery('SELECT *\nFROM `...')
#3 C:\laragon\www\SIKADES4\system\Database\BaseBuilder.php(1585): CodeIgniter\Database\BaseConnection->query('SELECT *\nFROM `...', Array, false)
#4 C:\laragon\www\SIKADES4\app\Models\MSekertaris.php(71): CodeIgniter\Database\BaseBuilder->get()
#5 C:\laragon\www\SIKADES4\app\Controllers\CUtama.php(235): App\Models\MSekertaris->tampilkan_data_surat_masuk_filter('H')
#6 C:\laragon\www\SIKADES4\system\CodeIgniter.php(904): App\Controllers\CUtama->link_surat_masuk()
#7 C:\laragon\www\SIKADES4\system\CodeIgniter.php(457): CodeIgniter\CodeIgniter->runController(Object(App\Controllers\CUtama))
#8 C:\laragon\www\SIKADES4\system\CodeIgniter.php(340): CodeIgniter\CodeIgniter->handleRequest(NULL, Object(Config\Cache), false)
#9 C:\laragon\www\SIKADES4\index.php(67): CodeIgniter\CodeIgniter->run()
#10 {main}
CRITICAL - 2023-07-20 12:53:10 --> Table 'db_sikades.table_name' doesn't exist
in SYSTEMPATH\Database\MySQLi\Connection.php on line 292.
 1 SYSTEMPATH\Database\MySQLi\Connection.php(292): mysqli->query('SELECT *
FROM `table_name`
WHERE `column_name` = \'LIKE\'
ORDER BY `id_surat_masuk` DESC', 0)
 2 SYSTEMPATH\Database\BaseConnection.php(693): CodeIgniter\Database\MySQLi\Connection->execute('SELECT *
FROM `table_name`
WHERE `column_name` = \'LIKE\'
ORDER BY `id_surat_masuk` DESC')
 3 SYSTEMPATH\Database\BaseConnection.php(620): CodeIgniter\Database\BaseConnection->simpleQuery('SELECT *
FROM `table_name`
WHERE `column_name` = \'LIKE\'
ORDER BY `id_surat_masuk` DESC')
 4 SYSTEMPATH\Database\BaseBuilder.php(1585): CodeIgniter\Database\BaseConnection->query('SELECT *
FROM `table_name`
WHERE `column_name` = :column_name:
ORDER BY `id_surat_masuk` DESC', [...], false)
 5 APPPATH\Models\MSekertaris.php(71): CodeIgniter\Database\BaseBuilder->get()
 6 APPPATH\Controllers\CUtama.php(235): App\Models\MSekertaris->tampilkan_data_surat_masuk_filter('H')
 7 SYSTEMPATH\CodeIgniter.php(904): App\Controllers\CUtama->link_surat_masuk()
 8 SYSTEMPATH\CodeIgniter.php(457): CodeIgniter\CodeIgniter->runController(Object(App\Controllers\CUtama))
 9 SYSTEMPATH\CodeIgniter.php(340): CodeIgniter\CodeIgniter->handleRequest(null, Object(Config\Cache), false)
10 FCPATH\index.php(67): CodeIgniter\CodeIgniter->run()
CRITICAL - 2023-07-20 12:53:40 --> Undefined array key "tgl_entry"
in APPPATH\Views\dashboard\pages\admin\v_surat_masuk.php on line 37.
 1 APPPATH\Views\dashboard\pages\admin\v_surat_masuk.php(37): CodeIgniter\Debug\Exceptions->errorHandler(2, 'Undefined array key "tgl_entry"', 'APPPATH\\Views\\dashboard\\pages\\admin\\v_surat_masuk.php', 37)
 2 SYSTEMPATH\View\View.php(213): include('APPPATH\\Views\\dashboard\\pages\\admin\\v_surat_masuk.php')
 3 SYSTEMPATH\View\View.php(216): CodeIgniter\View\View->CodeIgniter\View\{closure}()
 4 SYSTEMPATH\Common.php(1137): CodeIgniter\View\View->render('dashboard/pages/admin/v_surat_masuk', [], true)
 5 APPPATH\Controllers\CUtama.php(245): view('dashboard/pages/admin/v_surat_masuk', [...])
 6 SYSTEMPATH\CodeIgniter.php(904): App\Controllers\CUtama->link_surat_masuk()
 7 SYSTEMPATH\CodeIgniter.php(457): CodeIgniter\CodeIgniter->runController(Object(App\Controllers\CUtama))
 8 SYSTEMPATH\CodeIgniter.php(340): CodeIgniter\CodeIgniter->handleRequest(null, Object(Config\Cache), false)
 9 FCPATH\index.php(67): CodeIgniter\CodeIgniter->run()
CRITICAL - 2023-07-20 12:57:31 --> Call to undefined method CodeIgniter\Database\MySQLi\Result::orderBy()
in APPPATH\Models\MSekertaris.php on line 70.
 1 APPPATH\Controllers\CUtama.php(235): App\Models\MSekertaris->tampilkan_data_surat_masuk_filter('H')
 2 SYSTEMPATH\CodeIgniter.php(904): App\Controllers\CUtama->link_surat_masuk()
 3 SYSTEMPATH\CodeIgniter.php(457): CodeIgniter\CodeIgniter->runController(Object(App\Controllers\CUtama))
 4 SYSTEMPATH\CodeIgniter.php(340): CodeIgniter\CodeIgniter->handleRequest(null, Object(Config\Cache), false)
 5 FCPATH\index.php(67): CodeIgniter\CodeIgniter->run()
CRITICAL - 2023-07-20 14:11:56 --> Undefined variable $query
in APPPATH\Models\MSekertaris.php on line 108.
 1 APPPATH\Models\MSekertaris.php(108): CodeIgniter\Debug\Exceptions->errorHandler(2, 'Undefined variable $query', 'APPPATH\\Models\\MSekertaris.php', 108)
 2 APPPATH\Controllers\CUtama.php(250): App\Models\MSekertaris->tampilkan_data_perihal_surat(null)
 3 SYSTEMPATH\CodeIgniter.php(904): App\Controllers\CUtama->perihal_surat()
 4 SYSTEMPATH\CodeIgniter.php(457): CodeIgniter\CodeIgniter->runController(Object(App\Controllers\CUtama))
 5 SYSTEMPATH\CodeIgniter.php(340): CodeIgniter\CodeIgniter->handleRequest(null, Object(Config\Cache), false)
 6 FCPATH\index.php(67): CodeIgniter\CodeIgniter->run()
