CRITICAL - 2022-11-02 00:22:51 --> Undefined index: tgl_surat
in APPPATH\Views\dashboard\pages\kepala\v_surat_masuk.php on line 43.
 1 APPPATH\Views\dashboard\pages\kepala\v_surat_masuk.php(43): CodeIgniter\Debug\Exceptions->errorHandler(8, 'Undefined index: tgl_surat', 'APPPATH\\Views\\dashboard\\pages\\kepala\\v_surat_masuk.php', 43, [...])
 2 SYSTEMPATH\View\View.php(213): include('APPPATH\\Views\\dashboard\\pages\\kepala\\v_surat_masuk.php')
 3 SYSTEMPATH\View\View.php(216): CodeIgniter\View\View->CodeIgniter\View\{closure}()
 4 SYSTEMPATH\Common.php(1137): CodeIgniter\View\View->render('dashboard/pages/kepala/v_surat_masuk', [], true)
 5 APPPATH\Controllers\CUtama.php(146): view('dashboard/pages/kepala/v_surat_masuk', [...])
 6 SYSTEMPATH\CodeIgniter.php(904): App\Controllers\CUtama->link_konfirmasi_surat_masuk()
 7 SYSTEMPATH\CodeIgniter.php(457): CodeIgniter\CodeIgniter->runController(Object(App\Controllers\CUtama))
 8 SYSTEMPATH\CodeIgniter.php(340): CodeIgniter\CodeIgniter->handleRequest(null, Object(Config\Cache), false)
 9 FCPATH\index.php(67): CodeIgniter\CodeIgniter->run()
CRITICAL - 2022-11-02 00:29:44 --> Undefined variable: halaman
in APPPATH\Views\dashboard\layout\kepala\sidebar.php on line 21.
 1 APPPATH\Views\dashboard\layout\kepala\sidebar.php(21): CodeIgniter\Debug\Exceptions->errorHandler(8, 'Undefined variable: halaman', 'APPPATH\\Views\\dashboard\\layout\\kepala\\sidebar.php', 21, [...])
 2 SYSTEMPATH\View\View.php(213): include('APPPATH\\Views\\dashboard\\layout\\kepala\\sidebar.php')
 3 SYSTEMPATH\View\View.php(216): CodeIgniter\View\View->CodeIgniter\View\{closure}()
 4 SYSTEMPATH\View\View.php(429): CodeIgniter\View\View->render('dashboard/layout/kepala/sidebar', null, true)
 5 APPPATH\Views\dashboard\layout\kepala\template.php(49): CodeIgniter\View\View->include('dashboard/layout/kepala/sidebar')
 6 SYSTEMPATH\View\View.php(213): include('APPPATH\\Views\\dashboard\\layout\\kepala\\template.php')
 7 SYSTEMPATH\View\View.php(216): CodeIgniter\View\View->CodeIgniter\View\{closure}()
 8 SYSTEMPATH\View\View.php(229): CodeIgniter\View\View->render('dashboard/layout/kepala/template', [], true)
 9 SYSTEMPATH\Common.php(1137): CodeIgniter\View\View->render('dashboard/pages/kepala/v_surat_masuk', [], true)
10 APPPATH\Controllers\CUtama.php(160): view('dashboard/pages/kepala/v_surat_masuk', [...])
11 SYSTEMPATH\CodeIgniter.php(904): App\Controllers\CUtama->link_konfirmasi_surat_masuk()
12 SYSTEMPATH\CodeIgniter.php(457): CodeIgniter\CodeIgniter->runController(Object(App\Controllers\CUtama))
13 SYSTEMPATH\CodeIgniter.php(340): CodeIgniter\CodeIgniter->handleRequest(null, Object(Config\Cache), false)
14 FCPATH\index.php(67): CodeIgniter\CodeIgniter->run()
CRITICAL - 2022-11-02 00:29:47 --> Undefined variable: halaman
in APPPATH\Views\dashboard\layout\kepala\sidebar.php on line 21.
 1 APPPATH\Views\dashboard\layout\kepala\sidebar.php(21): CodeIgniter\Debug\Exceptions->errorHandler(8, 'Undefined variable: halaman', 'APPPATH\\Views\\dashboard\\layout\\kepala\\sidebar.php', 21, [...])
 2 SYSTEMPATH\View\View.php(213): include('APPPATH\\Views\\dashboard\\layout\\kepala\\sidebar.php')
 3 SYSTEMPATH\View\View.php(216): CodeIgniter\View\View->CodeIgniter\View\{closure}()
 4 SYSTEMPATH\View\View.php(429): CodeIgniter\View\View->render('dashboard/layout/kepala/sidebar', null, true)
 5 APPPATH\Views\dashboard\layout\kepala\template.php(49): CodeIgniter\View\View->include('dashboard/layout/kepala/sidebar')
 6 SYSTEMPATH\View\View.php(213): include('APPPATH\\Views\\dashboard\\layout\\kepala\\template.php')
 7 SYSTEMPATH\View\View.php(216): CodeIgniter\View\View->CodeIgniter\View\{closure}()
 8 SYSTEMPATH\View\View.php(229): CodeIgniter\View\View->render('dashboard/layout/kepala/template', [], true)
 9 SYSTEMPATH\Common.php(1137): CodeIgniter\View\View->render('dashboard/pages/kepala/v_surat_masuk', [], true)
10 APPPATH\Controllers\CUtama.php(160): view('dashboard/pages/kepala/v_surat_masuk', [...])
11 SYSTEMPATH\CodeIgniter.php(904): App\Controllers\CUtama->link_konfirmasi_surat_masuk()
12 SYSTEMPATH\CodeIgniter.php(457): CodeIgniter\CodeIgniter->runController(Object(App\Controllers\CUtama))
13 SYSTEMPATH\CodeIgniter.php(340): CodeIgniter\CodeIgniter->handleRequest(null, Object(Config\Cache), false)
14 FCPATH\index.php(67): CodeIgniter\CodeIgniter->run()
CRITICAL - 2022-11-02 00:29:52 --> Undefined variable: halaman
in APPPATH\Views\dashboard\layout\kepala\sidebar.php on line 21.
 1 APPPATH\Views\dashboard\layout\kepala\sidebar.php(21): CodeIgniter\Debug\Exceptions->errorHandler(8, 'Undefined variable: halaman', 'APPPATH\\Views\\dashboard\\layout\\kepala\\sidebar.php', 21, [...])
 2 SYSTEMPATH\View\View.php(213): include('APPPATH\\Views\\dashboard\\layout\\kepala\\sidebar.php')
 3 SYSTEMPATH\View\View.php(216): CodeIgniter\View\View->CodeIgniter\View\{closure}()
 4 SYSTEMPATH\View\View.php(429): CodeIgniter\View\View->render('dashboard/layout/kepala/sidebar', null, true)
 5 APPPATH\Views\dashboard\layout\kepala\template.php(49): CodeIgniter\View\View->include('dashboard/layout/kepala/sidebar')
 6 SYSTEMPATH\View\View.php(213): include('APPPATH\\Views\\dashboard\\layout\\kepala\\template.php')
 7 SYSTEMPATH\View\View.php(216): CodeIgniter\View\View->CodeIgniter\View\{closure}()
 8 SYSTEMPATH\View\View.php(229): CodeIgniter\View\View->render('dashboard/layout/kepala/template', [], true)
 9 SYSTEMPATH\Common.php(1137): CodeIgniter\View\View->render('dashboard/pages/kepala/home', [], true)
10 APPPATH\Controllers\CLogin.php(36): view('dashboard/pages/kepala/home', [...])
11 SYSTEMPATH\CodeIgniter.php(904): App\Controllers\CLogin->index()
12 SYSTEMPATH\CodeIgniter.php(457): CodeIgniter\CodeIgniter->runController(Object(App\Controllers\CLogin))
13 SYSTEMPATH\CodeIgniter.php(340): CodeIgniter\CodeIgniter->handleRequest(null, Object(Config\Cache), false)
14 FCPATH\index.php(67): CodeIgniter\CodeIgniter->run()
CRITICAL - 2022-11-02 00:29:56 --> Undefined variable: halaman
in APPPATH\Views\dashboard\layout\kepala\sidebar.php on line 21.
 1 APPPATH\Views\dashboard\layout\kepala\sidebar.php(21): CodeIgniter\Debug\Exceptions->errorHandler(8, 'Undefined variable: halaman', 'APPPATH\\Views\\dashboard\\layout\\kepala\\sidebar.php', 21, [...])
 2 SYSTEMPATH\View\View.php(213): include('APPPATH\\Views\\dashboard\\layout\\kepala\\sidebar.php')
 3 SYSTEMPATH\View\View.php(216): CodeIgniter\View\View->CodeIgniter\View\{closure}()
 4 SYSTEMPATH\View\View.php(429): CodeIgniter\View\View->render('dashboard/layout/kepala/sidebar', null, true)
 5 APPPATH\Views\dashboard\layout\kepala\template.php(49): CodeIgniter\View\View->include('dashboard/layout/kepala/sidebar')
 6 SYSTEMPATH\View\View.php(213): include('APPPATH\\Views\\dashboard\\layout\\kepala\\template.php')
 7 SYSTEMPATH\View\View.php(216): CodeIgniter\View\View->CodeIgniter\View\{closure}()
 8 SYSTEMPATH\View\View.php(229): CodeIgniter\View\View->render('dashboard/layout/kepala/template', [], true)
 9 SYSTEMPATH\Common.php(1137): CodeIgniter\View\View->render('dashboard/pages/kepala/home', [], true)
10 APPPATH\Controllers\CLogin.php(36): view('dashboard/pages/kepala/home', [...])
11 SYSTEMPATH\CodeIgniter.php(904): App\Controllers\CLogin->index()
12 SYSTEMPATH\CodeIgniter.php(457): CodeIgniter\CodeIgniter->runController(Object(App\Controllers\CLogin))
13 SYSTEMPATH\CodeIgniter.php(340): CodeIgniter\CodeIgniter->handleRequest(null, Object(Config\Cache), false)
14 FCPATH\index.php(67): CodeIgniter\CodeIgniter->run()
CRITICAL - 2022-11-02 02:00:58 --> File not found: Suratmasuk/17111050_Ikhsan Alfath_Skripsi9_compressed.pdf
in SYSTEMPATH\Files\File.php on line 46.
 1 SYSTEMPATH\Files\File.php(46): CodeIgniter\Files\Exceptions\FileNotFoundException::forFileNotFound('Suratmasuk/17111050_Ikhsan Alfath_Skripsi9_compressed.pdf')
 2 SYSTEMPATH\HTTP\DownloadResponse.php(97): CodeIgniter\Files\File->__construct('Suratmasuk/17111050_Ikhsan Alfath_Skripsi9_compressed.pdf', true)
 3 SYSTEMPATH\HTTP\ResponseTrait.php(781): CodeIgniter\HTTP\DownloadResponse->setFilePath('Suratmasuk/17111050_Ikhsan Alfath_Skripsi9_compressed.pdf')
 4 APPPATH\Controllers\CSekertaris.php(413): CodeIgniter\HTTP\Response->download('17111050_Ikhsan Alfath_Skripsi9_compressed.pdf', null)
 5 SYSTEMPATH\CodeIgniter.php(904): App\Controllers\CSekertaris->download_file_surat_masuk('17111050_Ikhsan Alfath_Skripsi9_compressed.pdf')
 6 SYSTEMPATH\CodeIgniter.php(457): CodeIgniter\CodeIgniter->runController(Object(App\Controllers\CSekertaris))
 7 SYSTEMPATH\CodeIgniter.php(340): CodeIgniter\CodeIgniter->handleRequest(null, Object(Config\Cache), false)
 8 FCPATH\index.php(67): CodeIgniter\CodeIgniter->run()
CRITICAL - 2022-11-02 02:15:47 --> Invalid file: dashboard/pages/kepala/v_lihat_file_pdf.php
in SYSTEMPATH\Exceptions\FrameworkException.php on line 33.
 1 SYSTEMPATH\View\View.php(201): CodeIgniter\Exceptions\FrameworkException::forInvalidFile('dashboard/pages/kepala/v_lihat_file_pdf.php')
 2 SYSTEMPATH\Common.php(1137): CodeIgniter\View\View->render('dashboard/pages/kepala/v_lihat_file_pdf', [], true)
 3 APPPATH\Controllers\CUtama.php(242): view('dashboard/pages/kepala/v_lihat_file_pdf', [...])
 4 SYSTEMPATH\CodeIgniter.php(904): App\Controllers\CUtama->link_lihat_file_lurah('17111050_Ikhsan Alfath_Skripsi9_compressed.pdf')
 5 SYSTEMPATH\CodeIgniter.php(457): CodeIgniter\CodeIgniter->runController(Object(App\Controllers\CUtama))
 6 SYSTEMPATH\CodeIgniter.php(340): CodeIgniter\CodeIgniter->handleRequest(null, Object(Config\Cache), false)
 7 FCPATH\index.php(67): CodeIgniter\CodeIgniter->run()
CRITICAL - 2022-11-02 02:15:55 --> Invalid file: dashboard/pages/kepala/v_lihat_file_pdf.php
in SYSTEMPATH\Exceptions\FrameworkException.php on line 33.
 1 SYSTEMPATH\View\View.php(201): CodeIgniter\Exceptions\FrameworkException::forInvalidFile('dashboard/pages/kepala/v_lihat_file_pdf.php')
 2 SYSTEMPATH\Common.php(1137): CodeIgniter\View\View->render('dashboard/pages/kepala/v_lihat_file_pdf', [], true)
 3 APPPATH\Controllers\CUtama.php(242): view('dashboard/pages/kepala/v_lihat_file_pdf', [...])
 4 SYSTEMPATH\CodeIgniter.php(904): App\Controllers\CUtama->link_lihat_file_lurah('17111050_Ikhsan Alfath_Skripsi9_compressed.pdf')
 5 SYSTEMPATH\CodeIgniter.php(457): CodeIgniter\CodeIgniter->runController(Object(App\Controllers\CUtama))
 6 SYSTEMPATH\CodeIgniter.php(340): CodeIgniter\CodeIgniter->handleRequest(null, Object(Config\Cache), false)
 7 FCPATH\index.php(67): CodeIgniter\CodeIgniter->run()
CRITICAL - 2022-11-02 02:29:03 --> Undefined property: App\Controllers\CLurah::$mSekertaris
in APPPATH\Controllers\CLurah.php on line 27.
 1 APPPATH\Controllers\CLurah.php(27): CodeIgniter\Debug\Exceptions->errorHandler(8, 'Undefined property: App\\Controllers\\CLurah::$mSekertaris', 'APPPATH\\Controllers\\CLurah.php', 27, [...])
 2 SYSTEMPATH\CodeIgniter.php(904): App\Controllers\CLurah->ubah_status_surat_masuk()
 3 SYSTEMPATH\CodeIgniter.php(457): CodeIgniter\CodeIgniter->runController(Object(App\Controllers\CLurah))
 4 SYSTEMPATH\CodeIgniter.php(340): CodeIgniter\CodeIgniter->handleRequest(null, Object(Config\Cache), false)
 5 FCPATH\index.php(67): CodeIgniter\CodeIgniter->run()
CRITICAL - 2022-11-02 02:29:26 --> You must set the database table to be used with your query.
in SYSTEMPATH\Database\BaseConnection.php on line 872.
 1 SYSTEMPATH\Model.php(586): CodeIgniter\Database\BaseConnection->table(null)
 2 SYSTEMPATH\Model.php(763): CodeIgniter\Model->builder()
 3 APPPATH\Controllers\CLurah.php(27): CodeIgniter\Model->__call('proses_ubah_status_surat_masuk', [...])
 4 SYSTEMPATH\CodeIgniter.php(904): App\Controllers\CLurah->ubah_status_surat_masuk()
 5 SYSTEMPATH\CodeIgniter.php(457): CodeIgniter\CodeIgniter->runController(Object(App\Controllers\CLurah))
 6 SYSTEMPATH\CodeIgniter.php(340): CodeIgniter\CodeIgniter->handleRequest(null, Object(Config\Cache), false)
 7 FCPATH\index.php(67): CodeIgniter\CodeIgniter->run()
CRITICAL - 2022-11-02 22:44:22 --> File not found: Suratmasuk/48-93-1-PB.pdf
in SYSTEMPATH\Files\File.php on line 46.
 1 SYSTEMPATH\Files\File.php(46): CodeIgniter\Files\Exceptions\FileNotFoundException::forFileNotFound('Suratmasuk/48-93-1-PB.pdf')
 2 SYSTEMPATH\HTTP\DownloadResponse.php(97): CodeIgniter\Files\File->__construct('Suratmasuk/48-93-1-PB.pdf', true)
 3 SYSTEMPATH\HTTP\ResponseTrait.php(781): CodeIgniter\HTTP\DownloadResponse->setFilePath('Suratmasuk/48-93-1-PB.pdf')
 4 APPPATH\Controllers\CSekertaris.php(413): CodeIgniter\HTTP\Response->download('48-93-1-PB.pdf', null)
 5 SYSTEMPATH\CodeIgniter.php(904): App\Controllers\CSekertaris->download_file_surat_masuk('48-93-1-PB.pdf')
 6 SYSTEMPATH\CodeIgniter.php(457): CodeIgniter\CodeIgniter->runController(Object(App\Controllers\CSekertaris))
 7 SYSTEMPATH\CodeIgniter.php(340): CodeIgniter\CodeIgniter->handleRequest(null, Object(Config\Cache), false)
 8 FCPATH\index.php(67): CodeIgniter\CodeIgniter->run()
