ERROR - 2023-05-29 07:24:55 --> mysqli_sql_exception: Duplicate entry 'SRPJ-2023529192314' for key 'PRIMARY' in C:\xampp\htdocs\SIKADES4\system\Database\MySQLi\Connection.php:292
Stack trace:
#0 C:\xampp\htdocs\SIKADES4\system\Database\MySQLi\Connection.php(292): mysqli->query('INSERT INTO `pe...', 0)
#1 C:\xampp\htdocs\SIKADES4\system\Database\BaseConnection.php(693): CodeIgniter\Database\MySQLi\Connection->execute('INSERT INTO `pe...')
#2 C:\xampp\htdocs\SIKADES4\system\Database\BaseConnection.php(620): CodeIgniter\Database\BaseConnection->simpleQuery('INSERT INTO `pe...')
#3 C:\xampp\htdocs\SIKADES4\system\Database\BaseBuilder.php(1916): CodeIgniter\Database\BaseConnection->query('INSERT INTO `pe...', Array, false)
#4 C:\xampp\htdocs\SIKADES4\app\Models\MMasyarakat.php(46): CodeIgniter\Database\BaseBuilder->insert(Array)
#5 C:\xampp\htdocs\SIKADES4\app\Controllers\CMasyarakat.php(75): App\Models\MMasyarakat->proses_tambah_pengajuan_surat_masyarakat(Array)
#6 C:\xampp\htdocs\SIKADES4\system\CodeIgniter.php(904): App\Controllers\CMasyarakat->tambah_pengajuan_surat()
#7 C:\xampp\htdocs\SIKADES4\system\CodeIgniter.php(457): CodeIgniter\CodeIgniter->runController(Object(App\Controllers\CMasyarakat))
#8 C:\xampp\htdocs\SIKADES4\system\CodeIgniter.php(340): CodeIgniter\CodeIgniter->handleRequest(NULL, Object(Config\Cache), false)
#9 C:\xampp\htdocs\SIKADES4\index.php(67): CodeIgniter\CodeIgniter->run()
#10 {main}
CRITICAL - 2023-05-29 07:24:55 --> Duplicate entry 'SRPJ-2023529192314' for key 'PRIMARY'
in SYSTEMPATH\Database\MySQLi\Connection.php on line 292.
 1 SYSTEMPATH\Database\MySQLi\Connection.php(292): mysqli->query('INSERT INTO `pengajuan_surat` (`id_pengajuan_surat`, `NIK`, `id_surat`, `file`, `status`, `tipe_pengajuan`, `operator`) VALUES (\'SRPJ-2023529192314\', \'3072892323\', \'SR-20221212141923\', \'ep_1.pdf\', \'menunggu\', \'mandiri\', \'MSY-2023529192051\')', 0)
 2 SYSTEMPATH\Database\BaseConnection.php(693): CodeIgniter\Database\MySQLi\Connection->execute('INSERT INTO `pengajuan_surat` (`id_pengajuan_surat`, `NIK`, `id_surat`, `file`, `status`, `tipe_pengajuan`, `operator`) VALUES (\'SRPJ-2023529192314\', \'3072892323\', \'SR-20221212141923\', \'ep_1.pdf\', \'menunggu\', \'mandiri\', \'MSY-2023529192051\')')
 3 SYSTEMPATH\Database\BaseConnection.php(620): CodeIgniter\Database\BaseConnection->simpleQuery('INSERT INTO `pengajuan_surat` (`id_pengajuan_surat`, `NIK`, `id_surat`, `file`, `status`, `tipe_pengajuan`, `operator`) VALUES (\'SRPJ-2023529192314\', \'3072892323\', \'SR-20221212141923\', \'ep_1.pdf\', \'menunggu\', \'mandiri\', \'MSY-2023529192051\')')
 4 SYSTEMPATH\Database\BaseBuilder.php(1916): CodeIgniter\Database\BaseConnection->query('INSERT INTO `pengajuan_surat` (`id_pengajuan_surat`, `NIK`, `id_surat`, `file`, `status`, `tipe_pengajuan`, `operator`) VALUES (:id_pengajuan_surat:, :NIK:, :id_surat:, :file:, :status:, :tipe_pengajuan:, :operator:)', [...], false)
 5 APPPATH\Models\MMasyarakat.php(46): CodeIgniter\Database\BaseBuilder->insert([...])
 6 APPPATH\Controllers\CMasyarakat.php(75): App\Models\MMasyarakat->proses_tambah_pengajuan_surat_masyarakat([...])
 7 SYSTEMPATH\CodeIgniter.php(904): App\Controllers\CMasyarakat->tambah_pengajuan_surat()
 8 SYSTEMPATH\CodeIgniter.php(457): CodeIgniter\CodeIgniter->runController(Object(App\Controllers\CMasyarakat))
 9 SYSTEMPATH\CodeIgniter.php(340): CodeIgniter\CodeIgniter->handleRequest(null, Object(Config\Cache), false)
10 FCPATH\index.php(67): CodeIgniter\CodeIgniter->run()
