CRITICAL - 2022-11-09 02:52:38 --> Undefined property: App\Controllers\CLogin::$mMasyarakat
in APPPATH\Controllers\CLogin.php on line 106.
 1 APPPATH\Controllers\CLogin.php(106): CodeIgniter\Debug\Exceptions->errorHandler(8, 'Undefined property: App\\Controllers\\CLogin::$mMasyarakat', 'APPPATH\\Controllers\\CLogin.php', 106, [...])
 2 SYSTEMPATH\CodeIgniter.php(904): App\Controllers\CLogin->cek_login_control()
 3 SYSTEMPATH\CodeIgniter.php(457): CodeIgniter\CodeIgniter->runController(Object(App\Controllers\CLogin))
 4 SYSTEMPATH\CodeIgniter.php(340): CodeIgniter\CodeIgniter->handleRequest(null, Object(Config\Cache), false)
 5 FCPATH\index.php(67): CodeIgniter\CodeIgniter->run()
CRITICAL - 2022-11-09 03:25:14 --> Call to undefined method CodeIgniter\Database\MySQLi\Builder::leftjoin()
in APPPATH\Models\MMasyarakat.php on line 22.
 1 APPPATH\Controllers\CUtama.php(232): App\Models\MMasyarakat->tampilkan_data_pengajuan('3072892323')
 2 SYSTEMPATH\CodeIgniter.php(904): App\Controllers\CUtama->link_pengajuan_surat_masyarakat()
 3 SYSTEMPATH\CodeIgniter.php(457): CodeIgniter\CodeIgniter->runController(Object(App\Controllers\CUtama))
 4 SYSTEMPATH\CodeIgniter.php(340): CodeIgniter\CodeIgniter->handleRequest(null, Object(Config\Cache), false)
 5 FCPATH\index.php(67): CodeIgniter\CodeIgniter->run()
CRITICAL - 2022-11-09 06:33:22 --> Undefined property: App\Controllers\CMasyarakat::$mLurah
in APPPATH\Controllers\CMasyarakat.php on line 94.
 1 APPPATH\Controllers\CMasyarakat.php(94): CodeIgniter\Debug\Exceptions->errorHandler(8, 'Undefined property: App\\Controllers\\CMasyarakat::$mLurah', 'APPPATH\\Controllers\\CMasyarakat.php', 94, [])
 2 SYSTEMPATH\CodeIgniter.php(904): App\Controllers\CMasyarakat->cari_data_pengajuan_surat()
 3 SYSTEMPATH\CodeIgniter.php(457): CodeIgniter\CodeIgniter->runController(Object(App\Controllers\CMasyarakat))
 4 SYSTEMPATH\CodeIgniter.php(340): CodeIgniter\CodeIgniter->handleRequest(null, Object(Config\Cache), false)
 5 FCPATH\index.php(67): CodeIgniter\CodeIgniter->run()
CRITICAL - 2022-11-09 06:33:42 --> You must set the database table to be used with your query.
in SYSTEMPATH\Database\BaseConnection.php on line 872.
 1 SYSTEMPATH\Model.php(586): CodeIgniter\Database\BaseConnection->table(null)
 2 SYSTEMPATH\Model.php(763): CodeIgniter\Model->builder()
 3 APPPATH\Controllers\CMasyarakat.php(94): CodeIgniter\Model->__call('proses_cari_data_pengajuan', [...])
 4 SYSTEMPATH\CodeIgniter.php(904): App\Controllers\CMasyarakat->cari_data_pengajuan_surat()
 5 SYSTEMPATH\CodeIgniter.php(457): CodeIgniter\CodeIgniter->runController(Object(App\Controllers\CMasyarakat))
 6 SYSTEMPATH\CodeIgniter.php(340): CodeIgniter\CodeIgniter->handleRequest(null, Object(Config\Cache), false)
 7 FCPATH\index.php(67): CodeIgniter\CodeIgniter->run()
CRITICAL - 2022-11-09 06:34:12 --> You must set the database table to be used with your query.
in SYSTEMPATH\Database\BaseConnection.php on line 872.
 1 SYSTEMPATH\Model.php(586): CodeIgniter\Database\BaseConnection->table(null)
 2 SYSTEMPATH\Model.php(763): CodeIgniter\Model->builder()
 3 APPPATH\Controllers\CMasyarakat.php(94): CodeIgniter\Model->__call('proses_cari_data_pengajuan', [...])
 4 SYSTEMPATH\CodeIgniter.php(904): App\Controllers\CMasyarakat->cari_data_pengajuan_surat()
 5 SYSTEMPATH\CodeIgniter.php(457): CodeIgniter\CodeIgniter->runController(Object(App\Controllers\CMasyarakat))
 6 SYSTEMPATH\CodeIgniter.php(340): CodeIgniter\CodeIgniter->handleRequest(null, Object(Config\Cache), false)
 7 FCPATH\index.php(67): CodeIgniter\CodeIgniter->run()
CRITICAL - 2022-11-09 19:37:41 --> Array to string conversion
in APPPATH\Views\dashboard\pages\admin\home.php on line 12.
 1 APPPATH\Views\dashboard\pages\admin\home.php(12): CodeIgniter\Debug\Exceptions->errorHandler(8, 'Array to string conversion', 'APPPATH\\Views\\dashboard\\pages\\admin\\home.php', 12, [...])
 2 SYSTEMPATH\View\View.php(213): include('APPPATH\\Views\\dashboard\\pages\\admin\\home.php')
 3 SYSTEMPATH\View\View.php(216): CodeIgniter\View\View->CodeIgniter\View\{closure}()
 4 SYSTEMPATH\Common.php(1137): CodeIgniter\View\View->render('dashboard/pages/admin/home', [], true)
 5 APPPATH\Controllers\CUtama.php(57): view('dashboard/pages/admin/home', [...])
 6 SYSTEMPATH\CodeIgniter.php(904): App\Controllers\CUtama->link_home_sekertaris()
 7 SYSTEMPATH\CodeIgniter.php(457): CodeIgniter\CodeIgniter->runController(Object(App\Controllers\CUtama))
 8 SYSTEMPATH\CodeIgniter.php(340): CodeIgniter\CodeIgniter->handleRequest(null, Object(Config\Cache), false)
 9 FCPATH\index.php(67): CodeIgniter\CodeIgniter->run()
CRITICAL - 2022-11-09 19:40:36 --> Undefined index: total_pengajuan_saya
in APPPATH\Views\dashboard\pages\admin\home.php on line 64.
 1 APPPATH\Views\dashboard\pages\admin\home.php(64): CodeIgniter\Debug\Exceptions->errorHandler(8, 'Undefined index: total_pengajuan_saya', 'APPPATH\\Views\\dashboard\\pages\\admin\\home.php', 64, [...])
 2 SYSTEMPATH\View\View.php(213): include('APPPATH\\Views\\dashboard\\pages\\admin\\home.php')
 3 SYSTEMPATH\View\View.php(216): CodeIgniter\View\View->CodeIgniter\View\{closure}()
 4 SYSTEMPATH\Common.php(1137): CodeIgniter\View\View->render('dashboard/pages/admin/home', [], true)
 5 APPPATH\Controllers\CUtama.php(57): view('dashboard/pages/admin/home', [...])
 6 SYSTEMPATH\CodeIgniter.php(904): App\Controllers\CUtama->link_home_sekertaris()
 7 SYSTEMPATH\CodeIgniter.php(457): CodeIgniter\CodeIgniter->runController(Object(App\Controllers\CUtama))
 8 SYSTEMPATH\CodeIgniter.php(340): CodeIgniter\CodeIgniter->handleRequest(null, Object(Config\Cache), false)
 9 FCPATH\index.php(67): CodeIgniter\CodeIgniter->run()
CRITICAL - 2022-11-09 20:16:36 --> Undefined variable: totalsuratmasuk
in APPPATH\Views\dashboard\pages\admin\home.php on line 12.
 1 APPPATH\Views\dashboard\pages\admin\home.php(12): CodeIgniter\Debug\Exceptions->errorHandler(8, 'Undefined variable: totalsuratmasuk', 'APPPATH\\Views\\dashboard\\pages\\admin\\home.php', 12, [...])
 2 SYSTEMPATH\View\View.php(213): include('APPPATH\\Views\\dashboard\\pages\\admin\\home.php')
 3 SYSTEMPATH\View\View.php(216): CodeIgniter\View\View->CodeIgniter\View\{closure}()
 4 SYSTEMPATH\Common.php(1137): CodeIgniter\View\View->render('dashboard/pages/admin/home', [], true)
 5 APPPATH\Controllers\CLogin.php(93): view('dashboard/pages/admin/home', [...])
 6 SYSTEMPATH\CodeIgniter.php(904): App\Controllers\CLogin->cek_login_control()
 7 SYSTEMPATH\CodeIgniter.php(457): CodeIgniter\CodeIgniter->runController(Object(App\Controllers\CLogin))
 8 SYSTEMPATH\CodeIgniter.php(340): CodeIgniter\CodeIgniter->handleRequest(null, Object(Config\Cache), false)
 9 FCPATH\index.php(67): CodeIgniter\CodeIgniter->run()
CRITICAL - 2022-11-09 20:16:48 --> Undefined variable: totalsuratmasuk
in APPPATH\Views\dashboard\pages\admin\home.php on line 12.
 1 APPPATH\Views\dashboard\pages\admin\home.php(12): CodeIgniter\Debug\Exceptions->errorHandler(8, 'Undefined variable: totalsuratmasuk', 'APPPATH\\Views\\dashboard\\pages\\admin\\home.php', 12, [...])
 2 SYSTEMPATH\View\View.php(213): include('APPPATH\\Views\\dashboard\\pages\\admin\\home.php')
 3 SYSTEMPATH\View\View.php(216): CodeIgniter\View\View->CodeIgniter\View\{closure}()
 4 SYSTEMPATH\Common.php(1137): CodeIgniter\View\View->render('dashboard/pages/admin/home', [], true)
 5 APPPATH\Controllers\CLogin.php(93): view('dashboard/pages/admin/home', [...])
 6 SYSTEMPATH\CodeIgniter.php(904): App\Controllers\CLogin->cek_login_control()
 7 SYSTEMPATH\CodeIgniter.php(457): CodeIgniter\CodeIgniter->runController(Object(App\Controllers\CLogin))
 8 SYSTEMPATH\CodeIgniter.php(340): CodeIgniter\CodeIgniter->handleRequest(null, Object(Config\Cache), false)
 9 FCPATH\index.php(67): CodeIgniter\CodeIgniter->run()
CRITICAL - 2022-11-09 20:17:04 --> Undefined variable: totalsuratmasuk
in APPPATH\Views\dashboard\pages\admin\home.php on line 12.
 1 APPPATH\Views\dashboard\pages\admin\home.php(12): CodeIgniter\Debug\Exceptions->errorHandler(8, 'Undefined variable: totalsuratmasuk', 'APPPATH\\Views\\dashboard\\pages\\admin\\home.php', 12, [...])
 2 SYSTEMPATH\View\View.php(213): include('APPPATH\\Views\\dashboard\\pages\\admin\\home.php')
 3 SYSTEMPATH\View\View.php(216): CodeIgniter\View\View->CodeIgniter\View\{closure}()
 4 SYSTEMPATH\Common.php(1137): CodeIgniter\View\View->render('dashboard/pages/admin/home', [], true)
 5 APPPATH\Controllers\CLogin.php(38): view('dashboard/pages/admin/home', [...])
 6 SYSTEMPATH\CodeIgniter.php(904): App\Controllers\CLogin->index()
 7 SYSTEMPATH\CodeIgniter.php(457): CodeIgniter\CodeIgniter->runController(Object(App\Controllers\CLogin))
 8 SYSTEMPATH\CodeIgniter.php(340): CodeIgniter\CodeIgniter->handleRequest(null, Object(Config\Cache), false)
 9 FCPATH\index.php(67): CodeIgniter\CodeIgniter->run()
CRITICAL - 2022-11-09 20:17:45 --> Undefined variable: totalsuratkeluar
in APPPATH\Views\dashboard\pages\admin\home.php on line 29.
 1 APPPATH\Views\dashboard\pages\admin\home.php(29): CodeIgniter\Debug\Exceptions->errorHandler(8, 'Undefined variable: totalsuratkeluar', 'APPPATH\\Views\\dashboard\\pages\\admin\\home.php', 29, [...])
 2 SYSTEMPATH\View\View.php(213): include('APPPATH\\Views\\dashboard\\pages\\admin\\home.php')
 3 SYSTEMPATH\View\View.php(216): CodeIgniter\View\View->CodeIgniter\View\{closure}()
 4 SYSTEMPATH\Common.php(1137): CodeIgniter\View\View->render('dashboard/pages/admin/home', [], true)
 5 APPPATH\Controllers\CLogin.php(93): view('dashboard/pages/admin/home', [...])
 6 SYSTEMPATH\CodeIgniter.php(904): App\Controllers\CLogin->cek_login_control()
 7 SYSTEMPATH\CodeIgniter.php(457): CodeIgniter\CodeIgniter->runController(Object(App\Controllers\CLogin))
 8 SYSTEMPATH\CodeIgniter.php(340): CodeIgniter\CodeIgniter->handleRequest(null, Object(Config\Cache), false)
 9 FCPATH\index.php(67): CodeIgniter\CodeIgniter->run()
CRITICAL - 2022-11-09 20:18:06 --> Undefined variable: totalsuratmasuk
in APPPATH\Views\dashboard\pages\admin\home.php on line 12.
 1 APPPATH\Views\dashboard\pages\admin\home.php(12): CodeIgniter\Debug\Exceptions->errorHandler(8, 'Undefined variable: totalsuratmasuk', 'APPPATH\\Views\\dashboard\\pages\\admin\\home.php', 12, [...])
 2 SYSTEMPATH\View\View.php(213): include('APPPATH\\Views\\dashboard\\pages\\admin\\home.php')
 3 SYSTEMPATH\View\View.php(216): CodeIgniter\View\View->CodeIgniter\View\{closure}()
 4 SYSTEMPATH\Common.php(1137): CodeIgniter\View\View->render('dashboard/pages/admin/home', [], true)
 5 APPPATH\Controllers\CLogin.php(38): view('dashboard/pages/admin/home', [...])
 6 SYSTEMPATH\CodeIgniter.php(904): App\Controllers\CLogin->index()
 7 SYSTEMPATH\CodeIgniter.php(457): CodeIgniter\CodeIgniter->runController(Object(App\Controllers\CLogin))
 8 SYSTEMPATH\CodeIgniter.php(340): CodeIgniter\CodeIgniter->handleRequest(null, Object(Config\Cache), false)
 9 FCPATH\index.php(67): CodeIgniter\CodeIgniter->run()
CRITICAL - 2022-11-09 20:19:49 --> Undefined variable: totalsuratmasuk
in APPPATH\Views\dashboard\pages\admin\home.php on line 12.
 1 APPPATH\Views\dashboard\pages\admin\home.php(12): CodeIgniter\Debug\Exceptions->errorHandler(8, 'Undefined variable: totalsuratmasuk', 'APPPATH\\Views\\dashboard\\pages\\admin\\home.php', 12, [...])
 2 SYSTEMPATH\View\View.php(213): include('APPPATH\\Views\\dashboard\\pages\\admin\\home.php')
 3 SYSTEMPATH\View\View.php(216): CodeIgniter\View\View->CodeIgniter\View\{closure}()
 4 SYSTEMPATH\Common.php(1137): CodeIgniter\View\View->render('dashboard/pages/admin/home', [], true)
 5 APPPATH\Controllers\CLogin.php(38): view('dashboard/pages/admin/home', [...])
 6 SYSTEMPATH\CodeIgniter.php(904): App\Controllers\CLogin->index()
 7 SYSTEMPATH\CodeIgniter.php(457): CodeIgniter\CodeIgniter->runController(Object(App\Controllers\CLogin))
 8 SYSTEMPATH\CodeIgniter.php(340): CodeIgniter\CodeIgniter->handleRequest(null, Object(Config\Cache), false)
 9 FCPATH\index.php(67): CodeIgniter\CodeIgniter->run()
CRITICAL - 2022-11-09 20:22:17 --> Undefined variable: totalsuratmasuk
in APPPATH\Views\dashboard\pages\admin\home.php on line 12.
 1 APPPATH\Views\dashboard\pages\admin\home.php(12): CodeIgniter\Debug\Exceptions->errorHandler(8, 'Undefined variable: totalsuratmasuk', 'APPPATH\\Views\\dashboard\\pages\\admin\\home.php', 12, [...])
 2 SYSTEMPATH\View\View.php(213): include('APPPATH\\Views\\dashboard\\pages\\admin\\home.php')
 3 SYSTEMPATH\View\View.php(216): CodeIgniter\View\View->CodeIgniter\View\{closure}()
 4 SYSTEMPATH\Common.php(1137): CodeIgniter\View\View->render('dashboard/pages/admin/home', [], true)
 5 APPPATH\Controllers\CLogin.php(38): view('dashboard/pages/admin/home', [...])
 6 SYSTEMPATH\CodeIgniter.php(904): App\Controllers\CLogin->index()
 7 SYSTEMPATH\CodeIgniter.php(457): CodeIgniter\CodeIgniter->runController(Object(App\Controllers\CLogin))
 8 SYSTEMPATH\CodeIgniter.php(340): CodeIgniter\CodeIgniter->handleRequest(null, Object(Config\Cache), false)
 9 FCPATH\index.php(67): CodeIgniter\CodeIgniter->run()
CRITICAL - 2022-11-09 20:23:07 --> Undefined variable: totalsuratmasuk
in APPPATH\Views\dashboard\pages\admin\home.php on line 12.
 1 APPPATH\Views\dashboard\pages\admin\home.php(12): CodeIgniter\Debug\Exceptions->errorHandler(8, 'Undefined variable: totalsuratmasuk', 'APPPATH\\Views\\dashboard\\pages\\admin\\home.php', 12, [...])
 2 SYSTEMPATH\View\View.php(213): include('APPPATH\\Views\\dashboard\\pages\\admin\\home.php')
 3 SYSTEMPATH\View\View.php(216): CodeIgniter\View\View->CodeIgniter\View\{closure}()
 4 SYSTEMPATH\Common.php(1137): CodeIgniter\View\View->render('dashboard/pages/admin/home', [], true)
 5 APPPATH\Controllers\CLogin.php(38): view('dashboard/pages/admin/home', [...])
 6 SYSTEMPATH\CodeIgniter.php(904): App\Controllers\CLogin->index()
 7 SYSTEMPATH\CodeIgniter.php(457): CodeIgniter\CodeIgniter->runController(Object(App\Controllers\CLogin))
 8 SYSTEMPATH\CodeIgniter.php(340): CodeIgniter\CodeIgniter->handleRequest(null, Object(Config\Cache), false)
 9 FCPATH\index.php(67): CodeIgniter\CodeIgniter->run()
CRITICAL - 2022-11-09 20:57:48 --> Undefined index: total_pengajuan
in APPPATH\Controllers\CLogin.php on line 166.
 1 APPPATH\Controllers\CLogin.php(166): CodeIgniter\Debug\Exceptions->errorHandler(8, 'Undefined index: total_pengajuan', 'APPPATH\\Controllers\\CLogin.php', 166, [...])
 2 SYSTEMPATH\CodeIgniter.php(904): App\Controllers\CLogin->cek_login_control()
 3 SYSTEMPATH\CodeIgniter.php(457): CodeIgniter\CodeIgniter->runController(Object(App\Controllers\CLogin))
 4 SYSTEMPATH\CodeIgniter.php(340): CodeIgniter\CodeIgniter->handleRequest(null, Object(Config\Cache), false)
 5 FCPATH\index.php(67): CodeIgniter\CodeIgniter->run()
CRITICAL - 2022-11-09 20:58:19 --> Undefined index: total_pengajuan
in APPPATH\Controllers\CLogin.php on line 166.
 1 APPPATH\Controllers\CLogin.php(166): CodeIgniter\Debug\Exceptions->errorHandler(8, 'Undefined index: total_pengajuan', 'APPPATH\\Controllers\\CLogin.php', 166, [...])
 2 SYSTEMPATH\CodeIgniter.php(904): App\Controllers\CLogin->cek_login_control()
 3 SYSTEMPATH\CodeIgniter.php(457): CodeIgniter\CodeIgniter->runController(Object(App\Controllers\CLogin))
 4 SYSTEMPATH\CodeIgniter.php(340): CodeIgniter\CodeIgniter->handleRequest(null, Object(Config\Cache), false)
 5 FCPATH\index.php(67): CodeIgniter\CodeIgniter->run()
