CRITICAL - 2022-11-10 01:37:17 --> Undefined property: App\Controllers\CLurah::$mSekertaris
in APPPATH\Controllers\CLurah.php on line 145.
 1 APPPATH\Controllers\CLurah.php(145): CodeIgniter\Debug\Exceptions->errorHandler(8, 'Undefined property: App\\Controllers\\CLurah::$mSekertaris', 'APPPATH\\Controllers\\CLurah.php', 145, [])
 2 SYSTEMPATH\CodeIgniter.php(904): App\Controllers\CLurah->cari_data_pengajuan_surat()
 3 SYSTEMPATH\CodeIgniter.php(457): CodeIgniter\CodeIgniter->runController(Object(App\Controllers\CLurah))
 4 SYSTEMPATH\CodeIgniter.php(340): CodeIgniter\CodeIgniter->handleRequest(null, Object(Config\Cache), false)
 5 FCPATH\index.php(67): CodeIgniter\CodeIgniter->run()
ERROR - 2022-11-10 01:37:37 --> mysqli_sql_exception: You have an error in your SQL syntax; check the manual that corresponds to your MariaDB server version for the right syntax to use near '`=` = 'disetujui'' at line 7 in C:\xampp\htdocs\SIKADES4\system\Database\MySQLi\Connection.php:292
Stack trace:
#0 C:\xampp\htdocs\SIKADES4\system\Database\MySQLi\Connection.php(292): mysqli->query('SELECT *\nFROM `...', 0)
#1 C:\xampp\htdocs\SIKADES4\system\Database\BaseConnection.php(693): CodeIgniter\Database\MySQLi\Connection->execute('SELECT *\nFROM `...')
#2 C:\xampp\htdocs\SIKADES4\system\Database\BaseConnection.php(620): CodeIgniter\Database\BaseConnection->simpleQuery('SELECT *\nFROM `...')
#3 C:\xampp\htdocs\SIKADES4\system\Database\BaseBuilder.php(1585): CodeIgniter\Database\BaseConnection->query('SELECT *\nFROM `...', Array, false)
#4 C:\xampp\htdocs\SIKADES4\app\Models\MLurah.php(107): CodeIgniter\Database\BaseBuilder->get()
#5 C:\xampp\htdocs\SIKADES4\app\Controllers\CLurah.php(145): App\Models\MLurah->proses_cari_data_pengajuan_surat('fads')
#6 C:\xampp\htdocs\SIKADES4\system\CodeIgniter.php(904): App\Controllers\CLurah->cari_data_pengajuan_surat()
#7 C:\xampp\htdocs\SIKADES4\system\CodeIgniter.php(457): CodeIgniter\CodeIgniter->runController(Object(App\Controllers\CLurah))
#8 C:\xampp\htdocs\SIKADES4\system\CodeIgniter.php(340): CodeIgniter\CodeIgniter->handleRequest(NULL, Object(Config\Cache), false)
#9 C:\xampp\htdocs\SIKADES4\index.php(67): CodeIgniter\CodeIgniter->run()
#10 {main}
CRITICAL - 2022-11-10 01:37:37 --> You have an error in your SQL syntax; check the manual that corresponds to your MariaDB server version for the right syntax to use near '`=` = 'disetujui'' at line 7
in SYSTEMPATH\Database\MySQLi\Connection.php on line 292.
 1 SYSTEMPATH\Database\MySQLi\Connection.php(292): mysqli->query('SELECT *
FROM `pengajuan_surat`
JOIN `masyarakat` ON `masyarakat`.`NIK`=`pengajuan_surat`.`NIK`
JOIN `surat` ON `surat`.`id_surat`=`pengajuan_surat`.`id_surat`
WHERE `masyarakat`.`nama_masyarakat` LIKE \'%fads%\' ESCAPE \'!\'
OR  `masyarakat`.`NIK` LIKE \'%fads%\' ESCAPE \'!\'
AND `status` `=` = \'disetujui\'', 0)
 2 SYSTEMPATH\Database\BaseConnection.php(693): CodeIgniter\Database\MySQLi\Connection->execute('SELECT *
FROM `pengajuan_surat`
JOIN `masyarakat` ON `masyarakat`.`NIK`=`pengajuan_surat`.`NIK`
JOIN `surat` ON `surat`.`id_surat`=`pengajuan_surat`.`id_surat`
WHERE `masyarakat`.`nama_masyarakat` LIKE \'%fads%\' ESCAPE \'!\'
OR  `masyarakat`.`NIK` LIKE \'%fads%\' ESCAPE \'!\'
AND `status` `=` = \'disetujui\'')
 3 SYSTEMPATH\Database\BaseConnection.php(620): CodeIgniter\Database\BaseConnection->simpleQuery('SELECT *
FROM `pengajuan_surat`
JOIN `masyarakat` ON `masyarakat`.`NIK`=`pengajuan_surat`.`NIK`
JOIN `surat` ON `surat`.`id_surat`=`pengajuan_surat`.`id_surat`
WHERE `masyarakat`.`nama_masyarakat` LIKE \'%fads%\' ESCAPE \'!\'
OR  `masyarakat`.`NIK` LIKE \'%fads%\' ESCAPE \'!\'
AND `status` `=` = \'disetujui\'')
 4 SYSTEMPATH\Database\BaseBuilder.php(1585): CodeIgniter\Database\BaseConnection->query('SELECT *
FROM `pengajuan_surat`
JOIN `masyarakat` ON `masyarakat`.`NIK`=`pengajuan_surat`.`NIK`
JOIN `surat` ON `surat`.`id_surat`=`pengajuan_surat`.`id_surat`
WHERE `masyarakat`.`nama_masyarakat` LIKE :masyarakat.nama_masyarakat: ESCAPE \'!\'
OR  `masyarakat`.`NIK` LIKE :masyarakat.NIK: ESCAPE \'!\'
AND `status` `=` = :status =:', [...], false)
 5 APPPATH\Models\MLurah.php(107): CodeIgniter\Database\BaseBuilder->get()
 6 APPPATH\Controllers\CLurah.php(145): App\Models\MLurah->proses_cari_data_pengajuan_surat('fads')
 7 SYSTEMPATH\CodeIgniter.php(904): App\Controllers\CLurah->cari_data_pengajuan_surat()
 8 SYSTEMPATH\CodeIgniter.php(457): CodeIgniter\CodeIgniter->runController(Object(App\Controllers\CLurah))
 9 SYSTEMPATH\CodeIgniter.php(340): CodeIgniter\CodeIgniter->handleRequest(null, Object(Config\Cache), false)
10 FCPATH\index.php(67): CodeIgniter\CodeIgniter->run()
CRITICAL - 2022-11-10 02:57:22 --> Undefined variable: idpengguna
in APPPATH\Views\login\registrasi.php on line 45.
 1 APPPATH\Views\login\registrasi.php(45): CodeIgniter\Debug\Exceptions->errorHandler(8, 'Undefined variable: idpengguna', 'APPPATH\\Views\\login\\registrasi.php', 45, [])
 2 SYSTEMPATH\View\View.php(213): include('APPPATH\\Views\\login\\registrasi.php')
 3 SYSTEMPATH\View\View.php(216): CodeIgniter\View\View->CodeIgniter\View\{closure}()
 4 SYSTEMPATH\Common.php(1137): CodeIgniter\View\View->render('login/registrasi', [], true)
 5 APPPATH\Controllers\CUtama.php(48): view('login/registrasi')
 6 SYSTEMPATH\CodeIgniter.php(904): App\Controllers\CUtama->link_registrasi()
 7 SYSTEMPATH\CodeIgniter.php(457): CodeIgniter\CodeIgniter->runController(Object(App\Controllers\CUtama))
 8 SYSTEMPATH\CodeIgniter.php(340): CodeIgniter\CodeIgniter->handleRequest(null, Object(Config\Cache), false)
 9 FCPATH\index.php(67): CodeIgniter\CodeIgniter->run()
CRITICAL - 2022-11-10 03:53:23 --> Undefined variable: id
in APPPATH\Views\login\registrasi.php on line 27.
 1 APPPATH\Views\login\registrasi.php(27): CodeIgniter\Debug\Exceptions->errorHandler(8, 'Undefined variable: id', 'APPPATH\\Views\\login\\registrasi.php', 27, [...])
 2 SYSTEMPATH\View\View.php(213): include('APPPATH\\Views\\login\\registrasi.php')
 3 SYSTEMPATH\View\View.php(216): CodeIgniter\View\View->CodeIgniter\View\{closure}()
 4 SYSTEMPATH\Common.php(1137): CodeIgniter\View\View->render('login/registrasi', [], true)
 5 APPPATH\Controllers\CUtama.php(49): view('login/registrasi', [...])
 6 SYSTEMPATH\CodeIgniter.php(904): App\Controllers\CUtama->link_registrasi()
 7 SYSTEMPATH\CodeIgniter.php(457): CodeIgniter\CodeIgniter->runController(Object(App\Controllers\CUtama))
 8 SYSTEMPATH\CodeIgniter.php(340): CodeIgniter\CodeIgniter->handleRequest(null, Object(Config\Cache), false)
 9 FCPATH\index.php(67): CodeIgniter\CodeIgniter->run()
CRITICAL - 2022-11-10 03:53:30 --> Undefined variable: id
in APPPATH\Views\login\registrasi.php on line 27.
 1 APPPATH\Views\login\registrasi.php(27): CodeIgniter\Debug\Exceptions->errorHandler(8, 'Undefined variable: id', 'APPPATH\\Views\\login\\registrasi.php', 27, [...])
 2 SYSTEMPATH\View\View.php(213): include('APPPATH\\Views\\login\\registrasi.php')
 3 SYSTEMPATH\View\View.php(216): CodeIgniter\View\View->CodeIgniter\View\{closure}()
 4 SYSTEMPATH\Common.php(1137): CodeIgniter\View\View->render('login/registrasi', [], true)
 5 APPPATH\Controllers\CUtama.php(49): view('login/registrasi', [...])
 6 SYSTEMPATH\CodeIgniter.php(904): App\Controllers\CUtama->link_registrasi()
 7 SYSTEMPATH\CodeIgniter.php(457): CodeIgniter\CodeIgniter->runController(Object(App\Controllers\CUtama))
 8 SYSTEMPATH\CodeIgniter.php(340): CodeIgniter\CodeIgniter->handleRequest(null, Object(Config\Cache), false)
 9 FCPATH\index.php(67): CodeIgniter\CodeIgniter->run()
CRITICAL - 2022-11-10 04:18:30 --> Call to undefined method App\Models\MLogin::tambah_data_pengguna
in SYSTEMPATH\Model.php on line 773.
 1 APPPATH\Controllers\CLogin.php(244): CodeIgniter\Model->__call('tambah_data_pengguna', [])
 2 SYSTEMPATH\CodeIgniter.php(904): App\Controllers\CLogin->registrasi()
 3 SYSTEMPATH\CodeIgniter.php(457): CodeIgniter\CodeIgniter->runController(Object(App\Controllers\CLogin))
 4 SYSTEMPATH\CodeIgniter.php(340): CodeIgniter\CodeIgniter->handleRequest(null, Object(Config\Cache), false)
 5 FCPATH\index.php(67): CodeIgniter\CodeIgniter->run()
CRITICAL - 2022-11-10 04:18:48 --> Call to undefined method App\Models\MLogin::tambah_data_pengguna
in SYSTEMPATH\Model.php on line 773.
 1 APPPATH\Controllers\CLogin.php(245): CodeIgniter\Model->__call('tambah_data_pengguna', [...])
 2 SYSTEMPATH\CodeIgniter.php(904): App\Controllers\CLogin->registrasi()
 3 SYSTEMPATH\CodeIgniter.php(457): CodeIgniter\CodeIgniter->runController(Object(App\Controllers\CLogin))
 4 SYSTEMPATH\CodeIgniter.php(340): CodeIgniter\CodeIgniter->handleRequest(null, Object(Config\Cache), false)
 5 FCPATH\index.php(67): CodeIgniter\CodeIgniter->run()
CRITICAL - 2022-11-10 04:18:53 --> Call to undefined method App\Models\MLogin::tambah_data_pengguna
in SYSTEMPATH\Model.php on line 773.
 1 APPPATH\Controllers\CLogin.php(245): CodeIgniter\Model->__call('tambah_data_pengguna', [...])
 2 SYSTEMPATH\CodeIgniter.php(904): App\Controllers\CLogin->registrasi()
 3 SYSTEMPATH\CodeIgniter.php(457): CodeIgniter\CodeIgniter->runController(Object(App\Controllers\CLogin))
 4 SYSTEMPATH\CodeIgniter.php(340): CodeIgniter\CodeIgniter->handleRequest(null, Object(Config\Cache), false)
 5 FCPATH\index.php(67): CodeIgniter\CodeIgniter->run()
ERROR - 2022-11-10 04:53:33 --> mysqli_sql_exception: Duplicate entry 'MSY-2022111017531' for key 'PRIMARY' in C:\xampp\htdocs\SIKADES4\system\Database\MySQLi\Connection.php:292
Stack trace:
#0 C:\xampp\htdocs\SIKADES4\system\Database\MySQLi\Connection.php(292): mysqli->query('INSERT INTO `ma...', 0)
#1 C:\xampp\htdocs\SIKADES4\system\Database\BaseConnection.php(693): CodeIgniter\Database\MySQLi\Connection->execute('INSERT INTO `ma...')
#2 C:\xampp\htdocs\SIKADES4\system\Database\BaseConnection.php(620): CodeIgniter\Database\BaseConnection->simpleQuery('INSERT INTO `ma...')
#3 C:\xampp\htdocs\SIKADES4\system\Database\BaseBuilder.php(1916): CodeIgniter\Database\BaseConnection->query('INSERT INTO `ma...', Array, false)
#4 C:\xampp\htdocs\SIKADES4\app\Models\MLogin.php(45): CodeIgniter\Database\BaseBuilder->insert(Array)
#5 C:\xampp\htdocs\SIKADES4\app\Controllers\CLogin.php(247): App\Models\MLogin->proses_tambah_data_pengguna(Array)
#6 C:\xampp\htdocs\SIKADES4\system\CodeIgniter.php(904): App\Controllers\CLogin->registrasi()
#7 C:\xampp\htdocs\SIKADES4\system\CodeIgniter.php(457): CodeIgniter\CodeIgniter->runController(Object(App\Controllers\CLogin))
#8 C:\xampp\htdocs\SIKADES4\system\CodeIgniter.php(340): CodeIgniter\CodeIgniter->handleRequest(NULL, Object(Config\Cache), false)
#9 C:\xampp\htdocs\SIKADES4\index.php(67): CodeIgniter\CodeIgniter->run()
#10 {main}
CRITICAL - 2022-11-10 04:53:33 --> Duplicate entry 'MSY-2022111017531' for key 'PRIMARY'
in SYSTEMPATH\Database\MySQLi\Connection.php on line 292.
 1 SYSTEMPATH\Database\MySQLi\Connection.php(292): mysqli->query('INSERT INTO `masyarakat` (`id_masyarakat`, `nama_masyarakat`, `NIK`, `no_hp`, `email`) VALUES (\'MSY-2022111017531\', \'yuyu\', \'13232\', \'362835728\', \'yuyu@gmail.com\')', 0)
 2 SYSTEMPATH\Database\BaseConnection.php(693): CodeIgniter\Database\MySQLi\Connection->execute('INSERT INTO `masyarakat` (`id_masyarakat`, `nama_masyarakat`, `NIK`, `no_hp`, `email`) VALUES (\'MSY-2022111017531\', \'yuyu\', \'13232\', \'362835728\', \'yuyu@gmail.com\')')
 3 SYSTEMPATH\Database\BaseConnection.php(620): CodeIgniter\Database\BaseConnection->simpleQuery('INSERT INTO `masyarakat` (`id_masyarakat`, `nama_masyarakat`, `NIK`, `no_hp`, `email`) VALUES (\'MSY-2022111017531\', \'yuyu\', \'13232\', \'362835728\', \'yuyu@gmail.com\')')
 4 SYSTEMPATH\Database\BaseBuilder.php(1916): CodeIgniter\Database\BaseConnection->query('INSERT INTO `masyarakat` (`id_masyarakat`, `nama_masyarakat`, `NIK`, `no_hp`, `email`) VALUES (:id_masyarakat:, :nama_masyarakat:, :NIK:, :no_hp:, :email:)', [...], false)
 5 APPPATH\Models\MLogin.php(45): CodeIgniter\Database\BaseBuilder->insert([...])
 6 APPPATH\Controllers\CLogin.php(247): App\Models\MLogin->proses_tambah_data_pengguna([...])
 7 SYSTEMPATH\CodeIgniter.php(904): App\Controllers\CLogin->registrasi()
 8 SYSTEMPATH\CodeIgniter.php(457): CodeIgniter\CodeIgniter->runController(Object(App\Controllers\CLogin))
 9 SYSTEMPATH\CodeIgniter.php(340): CodeIgniter\CodeIgniter->handleRequest(null, Object(Config\Cache), false)
10 FCPATH\index.php(67): CodeIgniter\CodeIgniter->run()
CRITICAL - 2022-11-10 05:12:43 --> You must set the database table to be used with your query.
in SYSTEMPATH\Database\BaseConnection.php on line 872.
 1 SYSTEMPATH\Model.php(586): CodeIgniter\Database\BaseConnection->table(null)
 2 SYSTEMPATH\Model.php(763): CodeIgniter\Model->builder()
 3 APPPATH\Controllers\CSekertaris.php(252): CodeIgniter\Model->__call('proses_ubah_konfirmasi_registrasi', [...])
 4 SYSTEMPATH\CodeIgniter.php(904): App\Controllers\CSekertaris->ubah_data_konfirmasi_registrasi('MSY-2022117213740')
 5 SYSTEMPATH\CodeIgniter.php(457): CodeIgniter\CodeIgniter->runController(Object(App\Controllers\CSekertaris))
 6 SYSTEMPATH\CodeIgniter.php(340): CodeIgniter\CodeIgniter->handleRequest(null, Object(Config\Cache), false)
 7 FCPATH\index.php(67): CodeIgniter\CodeIgniter->run()
CRITICAL - 2022-11-10 05:12:54 --> You must set the database table to be used with your query.
in SYSTEMPATH\Database\BaseConnection.php on line 872.
 1 SYSTEMPATH\Model.php(586): CodeIgniter\Database\BaseConnection->table(null)
 2 SYSTEMPATH\Model.php(763): CodeIgniter\Model->builder()
 3 APPPATH\Controllers\CSekertaris.php(252): CodeIgniter\Model->__call('proses_ubah_konfirmasi_registrasi', [...])
 4 SYSTEMPATH\CodeIgniter.php(904): App\Controllers\CSekertaris->ubah_data_konfirmasi_registrasi('MSY-2022117213740')
 5 SYSTEMPATH\CodeIgniter.php(457): CodeIgniter\CodeIgniter->runController(Object(App\Controllers\CSekertaris))
 6 SYSTEMPATH\CodeIgniter.php(340): CodeIgniter\CodeIgniter->handleRequest(null, Object(Config\Cache), false)
 7 FCPATH\index.php(67): CodeIgniter\CodeIgniter->run()
