ERROR - 2022-11-16 23:13:29 --> Error connecting to the database: mysqli_sql_exception: No connection could be made because the target machine actively refused it.
 in C:\xampp\htdocs\SIKADES4\system\Database\MySQLi\Connection.php:171
Stack trace:
#0 C:\xampp\htdocs\SIKADES4\system\Database\MySQLi\Connection.php(171): mysqli->real_connect('localhost', 'root', '', 'db_sikades', 3306, '', 0)
#1 C:\xampp\htdocs\SIKADES4\system\Database\BaseConnection.php(382): CodeIgniter\Database\MySQLi\Connection->connect(false)
#2 C:\xampp\htdocs\SIKADES4\system\Database\BaseConnection.php(588): CodeIgniter\Database\BaseConnection->initialize()
#3 C:\xampp\htdocs\SIKADES4\system\Database\BaseBuilder.php(1585): CodeIgniter\Database\BaseConnection->query('SELECT *\nFROM `...', Array, false)
#4 C:\xampp\htdocs\SIKADES4\app\Models\MLogin.php(16): CodeIgniter\Database\BaseBuilder->get()
#5 C:\xampp\htdocs\SIKADES4\app\Controllers\CLogin.php(87): App\Models\MLogin->cek_login('ikhsan123', 'ikshan123')
#6 C:\xampp\htdocs\SIKADES4\system\CodeIgniter.php(904): App\Controllers\CLogin->cek_login_control()
#7 C:\xampp\htdocs\SIKADES4\system\CodeIgniter.php(457): CodeIgniter\CodeIgniter->runController(Object(App\Controllers\CLogin))
#8 C:\xampp\htdocs\SIKADES4\system\CodeIgniter.php(340): CodeIgniter\CodeIgniter->handleRequest(NULL, Object(Config\Cache), false)
#9 C:\xampp\htdocs\SIKADES4\index.php(67): CodeIgniter\CodeIgniter->run()
#10 {main}

Next CodeIgniter\Database\Exceptions\DatabaseException: No connection could be made because the target machine actively refused it.
 in C:\xampp\htdocs\SIKADES4\system\Database\MySQLi\Connection.php:215
Stack trace:
#0 C:\xampp\htdocs\SIKADES4\system\Database\BaseConnection.php(382): CodeIgniter\Database\MySQLi\Connection->connect(false)
#1 C:\xampp\htdocs\SIKADES4\system\Database\BaseConnection.php(588): CodeIgniter\Database\BaseConnection->initialize()
#2 C:\xampp\htdocs\SIKADES4\system\Database\BaseBuilder.php(1585): CodeIgniter\Database\BaseConnection->query('SELECT *\nFROM `...', Array, false)
#3 C:\xampp\htdocs\SIKADES4\app\Models\MLogin.php(16): CodeIgniter\Database\BaseBuilder->get()
#4 C:\xampp\htdocs\SIKADES4\app\Controllers\CLogin.php(87): App\Models\MLogin->cek_login('ikhsan123', 'ikshan123')
#5 C:\xampp\htdocs\SIKADES4\system\CodeIgniter.php(904): App\Controllers\CLogin->cek_login_control()
#6 C:\xampp\htdocs\SIKADES4\system\CodeIgniter.php(457): CodeIgniter\CodeIgniter->runController(Object(App\Controllers\CLogin))
#7 C:\xampp\htdocs\SIKADES4\system\CodeIgniter.php(340): CodeIgniter\CodeIgniter->handleRequest(NULL, Object(Config\Cache), false)
#8 C:\xampp\htdocs\SIKADES4\index.php(67): CodeIgniter\CodeIgniter->run()
#9 {main}
CRITICAL - 2022-11-16 23:13:29 --> Unable to connect to the database.
Main connection [MySQLi]: No connection could be made because the target machine actively refused it.

in SYSTEMPATH\Database\BaseConnection.php on line 418.
 1 SYSTEMPATH\Database\BaseConnection.php(588): CodeIgniter\Database\BaseConnection->initialize()
 2 SYSTEMPATH\Database\BaseBuilder.php(1585): CodeIgniter\Database\BaseConnection->query('SELECT *
FROM `login`
WHERE `username` = :username:
AND `password` = :password:', [...], false)
 3 APPPATH\Models\MLogin.php(16): CodeIgniter\Database\BaseBuilder->get()
 4 APPPATH\Controllers\CLogin.php(87): App\Models\MLogin->cek_login('ikhsan123', 'ikshan123')
 5 SYSTEMPATH\CodeIgniter.php(904): App\Controllers\CLogin->cek_login_control()
 6 SYSTEMPATH\CodeIgniter.php(457): CodeIgniter\CodeIgniter->runController(Object(App\Controllers\CLogin))
 7 SYSTEMPATH\CodeIgniter.php(340): CodeIgniter\CodeIgniter->handleRequest(null, Object(Config\Cache), false)
 8 FCPATH\index.php(67): CodeIgniter\CodeIgniter->run()
