ERROR - 2022-11-06 21:59:20 --> mysqli_sql_exception: Unknown column 'status' in 'where clause' in C:\xampp\htdocs\SIKADES4\system\Database\MySQLi\Connection.php:292
Stack trace:
#0 C:\xampp\htdocs\SIKADES4\system\Database\MySQLi\Connection.php(292): mysqli->query('SELECT *\nFROM `...', 0)
#1 C:\xampp\htdocs\SIKADES4\system\Database\BaseConnection.php(693): CodeIgniter\Database\MySQLi\Connection->execute('SELECT *\nFROM `...')
#2 C:\xampp\htdocs\SIKADES4\system\Database\BaseConnection.php(620): CodeIgniter\Database\BaseConnection->simpleQuery('SELECT *\nFROM `...')
#3 C:\xampp\htdocs\SIKADES4\system\Database\BaseBuilder.php(1585): CodeIgniter\Database\BaseConnection->query('SELECT *\nFROM `...', Array, false)
#4 C:\xampp\htdocs\SIKADES4\app\Models\MSekertaris.php(255): CodeIgniter\Database\BaseBuilder->get()
#5 C:\xampp\htdocs\SIKADES4\app\Controllers\CUtama.php(217): App\Models\MSekertaris->tampilkan_data_pengajuan_surat()
#6 C:\xampp\htdocs\SIKADES4\system\CodeIgniter.php(904): App\Controllers\CUtama->link_pengajuan_surat_sekertaris()
#7 C:\xampp\htdocs\SIKADES4\system\CodeIgniter.php(457): CodeIgniter\CodeIgniter->runController(Object(App\Controllers\CUtama))
#8 C:\xampp\htdocs\SIKADES4\system\CodeIgniter.php(340): CodeIgniter\CodeIgniter->handleRequest(NULL, Object(Config\Cache), false)
#9 C:\xampp\htdocs\SIKADES4\index.php(67): CodeIgniter\CodeIgniter->run()
#10 {main}
CRITICAL - 2022-11-06 21:59:20 --> Unknown column 'status' in 'where clause'
in SYSTEMPATH\Database\MySQLi\Connection.php on line 292.
 1 SYSTEMPATH\Database\MySQLi\Connection.php(292): mysqli->query('SELECT *
FROM `pengajuan_surat`
JOIN `masyarakat` ON `masyarakat`.`NIK`=`pengajuan_surat`.`NIK`
JOIN `surat` ON `surat`.`id_surat`=`pengajuan_surat`.`id_surat`
WHERE `status` != \'disetujui2\'', 0)
 2 SYSTEMPATH\Database\BaseConnection.php(693): CodeIgniter\Database\MySQLi\Connection->execute('SELECT *
FROM `pengajuan_surat`
JOIN `masyarakat` ON `masyarakat`.`NIK`=`pengajuan_surat`.`NIK`
JOIN `surat` ON `surat`.`id_surat`=`pengajuan_surat`.`id_surat`
WHERE `status` != \'disetujui2\'')
 3 SYSTEMPATH\Database\BaseConnection.php(620): CodeIgniter\Database\BaseConnection->simpleQuery('SELECT *
FROM `pengajuan_surat`
JOIN `masyarakat` ON `masyarakat`.`NIK`=`pengajuan_surat`.`NIK`
JOIN `surat` ON `surat`.`id_surat`=`pengajuan_surat`.`id_surat`
WHERE `status` != \'disetujui2\'')
 4 SYSTEMPATH\Database\BaseBuilder.php(1585): CodeIgniter\Database\BaseConnection->query('SELECT *
FROM `pengajuan_surat`
JOIN `masyarakat` ON `masyarakat`.`NIK`=`pengajuan_surat`.`NIK`
JOIN `surat` ON `surat`.`id_surat`=`pengajuan_surat`.`id_surat`
WHERE `status` != :status:', [...], false)
 5 APPPATH\Models\MSekertaris.php(255): CodeIgniter\Database\BaseBuilder->get()
 6 APPPATH\Controllers\CUtama.php(217): App\Models\MSekertaris->tampilkan_data_pengajuan_surat()
 7 SYSTEMPATH\CodeIgniter.php(904): App\Controllers\CUtama->link_pengajuan_surat_sekertaris()
 8 SYSTEMPATH\CodeIgniter.php(457): CodeIgniter\CodeIgniter->runController(Object(App\Controllers\CUtama))
 9 SYSTEMPATH\CodeIgniter.php(340): CodeIgniter\CodeIgniter->handleRequest(null, Object(Config\Cache), false)
10 FCPATH\index.php(67): CodeIgniter\CodeIgniter->run()
ERROR - 2022-11-06 21:59:20 --> mysqli_sql_exception: Unknown column 'status' in 'where clause' in C:\xampp\htdocs\SIKADES4\system\Database\MySQLi\Connection.php:292
Stack trace:
#0 C:\xampp\htdocs\SIKADES4\system\Database\MySQLi\Connection.php(292): mysqli->query('SELECT *\nFROM `...', 0)
#1 C:\xampp\htdocs\SIKADES4\system\Database\BaseConnection.php(693): CodeIgniter\Database\MySQLi\Connection->execute('SELECT *\nFROM `...')
#2 C:\xampp\htdocs\SIKADES4\system\Database\BaseConnection.php(620): CodeIgniter\Database\BaseConnection->simpleQuery('SELECT *\nFROM `...')
#3 C:\xampp\htdocs\SIKADES4\system\Database\BaseBuilder.php(1585): CodeIgniter\Database\BaseConnection->query('SELECT *\nFROM `...', Array, false)
#4 C:\xampp\htdocs\SIKADES4\app\Models\MSekertaris.php(255): CodeIgniter\Database\BaseBuilder->get()
#5 C:\xampp\htdocs\SIKADES4\app\Controllers\CUtama.php(217): App\Models\MSekertaris->tampilkan_data_pengajuan_surat()
#6 C:\xampp\htdocs\SIKADES4\system\CodeIgniter.php(904): App\Controllers\CUtama->link_pengajuan_surat_sekertaris()
#7 C:\xampp\htdocs\SIKADES4\system\CodeIgniter.php(457): CodeIgniter\CodeIgniter->runController(Object(App\Controllers\CUtama))
#8 C:\xampp\htdocs\SIKADES4\system\CodeIgniter.php(340): CodeIgniter\CodeIgniter->handleRequest(NULL, Object(Config\Cache), false)
#9 C:\xampp\htdocs\SIKADES4\index.php(67): CodeIgniter\CodeIgniter->run()
#10 {main}
CRITICAL - 2022-11-06 21:59:20 --> Unknown column 'status' in 'where clause'
in SYSTEMPATH\Database\MySQLi\Connection.php on line 292.
 1 SYSTEMPATH\Database\MySQLi\Connection.php(292): mysqli->query('SELECT *
FROM `pengajuan_surat`
JOIN `masyarakat` ON `masyarakat`.`NIK`=`pengajuan_surat`.`NIK`
JOIN `surat` ON `surat`.`id_surat`=`pengajuan_surat`.`id_surat`
WHERE `status` != \'disetujui2\'', 0)
 2 SYSTEMPATH\Database\BaseConnection.php(693): CodeIgniter\Database\MySQLi\Connection->execute('SELECT *
FROM `pengajuan_surat`
JOIN `masyarakat` ON `masyarakat`.`NIK`=`pengajuan_surat`.`NIK`
JOIN `surat` ON `surat`.`id_surat`=`pengajuan_surat`.`id_surat`
WHERE `status` != \'disetujui2\'')
 3 SYSTEMPATH\Database\BaseConnection.php(620): CodeIgniter\Database\BaseConnection->simpleQuery('SELECT *
FROM `pengajuan_surat`
JOIN `masyarakat` ON `masyarakat`.`NIK`=`pengajuan_surat`.`NIK`
JOIN `surat` ON `surat`.`id_surat`=`pengajuan_surat`.`id_surat`
WHERE `status` != \'disetujui2\'')
 4 SYSTEMPATH\Database\BaseBuilder.php(1585): CodeIgniter\Database\BaseConnection->query('SELECT *
FROM `pengajuan_surat`
JOIN `masyarakat` ON `masyarakat`.`NIK`=`pengajuan_surat`.`NIK`
JOIN `surat` ON `surat`.`id_surat`=`pengajuan_surat`.`id_surat`
WHERE `status` != :status:', [...], false)
 5 APPPATH\Models\MSekertaris.php(255): CodeIgniter\Database\BaseBuilder->get()
 6 APPPATH\Controllers\CUtama.php(217): App\Models\MSekertaris->tampilkan_data_pengajuan_surat()
 7 SYSTEMPATH\CodeIgniter.php(904): App\Controllers\CUtama->link_pengajuan_surat_sekertaris()
 8 SYSTEMPATH\CodeIgniter.php(457): CodeIgniter\CodeIgniter->runController(Object(App\Controllers\CUtama))
 9 SYSTEMPATH\CodeIgniter.php(340): CodeIgniter\CodeIgniter->handleRequest(null, Object(Config\Cache), false)
10 FCPATH\index.php(67): CodeIgniter\CodeIgniter->run()
ERROR - 2022-11-06 22:00:27 --> mysqli_sql_exception: Unknown column 'status' in 'where clause' in C:\xampp\htdocs\SIKADES4\system\Database\MySQLi\Connection.php:292
Stack trace:
#0 C:\xampp\htdocs\SIKADES4\system\Database\MySQLi\Connection.php(292): mysqli->query('SELECT *\nFROM `...', 0)
#1 C:\xampp\htdocs\SIKADES4\system\Database\BaseConnection.php(693): CodeIgniter\Database\MySQLi\Connection->execute('SELECT *\nFROM `...')
#2 C:\xampp\htdocs\SIKADES4\system\Database\BaseConnection.php(620): CodeIgniter\Database\BaseConnection->simpleQuery('SELECT *\nFROM `...')
#3 C:\xampp\htdocs\SIKADES4\system\Database\BaseBuilder.php(1585): CodeIgniter\Database\BaseConnection->query('SELECT *\nFROM `...', Array, false)
#4 C:\xampp\htdocs\SIKADES4\app\Models\MSekertaris.php(255): CodeIgniter\Database\BaseBuilder->get()
#5 C:\xampp\htdocs\SIKADES4\app\Controllers\CUtama.php(217): App\Models\MSekertaris->tampilkan_data_pengajuan_surat()
#6 C:\xampp\htdocs\SIKADES4\system\CodeIgniter.php(904): App\Controllers\CUtama->link_pengajuan_surat_sekertaris()
#7 C:\xampp\htdocs\SIKADES4\system\CodeIgniter.php(457): CodeIgniter\CodeIgniter->runController(Object(App\Controllers\CUtama))
#8 C:\xampp\htdocs\SIKADES4\system\CodeIgniter.php(340): CodeIgniter\CodeIgniter->handleRequest(NULL, Object(Config\Cache), false)
#9 C:\xampp\htdocs\SIKADES4\index.php(67): CodeIgniter\CodeIgniter->run()
#10 {main}
CRITICAL - 2022-11-06 22:00:27 --> Unknown column 'status' in 'where clause'
in SYSTEMPATH\Database\MySQLi\Connection.php on line 292.
 1 SYSTEMPATH\Database\MySQLi\Connection.php(292): mysqli->query('SELECT *
FROM `pengajuan_surat`
JOIN `masyarakat` ON `masyarakat`.`NIK`=`pengajuan_surat`.`NIK`
JOIN `surat` ON `surat`.`id_surat`=`pengajuan_surat`.`id_surat`
WHERE `status` != \'disetujui2\'', 0)
 2 SYSTEMPATH\Database\BaseConnection.php(693): CodeIgniter\Database\MySQLi\Connection->execute('SELECT *
FROM `pengajuan_surat`
JOIN `masyarakat` ON `masyarakat`.`NIK`=`pengajuan_surat`.`NIK`
JOIN `surat` ON `surat`.`id_surat`=`pengajuan_surat`.`id_surat`
WHERE `status` != \'disetujui2\'')
 3 SYSTEMPATH\Database\BaseConnection.php(620): CodeIgniter\Database\BaseConnection->simpleQuery('SELECT *
FROM `pengajuan_surat`
JOIN `masyarakat` ON `masyarakat`.`NIK`=`pengajuan_surat`.`NIK`
JOIN `surat` ON `surat`.`id_surat`=`pengajuan_surat`.`id_surat`
WHERE `status` != \'disetujui2\'')
 4 SYSTEMPATH\Database\BaseBuilder.php(1585): CodeIgniter\Database\BaseConnection->query('SELECT *
FROM `pengajuan_surat`
JOIN `masyarakat` ON `masyarakat`.`NIK`=`pengajuan_surat`.`NIK`
JOIN `surat` ON `surat`.`id_surat`=`pengajuan_surat`.`id_surat`
WHERE `status` != :status:', [...], false)
 5 APPPATH\Models\MSekertaris.php(255): CodeIgniter\Database\BaseBuilder->get()
 6 APPPATH\Controllers\CUtama.php(217): App\Models\MSekertaris->tampilkan_data_pengajuan_surat()
 7 SYSTEMPATH\CodeIgniter.php(904): App\Controllers\CUtama->link_pengajuan_surat_sekertaris()
 8 SYSTEMPATH\CodeIgniter.php(457): CodeIgniter\CodeIgniter->runController(Object(App\Controllers\CUtama))
 9 SYSTEMPATH\CodeIgniter.php(340): CodeIgniter\CodeIgniter->handleRequest(null, Object(Config\Cache), false)
10 FCPATH\index.php(67): CodeIgniter\CodeIgniter->run()
ERROR - 2022-11-06 22:01:34 --> mysqli_sql_exception: Unknown column 'status' in 'where clause' in C:\xampp\htdocs\SIKADES4\system\Database\MySQLi\Connection.php:292
Stack trace:
#0 C:\xampp\htdocs\SIKADES4\system\Database\MySQLi\Connection.php(292): mysqli->query('SELECT *\nFROM `...', 0)
#1 C:\xampp\htdocs\SIKADES4\system\Database\BaseConnection.php(693): CodeIgniter\Database\MySQLi\Connection->execute('SELECT *\nFROM `...')
#2 C:\xampp\htdocs\SIKADES4\system\Database\BaseConnection.php(620): CodeIgniter\Database\BaseConnection->simpleQuery('SELECT *\nFROM `...')
#3 C:\xampp\htdocs\SIKADES4\system\Database\BaseBuilder.php(1585): CodeIgniter\Database\BaseConnection->query('SELECT *\nFROM `...', Array, false)
#4 C:\xampp\htdocs\SIKADES4\app\Models\MSekertaris.php(255): CodeIgniter\Database\BaseBuilder->get()
#5 C:\xampp\htdocs\SIKADES4\app\Controllers\CUtama.php(217): App\Models\MSekertaris->tampilkan_data_pengajuan_surat()
#6 C:\xampp\htdocs\SIKADES4\system\CodeIgniter.php(904): App\Controllers\CUtama->link_pengajuan_surat_sekertaris()
#7 C:\xampp\htdocs\SIKADES4\system\CodeIgniter.php(457): CodeIgniter\CodeIgniter->runController(Object(App\Controllers\CUtama))
#8 C:\xampp\htdocs\SIKADES4\system\CodeIgniter.php(340): CodeIgniter\CodeIgniter->handleRequest(NULL, Object(Config\Cache), false)
#9 C:\xampp\htdocs\SIKADES4\index.php(67): CodeIgniter\CodeIgniter->run()
#10 {main}
CRITICAL - 2022-11-06 22:01:34 --> Unknown column 'status' in 'where clause'
in SYSTEMPATH\Database\MySQLi\Connection.php on line 292.
 1 SYSTEMPATH\Database\MySQLi\Connection.php(292): mysqli->query('SELECT *
FROM `pengajuan_surat`
JOIN `masyarakat` ON `masyarakat`.`NIK`=`pengajuan_surat`.`NIK`
JOIN `surat` ON `surat`.`id_surat`=`pengajuan_surat`.`id_surat`
WHERE `status` != \'disetujui2\'', 0)
 2 SYSTEMPATH\Database\BaseConnection.php(693): CodeIgniter\Database\MySQLi\Connection->execute('SELECT *
FROM `pengajuan_surat`
JOIN `masyarakat` ON `masyarakat`.`NIK`=`pengajuan_surat`.`NIK`
JOIN `surat` ON `surat`.`id_surat`=`pengajuan_surat`.`id_surat`
WHERE `status` != \'disetujui2\'')
 3 SYSTEMPATH\Database\BaseConnection.php(620): CodeIgniter\Database\BaseConnection->simpleQuery('SELECT *
FROM `pengajuan_surat`
JOIN `masyarakat` ON `masyarakat`.`NIK`=`pengajuan_surat`.`NIK`
JOIN `surat` ON `surat`.`id_surat`=`pengajuan_surat`.`id_surat`
WHERE `status` != \'disetujui2\'')
 4 SYSTEMPATH\Database\BaseBuilder.php(1585): CodeIgniter\Database\BaseConnection->query('SELECT *
FROM `pengajuan_surat`
JOIN `masyarakat` ON `masyarakat`.`NIK`=`pengajuan_surat`.`NIK`
JOIN `surat` ON `surat`.`id_surat`=`pengajuan_surat`.`id_surat`
WHERE `status` != :status:', [...], false)
 5 APPPATH\Models\MSekertaris.php(255): CodeIgniter\Database\BaseBuilder->get()
 6 APPPATH\Controllers\CUtama.php(217): App\Models\MSekertaris->tampilkan_data_pengajuan_surat()
 7 SYSTEMPATH\CodeIgniter.php(904): App\Controllers\CUtama->link_pengajuan_surat_sekertaris()
 8 SYSTEMPATH\CodeIgniter.php(457): CodeIgniter\CodeIgniter->runController(Object(App\Controllers\CUtama))
 9 SYSTEMPATH\CodeIgniter.php(340): CodeIgniter\CodeIgniter->handleRequest(null, Object(Config\Cache), false)
10 FCPATH\index.php(67): CodeIgniter\CodeIgniter->run()
CRITICAL - 2022-11-06 22:16:28 --> Undefined variable: riw
in APPPATH\Views\dashboard\pages\admin\v_pengajuan_surat.php on line 69.
 1 APPPATH\Views\dashboard\pages\admin\v_pengajuan_surat.php(69): CodeIgniter\Debug\Exceptions->errorHandler(8, 'Undefined variable: riw', 'APPPATH\\Views\\dashboard\\pages\\admin\\v_pengajuan_surat.php', 69, [...])
 2 SYSTEMPATH\View\View.php(213): include('APPPATH\\Views\\dashboard\\pages\\admin\\v_pengajuan_surat.php')
 3 SYSTEMPATH\View\View.php(216): CodeIgniter\View\View->CodeIgniter\View\{closure}()
 4 SYSTEMPATH\Common.php(1137): CodeIgniter\View\View->render('dashboard/pages/admin/v_pengajuan_surat', [], true)
 5 APPPATH\Controllers\CUtama.php(226): view('dashboard/pages/admin/v_pengajuan_surat', [...])
 6 SYSTEMPATH\CodeIgniter.php(904): App\Controllers\CUtama->link_pengajuan_surat_sekertaris()
 7 SYSTEMPATH\CodeIgniter.php(457): CodeIgniter\CodeIgniter->runController(Object(App\Controllers\CUtama))
 8 SYSTEMPATH\CodeIgniter.php(340): CodeIgniter\CodeIgniter->handleRequest(null, Object(Config\Cache), false)
 9 FCPATH\index.php(67): CodeIgniter\CodeIgniter->run()
