CRITICAL - 2022-11-04 08:15:06 --> File not found: Suratmasuk/09- Teknik Pemogramam 8051.pdf
in SYSTEMPATH\Files\File.php on line 46.
 1 SYSTEMPATH\Files\File.php(46): CodeIgniter\Files\Exceptions\FileNotFoundException::forFileNotFound('Suratmasuk/09- Teknik Pemogramam 8051.pdf')
 2 SYSTEMPATH\HTTP\DownloadResponse.php(97): CodeIgniter\Files\File->__construct('Suratmasuk/09- Teknik Pemogramam 8051.pdf', true)
 3 SYSTEMPATH\HTTP\ResponseTrait.php(781): CodeIgniter\HTTP\DownloadResponse->setFilePath('Suratmasuk/09- Teknik Pemogramam 8051.pdf')
 4 APPPATH\Controllers\CSekertaris.php(493): CodeIgniter\HTTP\Response->download('09- Teknik Pemogramam 8051.pdf', null)
 5 SYSTEMPATH\CodeIgniter.php(904): App\Controllers\CSekertaris->download_file_surat_masuk('09- Teknik Pemogramam 8051.pdf')
 6 SYSTEMPATH\CodeIgniter.php(457): CodeIgniter\CodeIgniter->runController(Object(App\Controllers\CSekertaris))
 7 SYSTEMPATH\CodeIgniter.php(340): CodeIgniter\CodeIgniter->handleRequest(null, Object(Config\Cache), false)
 8 FCPATH\index.php(67): CodeIgniter\CodeIgniter->run()
CRITICAL - 2022-11-04 08:15:06 --> File not found: Suratmasuk/09- Teknik Pemogramam 8051.pdf
in SYSTEMPATH\Files\File.php on line 46.
 1 SYSTEMPATH\Files\File.php(46): CodeIgniter\Files\Exceptions\FileNotFoundException::forFileNotFound('Suratmasuk/09- Teknik Pemogramam 8051.pdf')
 2 SYSTEMPATH\HTTP\DownloadResponse.php(97): CodeIgniter\Files\File->__construct('Suratmasuk/09- Teknik Pemogramam 8051.pdf', true)
 3 SYSTEMPATH\HTTP\ResponseTrait.php(781): CodeIgniter\HTTP\DownloadResponse->setFilePath('Suratmasuk/09- Teknik Pemogramam 8051.pdf')
 4 APPPATH\Controllers\CSekertaris.php(493): CodeIgniter\HTTP\Response->download('09- Teknik Pemogramam 8051.pdf', null)
 5 SYSTEMPATH\CodeIgniter.php(904): App\Controllers\CSekertaris->download_file_surat_masuk('09- Teknik Pemogramam 8051.pdf')
 6 SYSTEMPATH\CodeIgniter.php(457): CodeIgniter\CodeIgniter->runController(Object(App\Controllers\CSekertaris))
 7 SYSTEMPATH\CodeIgniter.php(340): CodeIgniter\CodeIgniter->handleRequest(null, Object(Config\Cache), false)
 8 FCPATH\index.php(67): CodeIgniter\CodeIgniter->run()
CRITICAL - 2022-11-04 08:17:29 --> File not found: Suratmasuk/09- Teknik Pemogramam 8051.pdf
in SYSTEMPATH\Files\File.php on line 46.
 1 SYSTEMPATH\Files\File.php(46): CodeIgniter\Files\Exceptions\FileNotFoundException::forFileNotFound('Suratmasuk/09- Teknik Pemogramam 8051.pdf')
 2 SYSTEMPATH\HTTP\DownloadResponse.php(97): CodeIgniter\Files\File->__construct('Suratmasuk/09- Teknik Pemogramam 8051.pdf', true)
 3 SYSTEMPATH\HTTP\ResponseTrait.php(781): CodeIgniter\HTTP\DownloadResponse->setFilePath('Suratmasuk/09- Teknik Pemogramam 8051.pdf')
 4 APPPATH\Controllers\CSekertaris.php(493): CodeIgniter\HTTP\Response->download('09- Teknik Pemogramam 8051.pdf', null)
 5 SYSTEMPATH\CodeIgniter.php(904): App\Controllers\CSekertaris->download_file_surat_masuk('09- Teknik Pemogramam 8051.pdf')
 6 SYSTEMPATH\CodeIgniter.php(457): CodeIgniter\CodeIgniter->runController(Object(App\Controllers\CSekertaris))
 7 SYSTEMPATH\CodeIgniter.php(340): CodeIgniter\CodeIgniter->handleRequest(null, Object(Config\Cache), false)
 8 FCPATH\index.php(67): CodeIgniter\CodeIgniter->run()
CRITICAL - 2022-11-04 09:12:48 --> Undefined property: App\Controllers\CLurah::$mSekertaris
in APPPATH\Controllers\CLurah.php on line 118.
 1 APPPATH\Controllers\CLurah.php(118): CodeIgniter\Debug\Exceptions->errorHandler(8, 'Undefined property: App\\Controllers\\CLurah::$mSekertaris', 'APPPATH\\Controllers\\CLurah.php', 118, [...])
 2 SYSTEMPATH\CodeIgniter.php(904): App\Controllers\CLurah->ubah_us_ps_lurah()
 3 SYSTEMPATH\CodeIgniter.php(457): CodeIgniter\CodeIgniter->runController(Object(App\Controllers\CLurah))
 4 SYSTEMPATH\CodeIgniter.php(340): CodeIgniter\CodeIgniter->handleRequest(null, Object(Config\Cache), false)
 5 FCPATH\index.php(67): CodeIgniter\CodeIgniter->run()
CRITICAL - 2022-11-04 09:13:29 --> You must set the database table to be used with your query.
in SYSTEMPATH\Database\BaseConnection.php on line 872.
 1 SYSTEMPATH\Model.php(586): CodeIgniter\Database\BaseConnection->table(null)
 2 SYSTEMPATH\Model.php(763): CodeIgniter\Model->builder()
 3 APPPATH\Controllers\CLurah.php(118): CodeIgniter\Model->__call('proses_ubah_data_us_ps_lurah', [...])
 4 SYSTEMPATH\CodeIgniter.php(904): App\Controllers\CLurah->ubah_us_ps_lurah()
 5 SYSTEMPATH\CodeIgniter.php(457): CodeIgniter\CodeIgniter->runController(Object(App\Controllers\CLurah))
 6 SYSTEMPATH\CodeIgniter.php(340): CodeIgniter\CodeIgniter->handleRequest(null, Object(Config\Cache), false)
 7 FCPATH\index.php(67): CodeIgniter\CodeIgniter->run()
ERROR - 2022-11-04 09:17:31 --> mysqli_sql_exception: Unknown column 'username' in 'field list' in C:\xampp\htdocs\SIKADES4\system\Database\MySQLi\Connection.php:292
Stack trace:
#0 C:\xampp\htdocs\SIKADES4\system\Database\MySQLi\Connection.php(292): mysqli->query('UPDATE `lurah` ...', 0)
#1 C:\xampp\htdocs\SIKADES4\system\Database\BaseConnection.php(693): CodeIgniter\Database\MySQLi\Connection->execute('UPDATE `lurah` ...')
#2 C:\xampp\htdocs\SIKADES4\system\Database\BaseConnection.php(620): CodeIgniter\Database\BaseConnection->simpleQuery('UPDATE `lurah` ...')
#3 C:\xampp\htdocs\SIKADES4\system\Database\BaseBuilder.php(2078): CodeIgniter\Database\BaseConnection->query('UPDATE `lurah` ...', Array, false)
#4 C:\xampp\htdocs\SIKADES4\app\Models\MLurah.php(63): CodeIgniter\Database\BaseBuilder->update(Array)
#5 C:\xampp\htdocs\SIKADES4\app\Controllers\CLurah.php(118): App\Models\MLurah->proses_ubah_data_us_ps_lurah(Array, 'L001')
#6 C:\xampp\htdocs\SIKADES4\system\CodeIgniter.php(904): App\Controllers\CLurah->ubah_us_ps_lurah()
#7 C:\xampp\htdocs\SIKADES4\system\CodeIgniter.php(457): CodeIgniter\CodeIgniter->runController(Object(App\Controllers\CLurah))
#8 C:\xampp\htdocs\SIKADES4\system\CodeIgniter.php(340): CodeIgniter\CodeIgniter->handleRequest(NULL, Object(Config\Cache), false)
#9 C:\xampp\htdocs\SIKADES4\index.php(67): CodeIgniter\CodeIgniter->run()
#10 {main}
CRITICAL - 2022-11-04 09:17:31 --> Unknown column 'username' in 'field list'
in SYSTEMPATH\Database\MySQLi\Connection.php on line 292.
 1 SYSTEMPATH\Database\MySQLi\Connection.php(292): mysqli->query('UPDATE `lurah` SET `username` = \'lurah1234\', `password` = \'lurah123\'
WHERE `id_lurah` = \'L001\'', 0)
 2 SYSTEMPATH\Database\BaseConnection.php(693): CodeIgniter\Database\MySQLi\Connection->execute('UPDATE `lurah` SET `username` = \'lurah1234\', `password` = \'lurah123\'
WHERE `id_lurah` = \'L001\'')
 3 SYSTEMPATH\Database\BaseConnection.php(620): CodeIgniter\Database\BaseConnection->simpleQuery('UPDATE `lurah` SET `username` = \'lurah1234\', `password` = \'lurah123\'
WHERE `id_lurah` = \'L001\'')
 4 SYSTEMPATH\Database\BaseBuilder.php(2078): CodeIgniter\Database\BaseConnection->query('UPDATE `lurah` SET `username` = :username:, `password` = :password:
WHERE `id_lurah` = :id_lurah:', [...], false)
 5 APPPATH\Models\MLurah.php(63): CodeIgniter\Database\BaseBuilder->update([...])
 6 APPPATH\Controllers\CLurah.php(118): App\Models\MLurah->proses_ubah_data_us_ps_lurah([...], 'L001')
 7 SYSTEMPATH\CodeIgniter.php(904): App\Controllers\CLurah->ubah_us_ps_lurah()
 8 SYSTEMPATH\CodeIgniter.php(457): CodeIgniter\CodeIgniter->runController(Object(App\Controllers\CLurah))
 9 SYSTEMPATH\CodeIgniter.php(340): CodeIgniter\CodeIgniter->handleRequest(null, Object(Config\Cache), false)
10 FCPATH\index.php(67): CodeIgniter\CodeIgniter->run()
ERROR - 2022-11-04 09:17:37 --> mysqli_sql_exception: Unknown column 'username' in 'field list' in C:\xampp\htdocs\SIKADES4\system\Database\MySQLi\Connection.php:292
Stack trace:
#0 C:\xampp\htdocs\SIKADES4\system\Database\MySQLi\Connection.php(292): mysqli->query('UPDATE `lurah` ...', 0)
#1 C:\xampp\htdocs\SIKADES4\system\Database\BaseConnection.php(693): CodeIgniter\Database\MySQLi\Connection->execute('UPDATE `lurah` ...')
#2 C:\xampp\htdocs\SIKADES4\system\Database\BaseConnection.php(620): CodeIgniter\Database\BaseConnection->simpleQuery('UPDATE `lurah` ...')
#3 C:\xampp\htdocs\SIKADES4\system\Database\BaseBuilder.php(2078): CodeIgniter\Database\BaseConnection->query('UPDATE `lurah` ...', Array, false)
#4 C:\xampp\htdocs\SIKADES4\app\Models\MLurah.php(63): CodeIgniter\Database\BaseBuilder->update(Array)
#5 C:\xampp\htdocs\SIKADES4\app\Controllers\CLurah.php(118): App\Models\MLurah->proses_ubah_data_us_ps_lurah(Array, 'L001')
#6 C:\xampp\htdocs\SIKADES4\system\CodeIgniter.php(904): App\Controllers\CLurah->ubah_us_ps_lurah()
#7 C:\xampp\htdocs\SIKADES4\system\CodeIgniter.php(457): CodeIgniter\CodeIgniter->runController(Object(App\Controllers\CLurah))
#8 C:\xampp\htdocs\SIKADES4\system\CodeIgniter.php(340): CodeIgniter\CodeIgniter->handleRequest(NULL, Object(Config\Cache), false)
#9 C:\xampp\htdocs\SIKADES4\index.php(67): CodeIgniter\CodeIgniter->run()
#10 {main}
CRITICAL - 2022-11-04 09:17:37 --> Unknown column 'username' in 'field list'
in SYSTEMPATH\Database\MySQLi\Connection.php on line 292.
 1 SYSTEMPATH\Database\MySQLi\Connection.php(292): mysqli->query('UPDATE `lurah` SET `username` = \'lurah123d\', `password` = \'lurah123\'
WHERE `id_lurah` = \'L001\'', 0)
 2 SYSTEMPATH\Database\BaseConnection.php(693): CodeIgniter\Database\MySQLi\Connection->execute('UPDATE `lurah` SET `username` = \'lurah123d\', `password` = \'lurah123\'
WHERE `id_lurah` = \'L001\'')
 3 SYSTEMPATH\Database\BaseConnection.php(620): CodeIgniter\Database\BaseConnection->simpleQuery('UPDATE `lurah` SET `username` = \'lurah123d\', `password` = \'lurah123\'
WHERE `id_lurah` = \'L001\'')
 4 SYSTEMPATH\Database\BaseBuilder.php(2078): CodeIgniter\Database\BaseConnection->query('UPDATE `lurah` SET `username` = :username:, `password` = :password:
WHERE `id_lurah` = :id_lurah:', [...], false)
 5 APPPATH\Models\MLurah.php(63): CodeIgniter\Database\BaseBuilder->update([...])
 6 APPPATH\Controllers\CLurah.php(118): App\Models\MLurah->proses_ubah_data_us_ps_lurah([...], 'L001')
 7 SYSTEMPATH\CodeIgniter.php(904): App\Controllers\CLurah->ubah_us_ps_lurah()
 8 SYSTEMPATH\CodeIgniter.php(457): CodeIgniter\CodeIgniter->runController(Object(App\Controllers\CLurah))
 9 SYSTEMPATH\CodeIgniter.php(340): CodeIgniter\CodeIgniter->handleRequest(null, Object(Config\Cache), false)
10 FCPATH\index.php(67): CodeIgniter\CodeIgniter->run()
ERROR - 2022-11-04 09:18:43 --> mysqli_sql_exception: Unknown column 'id_lurah' in 'where clause' in C:\xampp\htdocs\SIKADES4\system\Database\MySQLi\Connection.php:292
Stack trace:
#0 C:\xampp\htdocs\SIKADES4\system\Database\MySQLi\Connection.php(292): mysqli->query('UPDATE `login` ...', 0)
#1 C:\xampp\htdocs\SIKADES4\system\Database\BaseConnection.php(693): CodeIgniter\Database\MySQLi\Connection->execute('UPDATE `login` ...')
#2 C:\xampp\htdocs\SIKADES4\system\Database\BaseConnection.php(620): CodeIgniter\Database\BaseConnection->simpleQuery('UPDATE `login` ...')
#3 C:\xampp\htdocs\SIKADES4\system\Database\BaseBuilder.php(2078): CodeIgniter\Database\BaseConnection->query('UPDATE `login` ...', Array, false)
#4 C:\xampp\htdocs\SIKADES4\app\Models\MLurah.php(63): CodeIgniter\Database\BaseBuilder->update(Array)
#5 C:\xampp\htdocs\SIKADES4\app\Controllers\CLurah.php(118): App\Models\MLurah->proses_ubah_data_us_ps_lurah(Array, 'L001')
#6 C:\xampp\htdocs\SIKADES4\system\CodeIgniter.php(904): App\Controllers\CLurah->ubah_us_ps_lurah()
#7 C:\xampp\htdocs\SIKADES4\system\CodeIgniter.php(457): CodeIgniter\CodeIgniter->runController(Object(App\Controllers\CLurah))
#8 C:\xampp\htdocs\SIKADES4\system\CodeIgniter.php(340): CodeIgniter\CodeIgniter->handleRequest(NULL, Object(Config\Cache), false)
#9 C:\xampp\htdocs\SIKADES4\index.php(67): CodeIgniter\CodeIgniter->run()
#10 {main}
CRITICAL - 2022-11-04 09:18:43 --> Unknown column 'id_lurah' in 'where clause'
in SYSTEMPATH\Database\MySQLi\Connection.php on line 292.
 1 SYSTEMPATH\Database\MySQLi\Connection.php(292): mysqli->query('UPDATE `login` SET `username` = \'lurah123d\', `password` = \'lurah123\'
WHERE `id_lurah` = \'L001\'', 0)
 2 SYSTEMPATH\Database\BaseConnection.php(693): CodeIgniter\Database\MySQLi\Connection->execute('UPDATE `login` SET `username` = \'lurah123d\', `password` = \'lurah123\'
WHERE `id_lurah` = \'L001\'')
 3 SYSTEMPATH\Database\BaseConnection.php(620): CodeIgniter\Database\BaseConnection->simpleQuery('UPDATE `login` SET `username` = \'lurah123d\', `password` = \'lurah123\'
WHERE `id_lurah` = \'L001\'')
 4 SYSTEMPATH\Database\BaseBuilder.php(2078): CodeIgniter\Database\BaseConnection->query('UPDATE `login` SET `username` = :username:, `password` = :password:
WHERE `id_lurah` = :id_lurah:', [...], false)
 5 APPPATH\Models\MLurah.php(63): CodeIgniter\Database\BaseBuilder->update([...])
 6 APPPATH\Controllers\CLurah.php(118): App\Models\MLurah->proses_ubah_data_us_ps_lurah([...], 'L001')
 7 SYSTEMPATH\CodeIgniter.php(904): App\Controllers\CLurah->ubah_us_ps_lurah()
 8 SYSTEMPATH\CodeIgniter.php(457): CodeIgniter\CodeIgniter->runController(Object(App\Controllers\CLurah))
 9 SYSTEMPATH\CodeIgniter.php(340): CodeIgniter\CodeIgniter->handleRequest(null, Object(Config\Cache), false)
10 FCPATH\index.php(67): CodeIgniter\CodeIgniter->run()
ERROR - 2022-11-04 09:18:47 --> mysqli_sql_exception: Unknown column 'id_lurah' in 'where clause' in C:\xampp\htdocs\SIKADES4\system\Database\MySQLi\Connection.php:292
Stack trace:
#0 C:\xampp\htdocs\SIKADES4\system\Database\MySQLi\Connection.php(292): mysqli->query('UPDATE `login` ...', 0)
#1 C:\xampp\htdocs\SIKADES4\system\Database\BaseConnection.php(693): CodeIgniter\Database\MySQLi\Connection->execute('UPDATE `login` ...')
#2 C:\xampp\htdocs\SIKADES4\system\Database\BaseConnection.php(620): CodeIgniter\Database\BaseConnection->simpleQuery('UPDATE `login` ...')
#3 C:\xampp\htdocs\SIKADES4\system\Database\BaseBuilder.php(2078): CodeIgniter\Database\BaseConnection->query('UPDATE `login` ...', Array, false)
#4 C:\xampp\htdocs\SIKADES4\app\Models\MLurah.php(63): CodeIgniter\Database\BaseBuilder->update(Array)
#5 C:\xampp\htdocs\SIKADES4\app\Controllers\CLurah.php(118): App\Models\MLurah->proses_ubah_data_us_ps_lurah(Array, 'L001')
#6 C:\xampp\htdocs\SIKADES4\system\CodeIgniter.php(904): App\Controllers\CLurah->ubah_us_ps_lurah()
#7 C:\xampp\htdocs\SIKADES4\system\CodeIgniter.php(457): CodeIgniter\CodeIgniter->runController(Object(App\Controllers\CLurah))
#8 C:\xampp\htdocs\SIKADES4\system\CodeIgniter.php(340): CodeIgniter\CodeIgniter->handleRequest(NULL, Object(Config\Cache), false)
#9 C:\xampp\htdocs\SIKADES4\index.php(67): CodeIgniter\CodeIgniter->run()
#10 {main}
CRITICAL - 2022-11-04 09:18:47 --> Unknown column 'id_lurah' in 'where clause'
in SYSTEMPATH\Database\MySQLi\Connection.php on line 292.
 1 SYSTEMPATH\Database\MySQLi\Connection.php(292): mysqli->query('UPDATE `login` SET `username` = \'lurah123d5\', `password` = \'lurah123\'
WHERE `id_lurah` = \'L001\'', 0)
 2 SYSTEMPATH\Database\BaseConnection.php(693): CodeIgniter\Database\MySQLi\Connection->execute('UPDATE `login` SET `username` = \'lurah123d5\', `password` = \'lurah123\'
WHERE `id_lurah` = \'L001\'')
 3 SYSTEMPATH\Database\BaseConnection.php(620): CodeIgniter\Database\BaseConnection->simpleQuery('UPDATE `login` SET `username` = \'lurah123d5\', `password` = \'lurah123\'
WHERE `id_lurah` = \'L001\'')
 4 SYSTEMPATH\Database\BaseBuilder.php(2078): CodeIgniter\Database\BaseConnection->query('UPDATE `login` SET `username` = :username:, `password` = :password:
WHERE `id_lurah` = :id_lurah:', [...], false)
 5 APPPATH\Models\MLurah.php(63): CodeIgniter\Database\BaseBuilder->update([...])
 6 APPPATH\Controllers\CLurah.php(118): App\Models\MLurah->proses_ubah_data_us_ps_lurah([...], 'L001')
 7 SYSTEMPATH\CodeIgniter.php(904): App\Controllers\CLurah->ubah_us_ps_lurah()
 8 SYSTEMPATH\CodeIgniter.php(457): CodeIgniter\CodeIgniter->runController(Object(App\Controllers\CLurah))
 9 SYSTEMPATH\CodeIgniter.php(340): CodeIgniter\CodeIgniter->handleRequest(null, Object(Config\Cache), false)
10 FCPATH\index.php(67): CodeIgniter\CodeIgniter->run()
ERROR - 2022-11-04 09:19:03 --> mysqli_sql_exception: Unknown column 'id_lurah' in 'where clause' in C:\xampp\htdocs\SIKADES4\system\Database\MySQLi\Connection.php:292
Stack trace:
#0 C:\xampp\htdocs\SIKADES4\system\Database\MySQLi\Connection.php(292): mysqli->query('UPDATE `login` ...', 0)
#1 C:\xampp\htdocs\SIKADES4\system\Database\BaseConnection.php(693): CodeIgniter\Database\MySQLi\Connection->execute('UPDATE `login` ...')
#2 C:\xampp\htdocs\SIKADES4\system\Database\BaseConnection.php(620): CodeIgniter\Database\BaseConnection->simpleQuery('UPDATE `login` ...')
#3 C:\xampp\htdocs\SIKADES4\system\Database\BaseBuilder.php(2078): CodeIgniter\Database\BaseConnection->query('UPDATE `login` ...', Array, false)
#4 C:\xampp\htdocs\SIKADES4\app\Models\MLurah.php(63): CodeIgniter\Database\BaseBuilder->update(Array)
#5 C:\xampp\htdocs\SIKADES4\app\Controllers\CLurah.php(118): App\Models\MLurah->proses_ubah_data_us_ps_lurah(Array, 'L001')
#6 C:\xampp\htdocs\SIKADES4\system\CodeIgniter.php(904): App\Controllers\CLurah->ubah_us_ps_lurah()
#7 C:\xampp\htdocs\SIKADES4\system\CodeIgniter.php(457): CodeIgniter\CodeIgniter->runController(Object(App\Controllers\CLurah))
#8 C:\xampp\htdocs\SIKADES4\system\CodeIgniter.php(340): CodeIgniter\CodeIgniter->handleRequest(NULL, Object(Config\Cache), false)
#9 C:\xampp\htdocs\SIKADES4\index.php(67): CodeIgniter\CodeIgniter->run()
#10 {main}
CRITICAL - 2022-11-04 09:19:03 --> Unknown column 'id_lurah' in 'where clause'
in SYSTEMPATH\Database\MySQLi\Connection.php on line 292.
 1 SYSTEMPATH\Database\MySQLi\Connection.php(292): mysqli->query('UPDATE `login` SET `username` = \'lurah123s\', `password` = \'lurah123\'
WHERE `id_lurah` = \'L001\'', 0)
 2 SYSTEMPATH\Database\BaseConnection.php(693): CodeIgniter\Database\MySQLi\Connection->execute('UPDATE `login` SET `username` = \'lurah123s\', `password` = \'lurah123\'
WHERE `id_lurah` = \'L001\'')
 3 SYSTEMPATH\Database\BaseConnection.php(620): CodeIgniter\Database\BaseConnection->simpleQuery('UPDATE `login` SET `username` = \'lurah123s\', `password` = \'lurah123\'
WHERE `id_lurah` = \'L001\'')
 4 SYSTEMPATH\Database\BaseBuilder.php(2078): CodeIgniter\Database\BaseConnection->query('UPDATE `login` SET `username` = :username:, `password` = :password:
WHERE `id_lurah` = :id_lurah:', [...], false)
 5 APPPATH\Models\MLurah.php(63): CodeIgniter\Database\BaseBuilder->update([...])
 6 APPPATH\Controllers\CLurah.php(118): App\Models\MLurah->proses_ubah_data_us_ps_lurah([...], 'L001')
 7 SYSTEMPATH\CodeIgniter.php(904): App\Controllers\CLurah->ubah_us_ps_lurah()
 8 SYSTEMPATH\CodeIgniter.php(457): CodeIgniter\CodeIgniter->runController(Object(App\Controllers\CLurah))
 9 SYSTEMPATH\CodeIgniter.php(340): CodeIgniter\CodeIgniter->handleRequest(null, Object(Config\Cache), false)
10 FCPATH\index.php(67): CodeIgniter\CodeIgniter->run()
