ERROR - 2022-10-31 03:57:34 --> mysqli_sql_exception: Column 'operator' cannot be null in C:\xampp\htdocs\SIKADES4\system\Database\MySQLi\Connection.php:292
Stack trace:
#0 C:\xampp\htdocs\SIKADES4\system\Database\MySQLi\Connection.php(292): mysqli->query('INSERT INTO `su...', 0)
#1 C:\xampp\htdocs\SIKADES4\system\Database\BaseConnection.php(693): CodeIgniter\Database\MySQLi\Connection->execute('INSERT INTO `su...')
#2 C:\xampp\htdocs\SIKADES4\system\Database\BaseConnection.php(620): CodeIgniter\Database\BaseConnection->simpleQuery('INSERT INTO `su...')
#3 C:\xampp\htdocs\SIKADES4\system\Database\BaseBuilder.php(1916): CodeIgniter\Database\BaseConnection->query('INSERT INTO `su...', Array, false)
#4 C:\xampp\htdocs\SIKADES4\app\Models\MSekertaris.php(37): CodeIgniter\Database\BaseBuilder->insert(Array)
#5 C:\xampp\htdocs\SIKADES4\app\Controllers\CSekertaris.php(123): App\Models\MSekertaris->proses_tambah_surat_masuk(Array)
#6 C:\xampp\htdocs\SIKADES4\system\CodeIgniter.php(904): App\Controllers\CSekertaris->tambah_surat_masuk()
#7 C:\xampp\htdocs\SIKADES4\system\CodeIgniter.php(457): CodeIgniter\CodeIgniter->runController(Object(App\Controllers\CSekertaris))
#8 C:\xampp\htdocs\SIKADES4\system\CodeIgniter.php(340): CodeIgniter\CodeIgniter->handleRequest(NULL, Object(Config\Cache), false)
#9 C:\xampp\htdocs\SIKADES4\index.php(67): CodeIgniter\CodeIgniter->run()
#10 {main}
CRITICAL - 2022-10-31 03:57:34 --> Column 'operator' cannot be null
in SYSTEMPATH\Database\MySQLi\Connection.php on line 292.
 1 SYSTEMPATH\Database\MySQLi\Connection.php(292): mysqli->query('INSERT INTO `surat_masuk` (`id_surat_masuk`, `kode_surat`, `no_surat`, `tgl_masuk`, `tgl_surat`, `pengirim`, `kepada`, `perihal`, `file`, `status`, `disposisi`, `operator`) VALUES (\'SRMS-20221031155530\', \'F789643287\', \'Huifdyt8a756df8sa\', \'2022-10-31\', \'2022-10-24\', \'sumanto\', \'sumanto\', \'haha\', \'yui_1.jpeg\', \'penting\', \'diss\', NULL)', 0)
 2 SYSTEMPATH\Database\BaseConnection.php(693): CodeIgniter\Database\MySQLi\Connection->execute('INSERT INTO `surat_masuk` (`id_surat_masuk`, `kode_surat`, `no_surat`, `tgl_masuk`, `tgl_surat`, `pengirim`, `kepada`, `perihal`, `file`, `status`, `disposisi`, `operator`) VALUES (\'SRMS-20221031155530\', \'F789643287\', \'Huifdyt8a756df8sa\', \'2022-10-31\', \'2022-10-24\', \'sumanto\', \'sumanto\', \'haha\', \'yui_1.jpeg\', \'penting\', \'diss\', NULL)')
 3 SYSTEMPATH\Database\BaseConnection.php(620): CodeIgniter\Database\BaseConnection->simpleQuery('INSERT INTO `surat_masuk` (`id_surat_masuk`, `kode_surat`, `no_surat`, `tgl_masuk`, `tgl_surat`, `pengirim`, `kepada`, `perihal`, `file`, `status`, `disposisi`, `operator`) VALUES (\'SRMS-20221031155530\', \'F789643287\', \'Huifdyt8a756df8sa\', \'2022-10-31\', \'2022-10-24\', \'sumanto\', \'sumanto\', \'haha\', \'yui_1.jpeg\', \'penting\', \'diss\', NULL)')
 4 SYSTEMPATH\Database\BaseBuilder.php(1916): CodeIgniter\Database\BaseConnection->query('INSERT INTO `surat_masuk` (`id_surat_masuk`, `kode_surat`, `no_surat`, `tgl_masuk`, `tgl_surat`, `pengirim`, `kepada`, `perihal`, `file`, `status`, `disposisi`, `operator`) VALUES (:id_surat_masuk:, :kode_surat:, :no_surat:, :tgl_masuk:, :tgl_surat:, :pengirim:, :kepada:, :perihal:, :file:, :status:, :disposisi:, :operator:)', [...], false)
 5 APPPATH\Models\MSekertaris.php(37): CodeIgniter\Database\BaseBuilder->insert([...])
 6 APPPATH\Controllers\CSekertaris.php(123): App\Models\MSekertaris->proses_tambah_surat_masuk([...])
 7 SYSTEMPATH\CodeIgniter.php(904): App\Controllers\CSekertaris->tambah_surat_masuk()
 8 SYSTEMPATH\CodeIgniter.php(457): CodeIgniter\CodeIgniter->runController(Object(App\Controllers\CSekertaris))
 9 SYSTEMPATH\CodeIgniter.php(340): CodeIgniter\CodeIgniter->handleRequest(null, Object(Config\Cache), false)
10 FCPATH\index.php(67): CodeIgniter\CodeIgniter->run()
CRITICAL - 2022-10-31 04:07:37 --> Undefined variable: file
in APPPATH\Views\dashboard\pages\admin\v_surat_masuk.php on line 52.
 1 APPPATH\Views\dashboard\pages\admin\v_surat_masuk.php(52): CodeIgniter\Debug\Exceptions->errorHandler(8, 'Undefined variable: file', 'APPPATH\\Views\\dashboard\\pages\\admin\\v_surat_masuk.php', 52, [...])
 2 SYSTEMPATH\View\View.php(213): include('APPPATH\\Views\\dashboard\\pages\\admin\\v_surat_masuk.php')
 3 SYSTEMPATH\View\View.php(216): CodeIgniter\View\View->CodeIgniter\View\{closure}()
 4 SYSTEMPATH\Common.php(1137): CodeIgniter\View\View->render('dashboard/pages/admin/v_surat_masuk', [], true)
 5 APPPATH\Controllers\CUtama.php(125): view('dashboard/pages/admin/v_surat_masuk', [...])
 6 SYSTEMPATH\CodeIgniter.php(904): App\Controllers\CUtama->link_surat_masuk()
 7 SYSTEMPATH\CodeIgniter.php(457): CodeIgniter\CodeIgniter->runController(Object(App\Controllers\CUtama))
 8 SYSTEMPATH\CodeIgniter.php(340): CodeIgniter\CodeIgniter->handleRequest(null, Object(Config\Cache), false)
 9 FCPATH\index.php(67): CodeIgniter\CodeIgniter->run()
CRITICAL - 2022-10-31 04:38:14 --> Undefined variable: judul_bar
in APPPATH\Views\dashboard\layout\admin\template.php on line 7.
 1 APPPATH\Views\dashboard\layout\admin\template.php(7): CodeIgniter\Debug\Exceptions->errorHandler(8, 'Undefined variable: judul_bar', 'APPPATH\\Views\\dashboard\\layout\\admin\\template.php', 7, [...])
 2 SYSTEMPATH\View\View.php(213): include('APPPATH\\Views\\dashboard\\layout\\admin\\template.php')
 3 SYSTEMPATH\View\View.php(216): CodeIgniter\View\View->CodeIgniter\View\{closure}()
 4 SYSTEMPATH\View\View.php(229): CodeIgniter\View\View->render('dashboard/layout/admin/template', [], true)
 5 SYSTEMPATH\Common.php(1137): CodeIgniter\View\View->render('dashboard/pages/admin/v_lihat_file_pdf', [], true)
 6 APPPATH\Controllers\CUtama.php(195): view('dashboard/pages/admin/v_lihat_file_pdf', [...])
 7 SYSTEMPATH\CodeIgniter.php(904): App\Controllers\CUtama->link_lihat_file('Data Mahasiswa Valid.pdf')
 8 SYSTEMPATH\CodeIgniter.php(457): CodeIgniter\CodeIgniter->runController(Object(App\Controllers\CUtama))
 9 SYSTEMPATH\CodeIgniter.php(340): CodeIgniter\CodeIgniter->handleRequest(null, Object(Config\Cache), false)
10 FCPATH\index.php(67): CodeIgniter\CodeIgniter->run()
CRITICAL - 2022-10-31 04:48:13 --> Invalid file: http://localhost/SIKADES4/public/Suratmasuk/$namafile.php
in SYSTEMPATH\Exceptions\FrameworkException.php on line 33.
 1 SYSTEMPATH\View\View.php(201): CodeIgniter\Exceptions\FrameworkException::forInvalidFile('http://localhost/SIKADES4/public/Suratmasuk/$namafile.php')
 2 SYSTEMPATH\Common.php(1137): CodeIgniter\View\View->render('http://localhost/SIKADES4/public/Suratmasuk/$namafile', [], true)
 3 APPPATH\Controllers\CUtama.php(200): view('http://localhost/SIKADES4/public/Suratmasuk/$namafile')
 4 SYSTEMPATH\CodeIgniter.php(904): App\Controllers\CUtama->link_lihat_file('Pertemuan 1_Apa Itu Metaverse.pdf')
 5 SYSTEMPATH\CodeIgniter.php(457): CodeIgniter\CodeIgniter->runController(Object(App\Controllers\CUtama))
 6 SYSTEMPATH\CodeIgniter.php(340): CodeIgniter\CodeIgniter->handleRequest(null, Object(Config\Cache), false)
 7 FCPATH\index.php(67): CodeIgniter\CodeIgniter->run()
CRITICAL - 2022-10-31 04:48:38 --> Invalid file: http://localhost/SIKADES4/public/Suratmasuk/Pertemuan%201_Apa%20Itu%20Metaverse.pdf
in SYSTEMPATH\Exceptions\FrameworkException.php on line 33.
 1 SYSTEMPATH\View\View.php(201): CodeIgniter\Exceptions\FrameworkException::forInvalidFile('http://localhost/SIKADES4/public/Suratmasuk/Pertemuan%201_Apa%20Itu%20Metaverse.pdf')
 2 SYSTEMPATH\Common.php(1137): CodeIgniter\View\View->render('http://localhost/SIKADES4/public/Suratmasuk/Pertemuan%201_Apa%20Itu%20Metaverse.pdf', [], true)
 3 APPPATH\Controllers\CUtama.php(200): view('http://localhost/SIKADES4/public/Suratmasuk/Pertemuan%201_Apa%20Itu%20Metaverse.pdf')
 4 SYSTEMPATH\CodeIgniter.php(904): App\Controllers\CUtama->link_lihat_file('Pertemuan 1_Apa Itu Metaverse.pdf')
 5 SYSTEMPATH\CodeIgniter.php(457): CodeIgniter\CodeIgniter->runController(Object(App\Controllers\CUtama))
 6 SYSTEMPATH\CodeIgniter.php(340): CodeIgniter\CodeIgniter->handleRequest(null, Object(Config\Cache), false)
 7 FCPATH\index.php(67): CodeIgniter\CodeIgniter->run()
CRITICAL - 2022-10-31 04:48:44 --> Invalid file: http://localhost/SIKADES4/public/Suratmasuk/Pertemuan%201_Apa%20Itu%20Metaverse.pdf
in SYSTEMPATH\Exceptions\FrameworkException.php on line 33.
 1 SYSTEMPATH\View\View.php(201): CodeIgniter\Exceptions\FrameworkException::forInvalidFile('http://localhost/SIKADES4/public/Suratmasuk/Pertemuan%201_Apa%20Itu%20Metaverse.pdf')
 2 SYSTEMPATH\Common.php(1137): CodeIgniter\View\View->render('http://localhost/SIKADES4/public/Suratmasuk/Pertemuan%201_Apa%20Itu%20Metaverse.pdf', [], true)
 3 APPPATH\Controllers\CUtama.php(200): view('http://localhost/SIKADES4/public/Suratmasuk/Pertemuan%201_Apa%20Itu%20Metaverse.pdf')
 4 SYSTEMPATH\CodeIgniter.php(904): App\Controllers\CUtama->link_lihat_file('Pertemuan 1_Apa Itu Metaverse.pdf')
 5 SYSTEMPATH\CodeIgniter.php(457): CodeIgniter\CodeIgniter->runController(Object(App\Controllers\CUtama))
 6 SYSTEMPATH\CodeIgniter.php(340): CodeIgniter\CodeIgniter->handleRequest(null, Object(Config\Cache), false)
 7 FCPATH\index.php(67): CodeIgniter\CodeIgniter->run()
CRITICAL - 2022-10-31 05:59:58 --> File not found: Suratmasuk/Pertemuan 1_Apa Itu Metaverse.pdf
in SYSTEMPATH\Files\File.php on line 46.
 1 SYSTEMPATH\Files\File.php(46): CodeIgniter\Files\Exceptions\FileNotFoundException::forFileNotFound('Suratmasuk/Pertemuan 1_Apa Itu Metaverse.pdf')
 2 SYSTEMPATH\HTTP\DownloadResponse.php(97): CodeIgniter\Files\File->__construct('Suratmasuk/Pertemuan 1_Apa Itu Metaverse.pdf', true)
 3 SYSTEMPATH\HTTP\ResponseTrait.php(781): CodeIgniter\HTTP\DownloadResponse->setFilePath('Suratmasuk/Pertemuan 1_Apa Itu Metaverse.pdf')
 4 APPPATH\Controllers\CUtama.php(207): CodeIgniter\HTTP\Response->download('Pertemuan 1_Apa Itu Metaverse.pdf', null)
 5 SYSTEMPATH\CodeIgniter.php(904): App\Controllers\CUtama->download_file_surat_masuk('Pertemuan 1_Apa Itu Metaverse.pdf')
 6 SYSTEMPATH\CodeIgniter.php(457): CodeIgniter\CodeIgniter->runController(Object(App\Controllers\CUtama))
 7 SYSTEMPATH\CodeIgniter.php(340): CodeIgniter\CodeIgniter->handleRequest(null, Object(Config\Cache), false)
 8 FCPATH\index.php(67): CodeIgniter\CodeIgniter->run()
CRITICAL - 2022-10-31 06:00:09 --> File not found: Suratmasuk/Pertemuan 1_Apa Itu Metaverse.pdf
in SYSTEMPATH\Files\File.php on line 46.
 1 SYSTEMPATH\Files\File.php(46): CodeIgniter\Files\Exceptions\FileNotFoundException::forFileNotFound('Suratmasuk/Pertemuan 1_Apa Itu Metaverse.pdf')
 2 SYSTEMPATH\HTTP\DownloadResponse.php(97): CodeIgniter\Files\File->__construct('Suratmasuk/Pertemuan 1_Apa Itu Metaverse.pdf', true)
 3 SYSTEMPATH\HTTP\ResponseTrait.php(781): CodeIgniter\HTTP\DownloadResponse->setFilePath('Suratmasuk/Pertemuan 1_Apa Itu Metaverse.pdf')
 4 APPPATH\Controllers\CUtama.php(207): CodeIgniter\HTTP\Response->download('Pertemuan 1_Apa Itu Metaverse.pdf', null)
 5 SYSTEMPATH\CodeIgniter.php(904): App\Controllers\CUtama->download_file_surat_masuk('Pertemuan 1_Apa Itu Metaverse.pdf')
 6 SYSTEMPATH\CodeIgniter.php(457): CodeIgniter\CodeIgniter->runController(Object(App\Controllers\CUtama))
 7 SYSTEMPATH\CodeIgniter.php(340): CodeIgniter\CodeIgniter->handleRequest(null, Object(Config\Cache), false)
 8 FCPATH\index.php(67): CodeIgniter\CodeIgniter->run()
CRITICAL - 2022-10-31 06:00:23 --> File not found: /Suratmasuk/Pertemuan 1_Apa Itu Metaverse.pdf
in SYSTEMPATH\Files\File.php on line 46.
 1 SYSTEMPATH\Files\File.php(46): CodeIgniter\Files\Exceptions\FileNotFoundException::forFileNotFound('/Suratmasuk/Pertemuan 1_Apa Itu Metaverse.pdf')
 2 SYSTEMPATH\HTTP\DownloadResponse.php(97): CodeIgniter\Files\File->__construct('/Suratmasuk/Pertemuan 1_Apa Itu Metaverse.pdf', true)
 3 SYSTEMPATH\HTTP\ResponseTrait.php(781): CodeIgniter\HTTP\DownloadResponse->setFilePath('/Suratmasuk/Pertemuan 1_Apa Itu Metaverse.pdf')
 4 APPPATH\Controllers\CUtama.php(207): CodeIgniter\HTTP\Response->download('Pertemuan 1_Apa Itu Metaverse.pdf', null)
 5 SYSTEMPATH\CodeIgniter.php(904): App\Controllers\CUtama->download_file_surat_masuk('Pertemuan 1_Apa Itu Metaverse.pdf')
 6 SYSTEMPATH\CodeIgniter.php(457): CodeIgniter\CodeIgniter->runController(Object(App\Controllers\CUtama))
 7 SYSTEMPATH\CodeIgniter.php(340): CodeIgniter\CodeIgniter->handleRequest(null, Object(Config\Cache), false)
 8 FCPATH\index.php(67): CodeIgniter\CodeIgniter->run()
CRITICAL - 2022-10-31 06:01:34 --> File not found: http://localhost/SIKADES4/public/Suratmasuk/Pertemuan 1_Apa Itu Metaverse.pdf
in SYSTEMPATH\Files\File.php on line 46.
 1 SYSTEMPATH\Files\File.php(46): CodeIgniter\Files\Exceptions\FileNotFoundException::forFileNotFound('http://localhost/SIKADES4/public/Suratmasuk/Pertemuan 1_Apa Itu Metaverse.pdf')
 2 SYSTEMPATH\HTTP\DownloadResponse.php(97): CodeIgniter\Files\File->__construct('http://localhost/SIKADES4/public/Suratmasuk/Pertemuan 1_Apa Itu Metaverse.pdf', true)
 3 SYSTEMPATH\HTTP\ResponseTrait.php(781): CodeIgniter\HTTP\DownloadResponse->setFilePath('http://localhost/SIKADES4/public/Suratmasuk/Pertemuan 1_Apa Itu Metaverse.pdf')
 4 APPPATH\Controllers\CUtama.php(207): CodeIgniter\HTTP\Response->download('Pertemuan 1_Apa Itu Metaverse.pdf', null)
 5 SYSTEMPATH\CodeIgniter.php(904): App\Controllers\CUtama->download_file_surat_masuk('Pertemuan 1_Apa Itu Metaverse.pdf')
 6 SYSTEMPATH\CodeIgniter.php(457): CodeIgniter\CodeIgniter->runController(Object(App\Controllers\CUtama))
 7 SYSTEMPATH\CodeIgniter.php(340): CodeIgniter\CodeIgniter->handleRequest(null, Object(Config\Cache), false)
 8 FCPATH\index.php(67): CodeIgniter\CodeIgniter->run()
CRITICAL - 2022-10-31 06:04:10 --> File not found: /Suratmasuk/Pertemuan 1_Apa Itu Metaverse.pdf
in SYSTEMPATH\Files\File.php on line 46.
 1 SYSTEMPATH\Files\File.php(46): CodeIgniter\Files\Exceptions\FileNotFoundException::forFileNotFound('/Suratmasuk/Pertemuan 1_Apa Itu Metaverse.pdf')
 2 SYSTEMPATH\HTTP\DownloadResponse.php(97): CodeIgniter\Files\File->__construct('/Suratmasuk/Pertemuan 1_Apa Itu Metaverse.pdf', true)
 3 SYSTEMPATH\HTTP\ResponseTrait.php(781): CodeIgniter\HTTP\DownloadResponse->setFilePath('/Suratmasuk/Pertemuan 1_Apa Itu Metaverse.pdf')
 4 APPPATH\Controllers\CUtama.php(207): CodeIgniter\HTTP\Response->download('Pertemuan 1_Apa Itu Metaverse.pdf', null)
 5 SYSTEMPATH\CodeIgniter.php(904): App\Controllers\CUtama->download_file_surat_masuk('Pertemuan 1_Apa Itu Metaverse.pdf')
 6 SYSTEMPATH\CodeIgniter.php(457): CodeIgniter\CodeIgniter->runController(Object(App\Controllers\CUtama))
 7 SYSTEMPATH\CodeIgniter.php(340): CodeIgniter\CodeIgniter->handleRequest(null, Object(Config\Cache), false)
 8 FCPATH\index.php(67): CodeIgniter\CodeIgniter->run()
CRITICAL - 2022-10-31 06:04:22 --> File not found: ../Suratmasuk/Pertemuan 1_Apa Itu Metaverse.pdf
in SYSTEMPATH\Files\File.php on line 46.
 1 SYSTEMPATH\Files\File.php(46): CodeIgniter\Files\Exceptions\FileNotFoundException::forFileNotFound('../Suratmasuk/Pertemuan 1_Apa Itu Metaverse.pdf')
 2 SYSTEMPATH\HTTP\DownloadResponse.php(97): CodeIgniter\Files\File->__construct('../Suratmasuk/Pertemuan 1_Apa Itu Metaverse.pdf', true)
 3 SYSTEMPATH\HTTP\ResponseTrait.php(781): CodeIgniter\HTTP\DownloadResponse->setFilePath('../Suratmasuk/Pertemuan 1_Apa Itu Metaverse.pdf')
 4 APPPATH\Controllers\CUtama.php(207): CodeIgniter\HTTP\Response->download('Pertemuan 1_Apa Itu Metaverse.pdf', null)
 5 SYSTEMPATH\CodeIgniter.php(904): App\Controllers\CUtama->download_file_surat_masuk('Pertemuan 1_Apa Itu Metaverse.pdf')
 6 SYSTEMPATH\CodeIgniter.php(457): CodeIgniter\CodeIgniter->runController(Object(App\Controllers\CUtama))
 7 SYSTEMPATH\CodeIgniter.php(340): CodeIgniter\CodeIgniter->handleRequest(null, Object(Config\Cache), false)
 8 FCPATH\index.php(67): CodeIgniter\CodeIgniter->run()
CRITICAL - 2022-10-31 07:17:40 --> File not found: Suratmasuk/Pertemuan 1_Apa Itu Metaverse.pdf
in SYSTEMPATH\Files\File.php on line 46.
 1 SYSTEMPATH\Files\File.php(46): CodeIgniter\Files\Exceptions\FileNotFoundException::forFileNotFound('Suratmasuk/Pertemuan 1_Apa Itu Metaverse.pdf')
 2 SYSTEMPATH\HTTP\DownloadResponse.php(97): CodeIgniter\Files\File->__construct('Suratmasuk/Pertemuan 1_Apa Itu Metaverse.pdf', true)
 3 SYSTEMPATH\HTTP\ResponseTrait.php(781): CodeIgniter\HTTP\DownloadResponse->setFilePath('Suratmasuk/Pertemuan 1_Apa Itu Metaverse.pdf')
 4 APPPATH\Controllers\CSekertaris.php(363): CodeIgniter\HTTP\Response->download('Pertemuan 1_Apa Itu Metaverse.pdf', null)
 5 SYSTEMPATH\CodeIgniter.php(904): App\Controllers\CSekertaris->download_file_surat_masuk('Pertemuan 1_Apa Itu Metaverse.pdf')
 6 SYSTEMPATH\CodeIgniter.php(457): CodeIgniter\CodeIgniter->runController(Object(App\Controllers\CSekertaris))
 7 SYSTEMPATH\CodeIgniter.php(340): CodeIgniter\CodeIgniter->handleRequest(null, Object(Config\Cache), false)
 8 FCPATH\index.php(67): CodeIgniter\CodeIgniter->run()
CRITICAL - 2022-10-31 07:17:49 --> File not found: Suratmasuk/Pertemuan 1_Apa Itu Metaverse.pdf
in SYSTEMPATH\Files\File.php on line 46.
 1 SYSTEMPATH\Files\File.php(46): CodeIgniter\Files\Exceptions\FileNotFoundException::forFileNotFound('Suratmasuk/Pertemuan 1_Apa Itu Metaverse.pdf')
 2 SYSTEMPATH\HTTP\DownloadResponse.php(97): CodeIgniter\Files\File->__construct('Suratmasuk/Pertemuan 1_Apa Itu Metaverse.pdf', true)
 3 SYSTEMPATH\HTTP\ResponseTrait.php(781): CodeIgniter\HTTP\DownloadResponse->setFilePath('Suratmasuk/Pertemuan 1_Apa Itu Metaverse.pdf')
 4 APPPATH\Controllers\CSekertaris.php(363): CodeIgniter\HTTP\Response->download('Pertemuan 1_Apa Itu Metaverse.pdf', null)
 5 SYSTEMPATH\CodeIgniter.php(904): App\Controllers\CSekertaris->download_file_surat_masuk('Pertemuan 1_Apa Itu Metaverse.pdf')
 6 SYSTEMPATH\CodeIgniter.php(457): CodeIgniter\CodeIgniter->runController(Object(App\Controllers\CSekertaris))
 7 SYSTEMPATH\CodeIgniter.php(340): CodeIgniter\CodeIgniter->handleRequest(null, Object(Config\Cache), false)
 8 FCPATH\index.php(67): CodeIgniter\CodeIgniter->run()
CRITICAL - 2022-10-31 07:19:14 --> File not found: Suratmasuk/Pertemuan 1_Apa Itu Metaverse.pdf
in SYSTEMPATH\Files\File.php on line 46.
 1 SYSTEMPATH\Files\File.php(46): CodeIgniter\Files\Exceptions\FileNotFoundException::forFileNotFound('Suratmasuk/Pertemuan 1_Apa Itu Metaverse.pdf')
 2 SYSTEMPATH\HTTP\DownloadResponse.php(97): CodeIgniter\Files\File->__construct('Suratmasuk/Pertemuan 1_Apa Itu Metaverse.pdf', true)
 3 SYSTEMPATH\HTTP\ResponseTrait.php(781): CodeIgniter\HTTP\DownloadResponse->setFilePath('Suratmasuk/Pertemuan 1_Apa Itu Metaverse.pdf')
 4 APPPATH\Controllers\CSekertaris.php(363): CodeIgniter\HTTP\Response->download('Pertemuan 1_Apa Itu Metaverse.pdf', null)
 5 SYSTEMPATH\CodeIgniter.php(904): App\Controllers\CSekertaris->download_file_surat_masuk('Pertemuan 1_Apa Itu Metaverse.pdf')
 6 SYSTEMPATH\CodeIgniter.php(457): CodeIgniter\CodeIgniter->runController(Object(App\Controllers\CSekertaris))
 7 SYSTEMPATH\CodeIgniter.php(340): CodeIgniter\CodeIgniter->handleRequest(null, Object(Config\Cache), false)
 8 FCPATH\index.php(67): CodeIgniter\CodeIgniter->run()
CRITICAL - 2022-10-31 22:57:42 --> File not found: Suratmasuk/Pertemuan 1_Apa Itu Metaverse.pdf
in SYSTEMPATH\Files\File.php on line 46.
 1 SYSTEMPATH\Files\File.php(46): CodeIgniter\Files\Exceptions\FileNotFoundException::forFileNotFound('Suratmasuk/Pertemuan 1_Apa Itu Metaverse.pdf')
 2 SYSTEMPATH\HTTP\DownloadResponse.php(97): CodeIgniter\Files\File->__construct('Suratmasuk/Pertemuan 1_Apa Itu Metaverse.pdf', true)
 3 SYSTEMPATH\HTTP\ResponseTrait.php(781): CodeIgniter\HTTP\DownloadResponse->setFilePath('Suratmasuk/Pertemuan 1_Apa Itu Metaverse.pdf')
 4 APPPATH\Controllers\CSekertaris.php(363): CodeIgniter\HTTP\Response->download('Pertemuan 1_Apa Itu Metaverse.pdf', null)
 5 SYSTEMPATH\CodeIgniter.php(904): App\Controllers\CSekertaris->download_file_surat_masuk('Pertemuan 1_Apa Itu Metaverse.pdf')
 6 SYSTEMPATH\CodeIgniter.php(457): CodeIgniter\CodeIgniter->runController(Object(App\Controllers\CSekertaris))
 7 SYSTEMPATH\CodeIgniter.php(340): CodeIgniter\CodeIgniter->handleRequest(null, Object(Config\Cache), false)
 8 FCPATH\index.php(67): CodeIgniter\CodeIgniter->run()
