ERROR - 2023-04-29 18:44:58 --> mysqli_sql_exception: Duplicate entry 'MSY-202343064238' for key 'PRIMARY' in C:\xampp\htdocs\SIKADES4\system\Database\MySQLi\Connection.php:292
Stack trace:
#0 C:\xampp\htdocs\SIKADES4\system\Database\MySQLi\Connection.php(292): mysqli->query('INSERT INTO `ma...', 0)
#1 C:\xampp\htdocs\SIKADES4\system\Database\BaseConnection.php(693): CodeIgniter\Database\MySQLi\Connection->execute('INSERT INTO `ma...')
#2 C:\xampp\htdocs\SIKADES4\system\Database\BaseConnection.php(620): CodeIgniter\Database\BaseConnection->simpleQuery('INSERT INTO `ma...')
#3 C:\xampp\htdocs\SIKADES4\system\Database\BaseBuilder.php(1916): CodeIgniter\Database\BaseConnection->query('INSERT INTO `ma...', Array, false)
#4 C:\xampp\htdocs\SIKADES4\app\Models\MSekertaris.php(27): CodeIgniter\Database\BaseBuilder->insert(Array)
#5 C:\xampp\htdocs\SIKADES4\app\Controllers\CSekertaris.php(193): App\Models\MSekertaris->proses_tambah_data_pengguna(Array)
#6 C:\xampp\htdocs\SIKADES4\system\CodeIgniter.php(904): App\Controllers\CSekertaris->tambah_data_pengajuan_saya()
#7 C:\xampp\htdocs\SIKADES4\system\CodeIgniter.php(457): CodeIgniter\CodeIgniter->runController(Object(App\Controllers\CSekertaris))
#8 C:\xampp\htdocs\SIKADES4\system\CodeIgniter.php(340): CodeIgniter\CodeIgniter->handleRequest(NULL, Object(Config\Cache), false)
#9 C:\xampp\htdocs\SIKADES4\index.php(67): CodeIgniter\CodeIgniter->run()
#10 {main}
CRITICAL - 2023-04-29 18:44:58 --> Duplicate entry 'MSY-202343064238' for key 'PRIMARY'
in SYSTEMPATH\Database\MySQLi\Connection.php on line 292.
 1 SYSTEMPATH\Database\MySQLi\Connection.php(292): mysqli->query('INSERT INTO `masyarakat` (`id_masyarakat`, `nama_masyarakat`, `NIK`, `jenis_kelamin`, `tempat_lahir`, `tgl_lahir`, `agama`, `alamat`) VALUES (\'MSY-202343064238\', \'Riska safina\', \'1344789\', \'Perempuan\', \'Garut\', \'1998-03-05\', \'Islam\', \'sukawening\')', 0)
 2 SYSTEMPATH\Database\BaseConnection.php(693): CodeIgniter\Database\MySQLi\Connection->execute('INSERT INTO `masyarakat` (`id_masyarakat`, `nama_masyarakat`, `NIK`, `jenis_kelamin`, `tempat_lahir`, `tgl_lahir`, `agama`, `alamat`) VALUES (\'MSY-202343064238\', \'Riska safina\', \'1344789\', \'Perempuan\', \'Garut\', \'1998-03-05\', \'Islam\', \'sukawening\')')
 3 SYSTEMPATH\Database\BaseConnection.php(620): CodeIgniter\Database\BaseConnection->simpleQuery('INSERT INTO `masyarakat` (`id_masyarakat`, `nama_masyarakat`, `NIK`, `jenis_kelamin`, `tempat_lahir`, `tgl_lahir`, `agama`, `alamat`) VALUES (\'MSY-202343064238\', \'Riska safina\', \'1344789\', \'Perempuan\', \'Garut\', \'1998-03-05\', \'Islam\', \'sukawening\')')
 4 SYSTEMPATH\Database\BaseBuilder.php(1916): CodeIgniter\Database\BaseConnection->query('INSERT INTO `masyarakat` (`id_masyarakat`, `nama_masyarakat`, `NIK`, `jenis_kelamin`, `tempat_lahir`, `tgl_lahir`, `agama`, `alamat`) VALUES (:id_masyarakat:, :nama_masyarakat:, :NIK:, :jenis_kelamin:, :tempat_lahir:, :tgl_lahir:, :agama:, :alamat:)', [...], false)
 5 APPPATH\Models\MSekertaris.php(27): CodeIgniter\Database\BaseBuilder->insert([...])
 6 APPPATH\Controllers\CSekertaris.php(193): App\Models\MSekertaris->proses_tambah_data_pengguna([...])
 7 SYSTEMPATH\CodeIgniter.php(904): App\Controllers\CSekertaris->tambah_data_pengajuan_saya()
 8 SYSTEMPATH\CodeIgniter.php(457): CodeIgniter\CodeIgniter->runController(Object(App\Controllers\CSekertaris))
 9 SYSTEMPATH\CodeIgniter.php(340): CodeIgniter\CodeIgniter->handleRequest(null, Object(Config\Cache), false)
10 FCPATH\index.php(67): CodeIgniter\CodeIgniter->run()
