ERROR - 2023-07-21 00:12:26 --> mysqli_sql_exception: You have an error in your SQL syntax; check the manual that corresponds to your MySQL server version for the right syntax to use near '= 'B%'' at line 6 in C:\laragon\www\SIKADES4\system\Database\MySQLi\Connection.php:292
Stack trace:
#0 C:\laragon\www\SIKADES4\system\Database\MySQLi\Connection.php(292): mysqli->query('SELECT *\nFROM `...', 0)
#1 C:\laragon\www\SIKADES4\system\Database\BaseConnection.php(693): CodeIgniter\Database\MySQLi\Connection->execute('SELECT *\nFROM `...')
#2 C:\laragon\www\SIKADES4\system\Database\BaseConnection.php(620): CodeIgniter\Database\BaseConnection->simpleQuery('SELECT *\nFROM `...')
#3 C:\laragon\www\SIKADES4\system\Database\BaseBuilder.php(1585): CodeIgniter\Database\BaseConnection->query('SELECT *\nFROM `...', Array, false)
#4 C:\laragon\www\SIKADES4\app\Models\MSekertaris.php(366): CodeIgniter\Database\BaseBuilder->get()
#5 C:\laragon\www\SIKADES4\app\Controllers\CUtama.php(326): App\Models\MSekertaris->tampilkan_data_pengajuan_surat('B')
#6 C:\laragon\www\SIKADES4\system\CodeIgniter.php(904): App\Controllers\CUtama->link_pengajuan_surat_sekertaris()
#7 C:\laragon\www\SIKADES4\system\CodeIgniter.php(457): CodeIgniter\CodeIgniter->runController(Object(App\Controllers\CUtama))
#8 C:\laragon\www\SIKADES4\system\CodeIgniter.php(340): CodeIgniter\CodeIgniter->handleRequest(NULL, Object(Config\Cache), false)
#9 C:\laragon\www\SIKADES4\index.php(67): CodeIgniter\CodeIgniter->run()
#10 {main}
CRITICAL - 2023-07-21 00:12:26 --> You have an error in your SQL syntax; check the manual that corresponds to your MySQL server version for the right syntax to use near '= 'B%'' at line 6
in SYSTEMPATH\Database\MySQLi\Connection.php on line 292.
 1 SYSTEMPATH\Database\MySQLi\Connection.php(292): mysqli->query('SELECT *
FROM `pengajuan_surat`
JOIN `masyarakat` ON `masyarakat`.`NIK` = `pengajuan_surat`.`NIK`
JOIN `surat` ON `surat`.`id_surat` = `pengajuan_surat`.`id_surat`
WHERE `tipe_pengajuan` = \'mandiri\'
AND `surat`.`nama_surat` LIKE = \'B%\'', 0)
 2 SYSTEMPATH\Database\BaseConnection.php(693): CodeIgniter\Database\MySQLi\Connection->execute('SELECT *
FROM `pengajuan_surat`
JOIN `masyarakat` ON `masyarakat`.`NIK` = `pengajuan_surat`.`NIK`
JOIN `surat` ON `surat`.`id_surat` = `pengajuan_surat`.`id_surat`
WHERE `tipe_pengajuan` = \'mandiri\'
AND `surat`.`nama_surat` LIKE = \'B%\'')
 3 SYSTEMPATH\Database\BaseConnection.php(620): CodeIgniter\Database\BaseConnection->simpleQuery('SELECT *
FROM `pengajuan_surat`
JOIN `masyarakat` ON `masyarakat`.`NIK` = `pengajuan_surat`.`NIK`
JOIN `surat` ON `surat`.`id_surat` = `pengajuan_surat`.`id_surat`
WHERE `tipe_pengajuan` = \'mandiri\'
AND `surat`.`nama_surat` LIKE = \'B%\'')
 4 SYSTEMPATH\Database\BaseBuilder.php(1585): CodeIgniter\Database\BaseConnection->query('SELECT *
FROM `pengajuan_surat`
JOIN `masyarakat` ON `masyarakat`.`NIK` = `pengajuan_surat`.`NIK`
JOIN `surat` ON `surat`.`id_surat` = `pengajuan_surat`.`id_surat`
WHERE `tipe_pengajuan` = :tipe_pengajuan:
AND `surat`.`nama_surat` LIKE = :surat.nama_surat LIKE:', [...], false)
 5 APPPATH\Models\MSekertaris.php(366): CodeIgniter\Database\BaseBuilder->get()
 6 APPPATH\Controllers\CUtama.php(326): App\Models\MSekertaris->tampilkan_data_pengajuan_surat('B')
 7 SYSTEMPATH\CodeIgniter.php(904): App\Controllers\CUtama->link_pengajuan_surat_sekertaris()
 8 SYSTEMPATH\CodeIgniter.php(457): CodeIgniter\CodeIgniter->runController(Object(App\Controllers\CUtama))
 9 SYSTEMPATH\CodeIgniter.php(340): CodeIgniter\CodeIgniter->handleRequest(null, Object(Config\Cache), false)
10 FCPATH\index.php(67): CodeIgniter\CodeIgniter->run()
ERROR - 2023-07-21 00:14:14 --> mysqli_sql_exception: You have an error in your SQL syntax; check the manual that corresponds to your MySQL server version for the right syntax to use near '= 'B%'' at line 6 in C:\laragon\www\SIKADES4\system\Database\MySQLi\Connection.php:292
Stack trace:
#0 C:\laragon\www\SIKADES4\system\Database\MySQLi\Connection.php(292): mysqli->query('SELECT *\nFROM `...', 0)
#1 C:\laragon\www\SIKADES4\system\Database\BaseConnection.php(693): CodeIgniter\Database\MySQLi\Connection->execute('SELECT *\nFROM `...')
#2 C:\laragon\www\SIKADES4\system\Database\BaseConnection.php(620): CodeIgniter\Database\BaseConnection->simpleQuery('SELECT *\nFROM `...')
#3 C:\laragon\www\SIKADES4\system\Database\BaseBuilder.php(1585): CodeIgniter\Database\BaseConnection->query('SELECT *\nFROM `...', Array, false)
#4 C:\laragon\www\SIKADES4\app\Models\MSekertaris.php(366): CodeIgniter\Database\BaseBuilder->get()
#5 C:\laragon\www\SIKADES4\app\Controllers\CUtama.php(327): App\Models\MSekertaris->tampilkan_data_pengajuan_surat('B')
#6 C:\laragon\www\SIKADES4\system\CodeIgniter.php(904): App\Controllers\CUtama->link_pengajuan_surat_sekertaris()
#7 C:\laragon\www\SIKADES4\system\CodeIgniter.php(457): CodeIgniter\CodeIgniter->runController(Object(App\Controllers\CUtama))
#8 C:\laragon\www\SIKADES4\system\CodeIgniter.php(340): CodeIgniter\CodeIgniter->handleRequest(NULL, Object(Config\Cache), false)
#9 C:\laragon\www\SIKADES4\index.php(67): CodeIgniter\CodeIgniter->run()
#10 {main}
CRITICAL - 2023-07-21 00:14:14 --> You have an error in your SQL syntax; check the manual that corresponds to your MySQL server version for the right syntax to use near '= 'B%'' at line 6
in SYSTEMPATH\Database\MySQLi\Connection.php on line 292.
 1 SYSTEMPATH\Database\MySQLi\Connection.php(292): mysqli->query('SELECT *
FROM `pengajuan_surat`
JOIN `masyarakat` ON `masyarakat`.`NIK` = `pengajuan_surat`.`NIK`
JOIN `surat` ON `surat`.`id_surat` = `pengajuan_surat`.`id_surat`
WHERE `tipe_pengajuan` = \'mandiri\'
AND `surat`.`nama_surat` LIKE = \'B%\'', 0)
 2 SYSTEMPATH\Database\BaseConnection.php(693): CodeIgniter\Database\MySQLi\Connection->execute('SELECT *
FROM `pengajuan_surat`
JOIN `masyarakat` ON `masyarakat`.`NIK` = `pengajuan_surat`.`NIK`
JOIN `surat` ON `surat`.`id_surat` = `pengajuan_surat`.`id_surat`
WHERE `tipe_pengajuan` = \'mandiri\'
AND `surat`.`nama_surat` LIKE = \'B%\'')
 3 SYSTEMPATH\Database\BaseConnection.php(620): CodeIgniter\Database\BaseConnection->simpleQuery('SELECT *
FROM `pengajuan_surat`
JOIN `masyarakat` ON `masyarakat`.`NIK` = `pengajuan_surat`.`NIK`
JOIN `surat` ON `surat`.`id_surat` = `pengajuan_surat`.`id_surat`
WHERE `tipe_pengajuan` = \'mandiri\'
AND `surat`.`nama_surat` LIKE = \'B%\'')
 4 SYSTEMPATH\Database\BaseBuilder.php(1585): CodeIgniter\Database\BaseConnection->query('SELECT *
FROM `pengajuan_surat`
JOIN `masyarakat` ON `masyarakat`.`NIK` = `pengajuan_surat`.`NIK`
JOIN `surat` ON `surat`.`id_surat` = `pengajuan_surat`.`id_surat`
WHERE `tipe_pengajuan` = :tipe_pengajuan:
AND `surat`.`nama_surat` LIKE = :surat.nama_surat LIKE:', [...], false)
 5 APPPATH\Models\MSekertaris.php(366): CodeIgniter\Database\BaseBuilder->get()
 6 APPPATH\Controllers\CUtama.php(327): App\Models\MSekertaris->tampilkan_data_pengajuan_surat('B')
 7 SYSTEMPATH\CodeIgniter.php(904): App\Controllers\CUtama->link_pengajuan_surat_sekertaris()
 8 SYSTEMPATH\CodeIgniter.php(457): CodeIgniter\CodeIgniter->runController(Object(App\Controllers\CUtama))
 9 SYSTEMPATH\CodeIgniter.php(340): CodeIgniter\CodeIgniter->handleRequest(null, Object(Config\Cache), false)
10 FCPATH\index.php(67): CodeIgniter\CodeIgniter->run()
ERROR - 2023-07-21 00:15:52 --> mysqli_sql_exception: You have an error in your SQL syntax; check the manual that corresponds to your MySQL server version for the right syntax to use near '= 'B%'' at line 6 in C:\laragon\www\SIKADES4\system\Database\MySQLi\Connection.php:292
Stack trace:
#0 C:\laragon\www\SIKADES4\system\Database\MySQLi\Connection.php(292): mysqli->query('SELECT *\nFROM `...', 0)
#1 C:\laragon\www\SIKADES4\system\Database\BaseConnection.php(693): CodeIgniter\Database\MySQLi\Connection->execute('SELECT *\nFROM `...')
#2 C:\laragon\www\SIKADES4\system\Database\BaseConnection.php(620): CodeIgniter\Database\BaseConnection->simpleQuery('SELECT *\nFROM `...')
#3 C:\laragon\www\SIKADES4\system\Database\BaseBuilder.php(1585): CodeIgniter\Database\BaseConnection->query('SELECT *\nFROM `...', Array, false)
#4 C:\laragon\www\SIKADES4\app\Models\MSekertaris.php(367): CodeIgniter\Database\BaseBuilder->get()
#5 C:\laragon\www\SIKADES4\app\Controllers\CUtama.php(327): App\Models\MSekertaris->tampilkan_data_pengajuan_surat('B')
#6 C:\laragon\www\SIKADES4\system\CodeIgniter.php(904): App\Controllers\CUtama->link_pengajuan_surat_sekertaris()
#7 C:\laragon\www\SIKADES4\system\CodeIgniter.php(457): CodeIgniter\CodeIgniter->runController(Object(App\Controllers\CUtama))
#8 C:\laragon\www\SIKADES4\system\CodeIgniter.php(340): CodeIgniter\CodeIgniter->handleRequest(NULL, Object(Config\Cache), false)
#9 C:\laragon\www\SIKADES4\index.php(67): CodeIgniter\CodeIgniter->run()
#10 {main}
CRITICAL - 2023-07-21 00:15:52 --> You have an error in your SQL syntax; check the manual that corresponds to your MySQL server version for the right syntax to use near '= 'B%'' at line 6
in SYSTEMPATH\Database\MySQLi\Connection.php on line 292.
 1 SYSTEMPATH\Database\MySQLi\Connection.php(292): mysqli->query('SELECT *
FROM `pengajuan_surat`
JOIN `masyarakat` ON `masyarakat`.`NIK` = `pengajuan_surat`.`NIK`
JOIN `surat` ON `surat`.`id_surat` = `pengajuan_surat`.`id_surat`
WHERE `tipe_pengajuan` = \'mandiri\'
AND `nama_surat` LIKE = \'B%\'', 0)
 2 SYSTEMPATH\Database\BaseConnection.php(693): CodeIgniter\Database\MySQLi\Connection->execute('SELECT *
FROM `pengajuan_surat`
JOIN `masyarakat` ON `masyarakat`.`NIK` = `pengajuan_surat`.`NIK`
JOIN `surat` ON `surat`.`id_surat` = `pengajuan_surat`.`id_surat`
WHERE `tipe_pengajuan` = \'mandiri\'
AND `nama_surat` LIKE = \'B%\'')
 3 SYSTEMPATH\Database\BaseConnection.php(620): CodeIgniter\Database\BaseConnection->simpleQuery('SELECT *
FROM `pengajuan_surat`
JOIN `masyarakat` ON `masyarakat`.`NIK` = `pengajuan_surat`.`NIK`
JOIN `surat` ON `surat`.`id_surat` = `pengajuan_surat`.`id_surat`
WHERE `tipe_pengajuan` = \'mandiri\'
AND `nama_surat` LIKE = \'B%\'')
 4 SYSTEMPATH\Database\BaseBuilder.php(1585): CodeIgniter\Database\BaseConnection->query('SELECT *
FROM `pengajuan_surat`
JOIN `masyarakat` ON `masyarakat`.`NIK` = `pengajuan_surat`.`NIK`
JOIN `surat` ON `surat`.`id_surat` = `pengajuan_surat`.`id_surat`
WHERE `tipe_pengajuan` = :tipe_pengajuan:
AND `nama_surat` LIKE = :nama_surat LIKE:', [...], false)
 5 APPPATH\Models\MSekertaris.php(367): CodeIgniter\Database\BaseBuilder->get()
 6 APPPATH\Controllers\CUtama.php(327): App\Models\MSekertaris->tampilkan_data_pengajuan_surat('B')
 7 SYSTEMPATH\CodeIgniter.php(904): App\Controllers\CUtama->link_pengajuan_surat_sekertaris()
 8 SYSTEMPATH\CodeIgniter.php(457): CodeIgniter\CodeIgniter->runController(Object(App\Controllers\CUtama))
 9 SYSTEMPATH\CodeIgniter.php(340): CodeIgniter\CodeIgniter->handleRequest(null, Object(Config\Cache), false)
10 FCPATH\index.php(67): CodeIgniter\CodeIgniter->run()
CRITICAL - 2023-07-21 02:18:22 --> Undefined array key 1
in APPPATH\Controllers\CUtama.php on line 345.
 1 APPPATH\Controllers\CUtama.php(345): CodeIgniter\Debug\Exceptions->errorHandler(2, 'Undefined array key 1', 'APPPATH\\Controllers\\CUtama.php', 345)
 2 SYSTEMPATH\CodeIgniter.php(904): App\Controllers\CUtama->get_nama_pengajuan_surat()
 3 SYSTEMPATH\CodeIgniter.php(457): CodeIgniter\CodeIgniter->runController(Object(App\Controllers\CUtama))
 4 SYSTEMPATH\CodeIgniter.php(340): CodeIgniter\CodeIgniter->handleRequest(null, Object(Config\Cache), false)
 5 FCPATH\index.php(67): CodeIgniter\CodeIgniter->run()
CRITICAL - 2023-07-21 02:18:50 --> Undefined array key 1
in APPPATH\Controllers\CUtama.php on line 345.
 1 APPPATH\Controllers\CUtama.php(345): CodeIgniter\Debug\Exceptions->errorHandler(2, 'Undefined array key 1', 'APPPATH\\Controllers\\CUtama.php', 345)
 2 SYSTEMPATH\CodeIgniter.php(904): App\Controllers\CUtama->get_nama_pengajuan_surat()
 3 SYSTEMPATH\CodeIgniter.php(457): CodeIgniter\CodeIgniter->runController(Object(App\Controllers\CUtama))
 4 SYSTEMPATH\CodeIgniter.php(340): CodeIgniter\CodeIgniter->handleRequest(null, Object(Config\Cache), false)
 5 FCPATH\index.php(67): CodeIgniter\CodeIgniter->run()
CRITICAL - 2023-07-21 02:24:26 --> explode(): Argument #1 ($separator) cannot be empty
in APPPATH\Controllers\CUtama.php on line 344.
 1 APPPATH\Controllers\CUtama.php(344): explode('C:\\laragon\\www\\SIKADES4', 'lurah')
 2 SYSTEMPATH\CodeIgniter.php(904): App\Controllers\CUtama->get_nama_pengajuan_surat()
 3 SYSTEMPATH\CodeIgniter.php(457): CodeIgniter\CodeIgniter->runController(Object(App\Controllers\CUtama))
 4 SYSTEMPATH\CodeIgniter.php(340): CodeIgniter\CodeIgniter->handleRequest(null, Object(Config\Cache), false)
 5 FCPATH\index.php(67): CodeIgniter\CodeIgniter->run()
CRITICAL - 2023-07-21 02:24:56 --> explode(): Argument #1 ($separator) cannot be empty
in APPPATH\Controllers\CUtama.php on line 344.
 1 APPPATH\Controllers\CUtama.php(344): explode('C:\\laragon\\www\\SIKADES4', 'lurah')
 2 SYSTEMPATH\CodeIgniter.php(904): App\Controllers\CUtama->get_nama_pengajuan_surat()
 3 SYSTEMPATH\CodeIgniter.php(457): CodeIgniter\CodeIgniter->runController(Object(App\Controllers\CUtama))
 4 SYSTEMPATH\CodeIgniter.php(340): CodeIgniter\CodeIgniter->handleRequest(null, Object(Config\Cache), false)
 5 FCPATH\index.php(67): CodeIgniter\CodeIgniter->run()
CRITICAL - 2023-07-21 02:25:36 --> explode(): Argument #1 ($separator) cannot be empty
in APPPATH\Controllers\CUtama.php on line 344.
 1 APPPATH\Controllers\CUtama.php(344): explode('C:\\laragon\\www\\SIKADES4', 'lurah')
 2 SYSTEMPATH\CodeIgniter.php(904): App\Controllers\CUtama->get_nama_pengajuan_surat()
 3 SYSTEMPATH\CodeIgniter.php(457): CodeIgniter\CodeIgniter->runController(Object(App\Controllers\CUtama))
 4 SYSTEMPATH\CodeIgniter.php(340): CodeIgniter\CodeIgniter->handleRequest(null, Object(Config\Cache), false)
 5 FCPATH\index.php(67): CodeIgniter\CodeIgniter->run()
CRITICAL - 2023-07-21 02:26:38 --> Undefined variable $data
in APPPATH\Controllers\CUtama.php on line 349.
 1 APPPATH\Controllers\CUtama.php(349): CodeIgniter\Debug\Exceptions->errorHandler(2, 'Undefined variable $data', 'APPPATH\\Controllers\\CUtama.php', 349)
 2 SYSTEMPATH\CodeIgniter.php(904): App\Controllers\CUtama->get_nama_pengajuan_surat()
 3 SYSTEMPATH\CodeIgniter.php(457): CodeIgniter\CodeIgniter->runController(Object(App\Controllers\CUtama))
 4 SYSTEMPATH\CodeIgniter.php(340): CodeIgniter\CodeIgniter->handleRequest(null, Object(Config\Cache), false)
 5 FCPATH\index.php(67): CodeIgniter\CodeIgniter->run()
CRITICAL - 2023-07-21 02:26:58 --> Undefined array key 1
in APPPATH\Controllers\CUtama.php on line 345.
 1 APPPATH\Controllers\CUtama.php(345): CodeIgniter\Debug\Exceptions->errorHandler(2, 'Undefined array key 1', 'APPPATH\\Controllers\\CUtama.php', 345)
 2 SYSTEMPATH\CodeIgniter.php(904): App\Controllers\CUtama->get_nama_pengajuan_surat()
 3 SYSTEMPATH\CodeIgniter.php(457): CodeIgniter\CodeIgniter->runController(Object(App\Controllers\CUtama))
 4 SYSTEMPATH\CodeIgniter.php(340): CodeIgniter\CodeIgniter->handleRequest(null, Object(Config\Cache), false)
 5 FCPATH\index.php(67): CodeIgniter\CodeIgniter->run()
CRITICAL - 2023-07-21 02:28:26 --> Undefined array key 1
in APPPATH\Controllers\CUtama.php on line 345.
 1 APPPATH\Controllers\CUtama.php(345): CodeIgniter\Debug\Exceptions->errorHandler(2, 'Undefined array key 1', 'APPPATH\\Controllers\\CUtama.php', 345)
 2 SYSTEMPATH\CodeIgniter.php(904): App\Controllers\CUtama->get_nama_pengajuan_surat()
 3 SYSTEMPATH\CodeIgniter.php(457): CodeIgniter\CodeIgniter->runController(Object(App\Controllers\CUtama))
 4 SYSTEMPATH\CodeIgniter.php(340): CodeIgniter\CodeIgniter->handleRequest(null, Object(Config\Cache), false)
 5 FCPATH\index.php(67): CodeIgniter\CodeIgniter->run()
CRITICAL - 2023-07-21 02:35:20 --> Too few arguments to function CodeIgniter\HTTP\Response::setJSON(), 0 passed in C:\laragon\www\SIKADES4\app\Controllers\CUtama.php on line 350 and at least 1 expected
in SYSTEMPATH\HTTP\ResponseTrait.php on line 244.
 1 APPPATH\Controllers\CUtama.php(350): CodeIgniter\HTTP\Response->setJSON()
 2 SYSTEMPATH\CodeIgniter.php(904): App\Controllers\CUtama->get_nama_pengajuan_surat()
 3 SYSTEMPATH\CodeIgniter.php(457): CodeIgniter\CodeIgniter->runController(Object(App\Controllers\CUtama))
 4 SYSTEMPATH\CodeIgniter.php(340): CodeIgniter\CodeIgniter->handleRequest(null, Object(Config\Cache), false)
 5 FCPATH\index.php(67): CodeIgniter\CodeIgniter->run()
