CRITICAL - 2022-10-28 01:23:15 --> Undefined index: nik
in APPPATH\Views\dashboard\pages\admin\v_kelola_data_pengguna.php on line 42.
 1 APPPATH\Views\dashboard\pages\admin\v_kelola_data_pengguna.php(42): CodeIgniter\Debug\Exceptions->errorHandler(8, 'Undefined index: nik', 'APPPATH\\Views\\dashboard\\pages\\admin\\v_kelola_data_pengguna.php', 42, [...])
 2 SYSTEMPATH\View\View.php(213): include('APPPATH\\Views\\dashboard\\pages\\admin\\v_kelola_data_pengguna.php')
 3 SYSTEMPATH\View\View.php(216): CodeIgniter\View\View->CodeIgniter\View\{closure}()
 4 SYSTEMPATH\Common.php(1137): CodeIgniter\View\View->render('dashboard/pages/admin/v_kelola_data_pengguna', [], true)
 5 APPPATH\Controllers\CUtama.php(109): view('dashboard/pages/admin/v_kelola_data_pengguna', [...])
 6 SYSTEMPATH\CodeIgniter.php(904): App\Controllers\CUtama->link_kelola_data_pengguna()
 7 SYSTEMPATH\CodeIgniter.php(457): CodeIgniter\CodeIgniter->runController(Object(App\Controllers\CUtama))
 8 SYSTEMPATH\CodeIgniter.php(340): CodeIgniter\CodeIgniter->handleRequest(null, Object(Config\Cache), false)
 9 FCPATH\index.php(67): CodeIgniter\CodeIgniter->run()
CRITICAL - 2022-10-28 01:52:20 --> Undefined index: id_surat
in APPPATH\Views\dashboard\pages\admin\v_kelola_data_pengguna.php on line 51.
 1 APPPATH\Views\dashboard\pages\admin\v_kelola_data_pengguna.php(51): CodeIgniter\Debug\Exceptions->errorHandler(8, 'Undefined index: id_surat', 'APPPATH\\Views\\dashboard\\pages\\admin\\v_kelola_data_pengguna.php', 51, [...])
 2 SYSTEMPATH\View\View.php(213): include('APPPATH\\Views\\dashboard\\pages\\admin\\v_kelola_data_pengguna.php')
 3 SYSTEMPATH\View\View.php(216): CodeIgniter\View\View->CodeIgniter\View\{closure}()
 4 SYSTEMPATH\Common.php(1137): CodeIgniter\View\View->render('dashboard/pages/admin/v_kelola_data_pengguna', [], true)
 5 APPPATH\Controllers\CUtama.php(109): view('dashboard/pages/admin/v_kelola_data_pengguna', [...])
 6 SYSTEMPATH\CodeIgniter.php(904): App\Controllers\CUtama->link_kelola_data_pengguna()
 7 SYSTEMPATH\CodeIgniter.php(457): CodeIgniter\CodeIgniter->runController(Object(App\Controllers\CUtama))
 8 SYSTEMPATH\CodeIgniter.php(340): CodeIgniter\CodeIgniter->handleRequest(null, Object(Config\Cache), false)
 9 FCPATH\index.php(67): CodeIgniter\CodeIgniter->run()
CRITICAL - 2022-10-28 02:35:22 --> Undefined variable: idpenggunan
in APPPATH\Views\dashboard\pages\admin\v_kelola_data_pengguna.php on line 85.
 1 APPPATH\Views\dashboard\pages\admin\v_kelola_data_pengguna.php(85): CodeIgniter\Debug\Exceptions->errorHandler(8, 'Undefined variable: idpenggunan', 'APPPATH\\Views\\dashboard\\pages\\admin\\v_kelola_data_pengguna.php', 85, [...])
 2 SYSTEMPATH\View\View.php(213): include('APPPATH\\Views\\dashboard\\pages\\admin\\v_kelola_data_pengguna.php')
 3 SYSTEMPATH\View\View.php(216): CodeIgniter\View\View->CodeIgniter\View\{closure}()
 4 SYSTEMPATH\Common.php(1137): CodeIgniter\View\View->render('dashboard/pages/admin/v_kelola_data_pengguna', [], true)
 5 APPPATH\Controllers\CUtama.php(109): view('dashboard/pages/admin/v_kelola_data_pengguna', [...])
 6 SYSTEMPATH\CodeIgniter.php(904): App\Controllers\CUtama->link_kelola_data_pengguna()
 7 SYSTEMPATH\CodeIgniter.php(457): CodeIgniter\CodeIgniter->runController(Object(App\Controllers\CUtama))
 8 SYSTEMPATH\CodeIgniter.php(340): CodeIgniter\CodeIgniter->handleRequest(null, Object(Config\Cache), false)
 9 FCPATH\index.php(67): CodeIgniter\CodeIgniter->run()
ERROR - 2022-10-28 05:04:11 --> mysqli_sql_exception: Unknown column 'id_masyarakat' in 'field list' in C:\xampp\htdocs\SIKADES4\system\Database\MySQLi\Connection.php:292
Stack trace:
#0 C:\xampp\htdocs\SIKADES4\system\Database\MySQLi\Connection.php(292): mysqli->query('INSERT INTO `sy...', 0)
#1 C:\xampp\htdocs\SIKADES4\system\Database\BaseConnection.php(693): CodeIgniter\Database\MySQLi\Connection->execute('INSERT INTO `sy...')
#2 C:\xampp\htdocs\SIKADES4\system\Database\BaseConnection.php(620): CodeIgniter\Database\BaseConnection->simpleQuery('INSERT INTO `sy...')
#3 C:\xampp\htdocs\SIKADES4\system\Database\BaseBuilder.php(1916): CodeIgniter\Database\BaseConnection->query('INSERT INTO `sy...', Array, false)
#4 C:\xampp\htdocs\SIKADES4\app\Models\MSekertaris.php(22): CodeIgniter\Database\BaseBuilder->insert(Array)
#5 C:\xampp\htdocs\SIKADES4\app\Controllers\CSekertaris.php(85): App\Models\MSekertaris->proses_tambah_data_persyaratan(Array)
#6 C:\xampp\htdocs\SIKADES4\system\CodeIgniter.php(904): App\Controllers\CSekertaris->tambah_data_pengguna()
#7 C:\xampp\htdocs\SIKADES4\system\CodeIgniter.php(457): CodeIgniter\CodeIgniter->runController(Object(App\Controllers\CSekertaris))
#8 C:\xampp\htdocs\SIKADES4\system\CodeIgniter.php(340): CodeIgniter\CodeIgniter->handleRequest(NULL, Object(Config\Cache), false)
#9 C:\xampp\htdocs\SIKADES4\index.php(67): CodeIgniter\CodeIgniter->run()
#10 {main}
CRITICAL - 2022-10-28 05:04:11 --> Unknown column 'id_masyarakat' in 'field list'
in SYSTEMPATH\Database\MySQLi\Connection.php on line 292.
 1 SYSTEMPATH\Database\MySQLi\Connection.php(292): mysqli->query('INSERT INTO `syarat_surat` (`id_masyarakat`, `nama_masyarakat`, `NIK`, `jenis_kelamin`, `tempat_lahir`, `tanggal_lahir`, `agama`, `no_hp`, `username`, `password`, `alamat`) VALUES (\'MSY-2022102817327\', \'Ikhsan Alfath\', \'8923116493269\', \'Laki-laki\', \'bandung\', \'2022-10-05\', \'Kristen\', \'081221575127\', NULL, \'lia23\', \'zsvc\')', 0)
 2 SYSTEMPATH\Database\BaseConnection.php(693): CodeIgniter\Database\MySQLi\Connection->execute('INSERT INTO `syarat_surat` (`id_masyarakat`, `nama_masyarakat`, `NIK`, `jenis_kelamin`, `tempat_lahir`, `tanggal_lahir`, `agama`, `no_hp`, `username`, `password`, `alamat`) VALUES (\'MSY-2022102817327\', \'Ikhsan Alfath\', \'8923116493269\', \'Laki-laki\', \'bandung\', \'2022-10-05\', \'Kristen\', \'081221575127\', NULL, \'lia23\', \'zsvc\')')
 3 SYSTEMPATH\Database\BaseConnection.php(620): CodeIgniter\Database\BaseConnection->simpleQuery('INSERT INTO `syarat_surat` (`id_masyarakat`, `nama_masyarakat`, `NIK`, `jenis_kelamin`, `tempat_lahir`, `tanggal_lahir`, `agama`, `no_hp`, `username`, `password`, `alamat`) VALUES (\'MSY-2022102817327\', \'Ikhsan Alfath\', \'8923116493269\', \'Laki-laki\', \'bandung\', \'2022-10-05\', \'Kristen\', \'081221575127\', NULL, \'lia23\', \'zsvc\')')
 4 SYSTEMPATH\Database\BaseBuilder.php(1916): CodeIgniter\Database\BaseConnection->query('INSERT INTO `syarat_surat` (`id_masyarakat`, `nama_masyarakat`, `NIK`, `jenis_kelamin`, `tempat_lahir`, `tanggal_lahir`, `agama`, `no_hp`, `username`, `password`, `alamat`) VALUES (:id_masyarakat:, :nama_masyarakat:, :NIK:, :jenis_kelamin:, :tempat_lahir:, :tanggal_lahir:, :agama:, :no_hp:, :username:, :password:, :alamat:)', [...], false)
 5 APPPATH\Models\MSekertaris.php(22): CodeIgniter\Database\BaseBuilder->insert([...])
 6 APPPATH\Controllers\CSekertaris.php(85): App\Models\MSekertaris->proses_tambah_data_persyaratan([...])
 7 SYSTEMPATH\CodeIgniter.php(904): App\Controllers\CSekertaris->tambah_data_pengguna()
 8 SYSTEMPATH\CodeIgniter.php(457): CodeIgniter\CodeIgniter->runController(Object(App\Controllers\CSekertaris))
 9 SYSTEMPATH\CodeIgniter.php(340): CodeIgniter\CodeIgniter->handleRequest(null, Object(Config\Cache), false)
10 FCPATH\index.php(67): CodeIgniter\CodeIgniter->run()
ERROR - 2022-10-28 05:05:47 --> mysqli_sql_exception: Unknown column 'tanggal_lahir' in 'field list' in C:\xampp\htdocs\SIKADES4\system\Database\MySQLi\Connection.php:292
Stack trace:
#0 C:\xampp\htdocs\SIKADES4\system\Database\MySQLi\Connection.php(292): mysqli->query('INSERT INTO `ma...', 0)
#1 C:\xampp\htdocs\SIKADES4\system\Database\BaseConnection.php(693): CodeIgniter\Database\MySQLi\Connection->execute('INSERT INTO `ma...')
#2 C:\xampp\htdocs\SIKADES4\system\Database\BaseConnection.php(620): CodeIgniter\Database\BaseConnection->simpleQuery('INSERT INTO `ma...')
#3 C:\xampp\htdocs\SIKADES4\system\Database\BaseBuilder.php(1916): CodeIgniter\Database\BaseConnection->query('INSERT INTO `ma...', Array, false)
#4 C:\xampp\htdocs\SIKADES4\app\Models\MSekertaris.php(27): CodeIgniter\Database\BaseBuilder->insert(Array)
#5 C:\xampp\htdocs\SIKADES4\app\Controllers\CSekertaris.php(85): App\Models\MSekertaris->proses_tambah_data_pengguna(Array)
#6 C:\xampp\htdocs\SIKADES4\system\CodeIgniter.php(904): App\Controllers\CSekertaris->tambah_data_pengguna()
#7 C:\xampp\htdocs\SIKADES4\system\CodeIgniter.php(457): CodeIgniter\CodeIgniter->runController(Object(App\Controllers\CSekertaris))
#8 C:\xampp\htdocs\SIKADES4\system\CodeIgniter.php(340): CodeIgniter\CodeIgniter->handleRequest(NULL, Object(Config\Cache), false)
#9 C:\xampp\htdocs\SIKADES4\index.php(67): CodeIgniter\CodeIgniter->run()
#10 {main}
CRITICAL - 2022-10-28 05:05:47 --> Unknown column 'tanggal_lahir' in 'field list'
in SYSTEMPATH\Database\MySQLi\Connection.php on line 292.
 1 SYSTEMPATH\Database\MySQLi\Connection.php(292): mysqli->query('INSERT INTO `masyarakat` (`id_masyarakat`, `nama_masyarakat`, `NIK`, `jenis_kelamin`, `tempat_lahir`, `tanggal_lahir`, `agama`, `no_hp`, `username`, `password`, `alamat`) VALUES (\'MSY-2022102817327\', \'Ikhsan Alfath\', \'8923116493269\', \'Laki-laki\', \'bandung\', \'2022-10-05\', \'Kristen\', \'081221575127\', NULL, \'lia23\', \'zsvc\')', 0)
 2 SYSTEMPATH\Database\BaseConnection.php(693): CodeIgniter\Database\MySQLi\Connection->execute('INSERT INTO `masyarakat` (`id_masyarakat`, `nama_masyarakat`, `NIK`, `jenis_kelamin`, `tempat_lahir`, `tanggal_lahir`, `agama`, `no_hp`, `username`, `password`, `alamat`) VALUES (\'MSY-2022102817327\', \'Ikhsan Alfath\', \'8923116493269\', \'Laki-laki\', \'bandung\', \'2022-10-05\', \'Kristen\', \'081221575127\', NULL, \'lia23\', \'zsvc\')')
 3 SYSTEMPATH\Database\BaseConnection.php(620): CodeIgniter\Database\BaseConnection->simpleQuery('INSERT INTO `masyarakat` (`id_masyarakat`, `nama_masyarakat`, `NIK`, `jenis_kelamin`, `tempat_lahir`, `tanggal_lahir`, `agama`, `no_hp`, `username`, `password`, `alamat`) VALUES (\'MSY-2022102817327\', \'Ikhsan Alfath\', \'8923116493269\', \'Laki-laki\', \'bandung\', \'2022-10-05\', \'Kristen\', \'081221575127\', NULL, \'lia23\', \'zsvc\')')
 4 SYSTEMPATH\Database\BaseBuilder.php(1916): CodeIgniter\Database\BaseConnection->query('INSERT INTO `masyarakat` (`id_masyarakat`, `nama_masyarakat`, `NIK`, `jenis_kelamin`, `tempat_lahir`, `tanggal_lahir`, `agama`, `no_hp`, `username`, `password`, `alamat`) VALUES (:id_masyarakat:, :nama_masyarakat:, :NIK:, :jenis_kelamin:, :tempat_lahir:, :tanggal_lahir:, :agama:, :no_hp:, :username:, :password:, :alamat:)', [...], false)
 5 APPPATH\Models\MSekertaris.php(27): CodeIgniter\Database\BaseBuilder->insert([...])
 6 APPPATH\Controllers\CSekertaris.php(85): App\Models\MSekertaris->proses_tambah_data_pengguna([...])
 7 SYSTEMPATH\CodeIgniter.php(904): App\Controllers\CSekertaris->tambah_data_pengguna()
 8 SYSTEMPATH\CodeIgniter.php(457): CodeIgniter\CodeIgniter->runController(Object(App\Controllers\CSekertaris))
 9 SYSTEMPATH\CodeIgniter.php(340): CodeIgniter\CodeIgniter->handleRequest(null, Object(Config\Cache), false)
10 FCPATH\index.php(67): CodeIgniter\CodeIgniter->run()
ERROR - 2022-10-28 05:06:07 --> mysqli_sql_exception: Unknown column 'username' in 'field list' in C:\xampp\htdocs\SIKADES4\system\Database\MySQLi\Connection.php:292
Stack trace:
#0 C:\xampp\htdocs\SIKADES4\system\Database\MySQLi\Connection.php(292): mysqli->query('INSERT INTO `ma...', 0)
#1 C:\xampp\htdocs\SIKADES4\system\Database\BaseConnection.php(693): CodeIgniter\Database\MySQLi\Connection->execute('INSERT INTO `ma...')
#2 C:\xampp\htdocs\SIKADES4\system\Database\BaseConnection.php(620): CodeIgniter\Database\BaseConnection->simpleQuery('INSERT INTO `ma...')
#3 C:\xampp\htdocs\SIKADES4\system\Database\BaseBuilder.php(1916): CodeIgniter\Database\BaseConnection->query('INSERT INTO `ma...', Array, false)
#4 C:\xampp\htdocs\SIKADES4\app\Models\MSekertaris.php(27): CodeIgniter\Database\BaseBuilder->insert(Array)
#5 C:\xampp\htdocs\SIKADES4\app\Controllers\CSekertaris.php(85): App\Models\MSekertaris->proses_tambah_data_pengguna(Array)
#6 C:\xampp\htdocs\SIKADES4\system\CodeIgniter.php(904): App\Controllers\CSekertaris->tambah_data_pengguna()
#7 C:\xampp\htdocs\SIKADES4\system\CodeIgniter.php(457): CodeIgniter\CodeIgniter->runController(Object(App\Controllers\CSekertaris))
#8 C:\xampp\htdocs\SIKADES4\system\CodeIgniter.php(340): CodeIgniter\CodeIgniter->handleRequest(NULL, Object(Config\Cache), false)
#9 C:\xampp\htdocs\SIKADES4\index.php(67): CodeIgniter\CodeIgniter->run()
#10 {main}
CRITICAL - 2022-10-28 05:06:07 --> Unknown column 'username' in 'field list'
in SYSTEMPATH\Database\MySQLi\Connection.php on line 292.
 1 SYSTEMPATH\Database\MySQLi\Connection.php(292): mysqli->query('INSERT INTO `masyarakat` (`id_masyarakat`, `nama_masyarakat`, `NIK`, `jenis_kelamin`, `tempat_lahir`, `tgl_lahir`, `agama`, `no_hp`, `username`, `password`, `alamat`) VALUES (\'MSY-2022102817327\', \'Ikhsan Alfath\', \'8923116493269\', \'Laki-laki\', \'bandung\', \'2022-10-05\', \'Kristen\', \'081221575127\', NULL, \'lia23\', \'zsvc\')', 0)
 2 SYSTEMPATH\Database\BaseConnection.php(693): CodeIgniter\Database\MySQLi\Connection->execute('INSERT INTO `masyarakat` (`id_masyarakat`, `nama_masyarakat`, `NIK`, `jenis_kelamin`, `tempat_lahir`, `tgl_lahir`, `agama`, `no_hp`, `username`, `password`, `alamat`) VALUES (\'MSY-2022102817327\', \'Ikhsan Alfath\', \'8923116493269\', \'Laki-laki\', \'bandung\', \'2022-10-05\', \'Kristen\', \'081221575127\', NULL, \'lia23\', \'zsvc\')')
 3 SYSTEMPATH\Database\BaseConnection.php(620): CodeIgniter\Database\BaseConnection->simpleQuery('INSERT INTO `masyarakat` (`id_masyarakat`, `nama_masyarakat`, `NIK`, `jenis_kelamin`, `tempat_lahir`, `tgl_lahir`, `agama`, `no_hp`, `username`, `password`, `alamat`) VALUES (\'MSY-2022102817327\', \'Ikhsan Alfath\', \'8923116493269\', \'Laki-laki\', \'bandung\', \'2022-10-05\', \'Kristen\', \'081221575127\', NULL, \'lia23\', \'zsvc\')')
 4 SYSTEMPATH\Database\BaseBuilder.php(1916): CodeIgniter\Database\BaseConnection->query('INSERT INTO `masyarakat` (`id_masyarakat`, `nama_masyarakat`, `NIK`, `jenis_kelamin`, `tempat_lahir`, `tgl_lahir`, `agama`, `no_hp`, `username`, `password`, `alamat`) VALUES (:id_masyarakat:, :nama_masyarakat:, :NIK:, :jenis_kelamin:, :tempat_lahir:, :tgl_lahir:, :agama:, :no_hp:, :username:, :password:, :alamat:)', [...], false)
 5 APPPATH\Models\MSekertaris.php(27): CodeIgniter\Database\BaseBuilder->insert([...])
 6 APPPATH\Controllers\CSekertaris.php(85): App\Models\MSekertaris->proses_tambah_data_pengguna([...])
 7 SYSTEMPATH\CodeIgniter.php(904): App\Controllers\CSekertaris->tambah_data_pengguna()
 8 SYSTEMPATH\CodeIgniter.php(457): CodeIgniter\CodeIgniter->runController(Object(App\Controllers\CSekertaris))
 9 SYSTEMPATH\CodeIgniter.php(340): CodeIgniter\CodeIgniter->handleRequest(null, Object(Config\Cache), false)
10 FCPATH\index.php(67): CodeIgniter\CodeIgniter->run()
CRITICAL - 2022-10-28 06:11:10 --> Undefined index: status
in APPPATH\Controllers\CLogin.php on line 65.
 1 APPPATH\Controllers\CLogin.php(65): CodeIgniter\Debug\Exceptions->errorHandler(8, 'Undefined index: status', 'APPPATH\\Controllers\\CLogin.php', 65, [...])
 2 SYSTEMPATH\CodeIgniter.php(904): App\Controllers\CLogin->cek_login_control()
 3 SYSTEMPATH\CodeIgniter.php(457): CodeIgniter\CodeIgniter->runController(Object(App\Controllers\CLogin))
 4 SYSTEMPATH\CodeIgniter.php(340): CodeIgniter\CodeIgniter->handleRequest(null, Object(Config\Cache), false)
 5 FCPATH\index.php(67): CodeIgniter\CodeIgniter->run()
CRITICAL - 2022-10-28 09:34:51 --> syntax error, unexpected ']'
in APPPATH\Controllers\CSekertaris.php on line 115.
 1 SYSTEMPATH\Autoloader\Autoloader.php(259): CodeIgniter\Autoloader\Autoloader->includeFile('APPPATH\\Controllers\\CSekertaris.php')
 2 SYSTEMPATH\Autoloader\Autoloader.php(237): CodeIgniter\Autoloader\Autoloader->loadInNamespace('App\\Controllers\\CSekertaris')
 3 [internal function]: CodeIgniter\Autoloader\Autoloader->loadClass('App\\Controllers\\CSekertaris')
 4 [internal function]: spl_autoload_call('App\\Controllers\\CSekertaris')
 5 SYSTEMPATH\CodeIgniter.php(854): class_exists('\\App\\Controllers\\CSekertaris', true)
 6 SYSTEMPATH\CodeIgniter.php(444): CodeIgniter\CodeIgniter->startController()
 7 SYSTEMPATH\CodeIgniter.php(340): CodeIgniter\CodeIgniter->handleRequest(null, Object(Config\Cache), false)
 8 FCPATH\index.php(67): CodeIgniter\CodeIgniter->run()
CRITICAL - 2022-10-28 09:57:51 --> Undefined variable: datamasyarakat
in APPPATH\Views\dashboard\pages\admin\v_kelola_data_pengguna.php on line 39.
 1 APPPATH\Views\dashboard\pages\admin\v_kelola_data_pengguna.php(39): CodeIgniter\Debug\Exceptions->errorHandler(8, 'Undefined variable: datamasyarakat', 'APPPATH\\Views\\dashboard\\pages\\admin\\v_kelola_data_pengguna.php', 39, [...])
 2 SYSTEMPATH\View\View.php(213): include('APPPATH\\Views\\dashboard\\pages\\admin\\v_kelola_data_pengguna.php')
 3 SYSTEMPATH\View\View.php(216): CodeIgniter\View\View->CodeIgniter\View\{closure}()
 4 SYSTEMPATH\Common.php(1137): CodeIgniter\View\View->render('dashboard/pages/admin/v_kelola_data_pengguna', [], true)
 5 APPPATH\Controllers\CSekertaris.php(289): view('dashboard/pages/admin/v_kelola_data_pengguna', [...])
 6 SYSTEMPATH\CodeIgniter.php(904): App\Controllers\CSekertaris->cari_data_pengguna()
 7 SYSTEMPATH\CodeIgniter.php(457): CodeIgniter\CodeIgniter->runController(Object(App\Controllers\CSekertaris))
 8 SYSTEMPATH\CodeIgniter.php(340): CodeIgniter\CodeIgniter->handleRequest(null, Object(Config\Cache), false)
 9 FCPATH\index.php(67): CodeIgniter\CodeIgniter->run()
