ERROR - 2022-10-20 23:34:34 --> mysqli_sql_exception: Unknown column 'keterangan_surat' in 'field list' in C:\xampp\htdocs\SIKADES4\system\Database\MySQLi\Connection.php:292
Stack trace:
#0 C:\xampp\htdocs\SIKADES4\system\Database\MySQLi\Connection.php(292): mysqli->query('INSERT INTO `su...', 0)
#1 C:\xampp\htdocs\SIKADES4\system\Database\BaseConnection.php(693): CodeIgniter\Database\MySQLi\Connection->execute('INSERT INTO `su...')
#2 C:\xampp\htdocs\SIKADES4\system\Database\BaseConnection.php(620): CodeIgniter\Database\BaseConnection->simpleQuery('INSERT INTO `su...')
#3 C:\xampp\htdocs\SIKADES4\system\Database\BaseBuilder.php(1916): CodeIgniter\Database\BaseConnection->query('INSERT INTO `su...', Array, false)
#4 C:\xampp\htdocs\SIKADES4\app\Models\MSekertaris.php(12): CodeIgniter\Database\BaseBuilder->insert(Array)
#5 C:\xampp\htdocs\SIKADES4\app\Controllers\CSekertaris.php(28): App\Models\MSekertaris->proses_tambah_data_surat(Array)
#6 C:\xampp\htdocs\SIKADES4\system\CodeIgniter.php(904): App\Controllers\CSekertaris->tambah_data_surat()
#7 C:\xampp\htdocs\SIKADES4\system\CodeIgniter.php(457): CodeIgniter\CodeIgniter->runController(Object(App\Controllers\CSekertaris))
#8 C:\xampp\htdocs\SIKADES4\system\CodeIgniter.php(340): CodeIgniter\CodeIgniter->handleRequest(NULL, Object(Config\Cache), false)
#9 C:\xampp\htdocs\SIKADES4\index.php(67): CodeIgniter\CodeIgniter->run()
#10 {main}
CRITICAL - 2022-10-20 23:34:34 --> Unknown column 'keterangan_surat' in 'field list'
in SYSTEMPATH\Database\MySQLi\Connection.php on line 292.
 1 SYSTEMPATH\Database\MySQLi\Connection.php(292): mysqli->query('INSERT INTO `surat` (`id_surat`, `nama_surat`, `keterangan_surat`) VALUES (\'8372ugydasg\', \'haha\', \'surat\\r\\n\')', 0)
 2 SYSTEMPATH\Database\BaseConnection.php(693): CodeIgniter\Database\MySQLi\Connection->execute('INSERT INTO `surat` (`id_surat`, `nama_surat`, `keterangan_surat`) VALUES (\'8372ugydasg\', \'haha\', \'surat\\r\\n\')')
 3 SYSTEMPATH\Database\BaseConnection.php(620): CodeIgniter\Database\BaseConnection->simpleQuery('INSERT INTO `surat` (`id_surat`, `nama_surat`, `keterangan_surat`) VALUES (\'8372ugydasg\', \'haha\', \'surat\\r\\n\')')
 4 SYSTEMPATH\Database\BaseBuilder.php(1916): CodeIgniter\Database\BaseConnection->query('INSERT INTO `surat` (`id_surat`, `nama_surat`, `keterangan_surat`) VALUES (:id_surat:, :nama_surat:, :keterangan_surat:)', [...], false)
 5 APPPATH\Models\MSekertaris.php(12): CodeIgniter\Database\BaseBuilder->insert([...])
 6 APPPATH\Controllers\CSekertaris.php(28): App\Models\MSekertaris->proses_tambah_data_surat([...])
 7 SYSTEMPATH\CodeIgniter.php(904): App\Controllers\CSekertaris->tambah_data_surat()
 8 SYSTEMPATH\CodeIgniter.php(457): CodeIgniter\CodeIgniter->runController(Object(App\Controllers\CSekertaris))
 9 SYSTEMPATH\CodeIgniter.php(340): CodeIgniter\CodeIgniter->handleRequest(null, Object(Config\Cache), false)
10 FCPATH\index.php(67): CodeIgniter\CodeIgniter->run()
